38.0 APEX_CODE,FINEST;APEX_PROFILING,INFO;CALLOUT,INFO;DB,INFO;SYSTEM,DEBUG;VALIDATION,INFO;VISUALFORCE,INFO;WORKFLOW,INFO
Execute Anonymous: 
Execute Anonymous: animalLocator al = new animalLocator();
Execute Anonymous: 
Execute Anonymous: al.getAnimalNameById(1);
18:20:07.1 (1609118)|USER_INFO|[EXTERNAL]|0054100000121Vs|scottmc526@email.com|Pacific Standard Time|GMT-08:00
18:20:07.1 (1621173)|EXECUTION_STARTED
18:20:07.1 (1624863)|CODE_UNIT_STARTED|[EXTERNAL]|execute_anonymous_apex
18:20:07.1 (3093371)|VARIABLE_SCOPE_BEGIN|[2]|al|animalLocator|true|false
18:20:07.1 (3194574)|HEAP_ALLOCATE|[72]|Bytes:3
18:20:07.1 (3219061)|HEAP_ALLOCATE|[77]|Bytes:152
18:20:07.1 (3230952)|HEAP_ALLOCATE|[342]|Bytes:408
18:20:07.1 (3243533)|HEAP_ALLOCATE|[355]|Bytes:408
18:20:07.1 (3255960)|HEAP_ALLOCATE|[467]|Bytes:48
18:20:07.1 (3278711)|HEAP_ALLOCATE|[139]|Bytes:6
18:20:07.1 (3290642)|HEAP_ALLOCATE|[EXTERNAL]|Bytes:3
18:20:07.1 (3316052)|STATEMENT_EXECUTE|[1]
18:20:07.1 (3317991)|STATEMENT_EXECUTE|[2]
18:20:07.1 (3321008)|HEAP_ALLOCATE|[2]|Bytes:3
18:20:07.1 (3323599)|HEAP_ALLOCATE|[2]|Bytes:2
18:20:07.1 (3356276)|METHOD_ENTRY|[1]|01p4100000BOttv|animalLocator.animalLocator()
18:20:07.1 (3359379)|STATEMENT_EXECUTE|[1]
18:20:07.1 (3362643)|STATEMENT_EXECUTE|[1]
18:20:07.1 (3390380)|HEAP_ALLOCATE|[50]|Bytes:5
18:20:07.1 (3404403)|HEAP_ALLOCATE|[56]|Bytes:5
18:20:07.1 (3409922)|HEAP_ALLOCATE|[64]|Bytes:7
18:20:07.1 (3424565)|SYSTEM_MODE_ENTER|false
18:20:07.1 (3434188)|HEAP_ALLOCATE|[2]|Bytes:5
18:20:07.1 (3439253)|SYSTEM_MODE_EXIT|false
18:20:07.1 (3445006)|METHOD_EXIT|[1]|animalLocator
18:20:07.1 (3454955)|HEAP_ALLOCATE|[2]|Bytes:4
18:20:07.1 (3473164)|SYSTEM_MODE_ENTER|false
18:20:07.1 (3478987)|HEAP_ALLOCATE|[2]|Bytes:5
18:20:07.1 (3488041)|CONSTRUCTOR_ENTRY|[2]|01p4100000BOttv|<init>()
18:20:07.1 (3510033)|VARIABLE_SCOPE_BEGIN|[2]|this|animalLocator|true|false
18:20:07.1 (3544183)|VARIABLE_ASSIGNMENT|[2]|this|{}|0x155d580a
18:20:07.1 (3550200)|HEAP_ALLOCATE|[EXTERNAL]|Bytes:5
18:20:07.1 (3552990)|STATEMENT_EXECUTE|[1]
18:20:07.1 (3554955)|HEAP_ALLOCATE|[EXTERNAL]|Bytes:5
18:20:07.1 (3561697)|HEAP_ALLOCATE|[EXTERNAL]|Bytes:6
18:20:07.1 (3577044)|STATEMENT_EXECUTE|[2]
18:20:07.1 (3582377)|CONSTRUCTOR_EXIT|[2]|01p4100000BOttv|<init>()
18:20:07.1 (3585324)|SYSTEM_MODE_EXIT|false
18:20:07.1 (3598789)|VARIABLE_ASSIGNMENT|[2]|al|{}|0x155d580a
18:20:07.1 (3600641)|STATEMENT_EXECUTE|[4]
18:20:07.1 (3620931)|SYSTEM_MODE_ENTER|false
18:20:07.1 (3625962)|HEAP_ALLOCATE|[4]|Bytes:5
18:20:07.1 (3655366)|METHOD_ENTRY|[4]|01p4100000BOttv|animalLocator.getAnimalNameById(Integer)
18:20:07.1 (3667977)|VARIABLE_SCOPE_BEGIN|[4]|this|animalLocator|true|false
18:20:07.1 (3676739)|VARIABLE_ASSIGNMENT|[4]|this|{}|0x155d580a
18:20:07.1 (3679695)|VARIABLE_SCOPE_BEGIN|[4]|num|Integer|false|false
18:20:07.1 (3684758)|VARIABLE_ASSIGNMENT|[4]|num|1
18:20:07.1 (3691015)|HEAP_ALLOCATE|[5]|Bytes:5
18:20:07.1 (3693428)|STATEMENT_EXECUTE|[4]
18:20:07.1 (3694493)|STATEMENT_EXECUTE|[5]
18:20:07.1 (3696836)|VARIABLE_SCOPE_BEGIN|[5]|name|String|false|false
18:20:07.1 (3700934)|VARIABLE_ASSIGNMENT|[5]|name|null
18:20:07.1 (3702324)|STATEMENT_EXECUTE|[6]
18:20:07.1 (3717904)|VARIABLE_SCOPE_BEGIN|[6]|http|System.Http|true|false
18:20:07.1 (3852117)|VARIABLE_ASSIGNMENT|[6]|http|"System.Http[]"|0x5847f73d
18:20:07.1 (3855897)|STATEMENT_EXECUTE|[7]
18:20:07.1 (3867764)|VARIABLE_SCOPE_BEGIN|[7]|req|System.HttpRequest|true|false
18:20:07.1 (3928490)|VARIABLE_ASSIGNMENT|[7]|req|"System.HttpRequest[Endpoint=null, Method=null]"|0x5f0fa22d
18:20:07.1 (3931454)|STATEMENT_EXECUTE|[8]
18:20:07.1 (3934589)|HEAP_ALLOCATE|[8]|Bytes:51
18:20:07.1 (3996789)|HEAP_ALLOCATE|[8]|Bytes:1
18:20:07.1 (4010922)|HEAP_ALLOCATE|[8]|Bytes:52
18:20:07.1 (4039333)|STATEMENT_EXECUTE|[9]
18:20:07.1 (4041875)|HEAP_ALLOCATE|[9]|Bytes:3
18:20:07.1 (4060534)|STATEMENT_EXECUTE|[11]
18:20:07.1 (4090926)|CALLOUT_REQUEST|[11]|System.HttpRequest[Endpoint=https://th-apex-http-callout.herokuapp.com/animals/1, Method=GET]
18:20:07.1 (243429551)|HEAP_ALLOCATE|[EXTERNAL]|Bytes:288
18:20:07.1 (243505689)|CALLOUT_RESPONSE|[11]|System.HttpResponse[Status=OK, StatusCode=200]
18:20:07.1 (243523223)|HEAP_ALLOCATE|[11]|Bytes:85
18:20:07.1 (243551726)|VARIABLE_SCOPE_BEGIN|[11]|response|System.HttpResponse|true|false
18:20:07.1 (243656659)|VARIABLE_ASSIGNMENT|[11]|response|"System.HttpResponse[Status=OK, StatusCode=200]"|0x7e2b6dfe
18:20:07.1 (243718350)|STATEMENT_EXECUTE|[13]
18:20:07.1 (243720480)|STATEMENT_EXECUTE|[14]
18:20:07.1 (243750337)|HEAP_ALLOCATE|[14]|Bytes:79
18:20:07.1 (243828846)|HEAP_ALLOCATE|[14]|Bytes:24
18:20:07.1 (243842691)|SYSTEM_METHOD_ENTRY|[1]|JSON.JSON()
18:20:07.1 (243845092)|STATEMENT_EXECUTE|[1]
18:20:07.1 (243855978)|SYSTEM_METHOD_EXIT|[1]|JSON
18:20:07.1 (243872052)|METHOD_ENTRY|[14]||System.JSON.deserializeUntyped(String)
18:20:07.1 (244278908)|METHOD_EXIT|[14]||System.JSON.deserializeUntyped(String)
18:20:07.1 (244508088)|HEAP_ALLOCATE|[14]|Bytes:72
18:20:07.1 (244530414)|METHOD_EXIT|[4]|01p4100000BOttv|animalLocator.getAnimalNameById(Integer)
18:20:07.1 (244537006)|SYSTEM_MODE_EXIT|false
18:20:07.1 (244619765)|FATAL_ERROR|System.TypeException: Invalid conversion from runtime type Map<String,ANY> to List<String>

Class.animalLocator.getAnimalNameById: line 14, column 1
AnonymousBlock: line 4, column 1
AnonymousBlock: line 4, column 1
18:20:07.244 (244666493)|CUMULATIVE_LIMIT_USAGE
18:20:07.244 (244666493)|LIMIT_USAGE_FOR_NS|(default)|
  Number of SOQL queries: 0 out of 100
  Number of query rows: 0 out of 50000
  Number of SOSL queries: 0 out of 20
  Number of DML statements: 0 out of 150
  Number of DML rows: 0 out of 10000
  Maximum CPU time: 0 out of 10000
  Maximum heap size: 0 out of 6000000
  Number of callouts: 1 out of 100
  Number of Email Invocations: 0 out of 10
  Number of future calls: 0 out of 50
  Number of queueable jobs added to the queue: 0 out of 50
  Number of Mobile Apex push calls: 0 out of 10

18:20:07.244 (244666493)|CUMULATIVE_LIMIT_USAGE_END

18:20:07.1 (244706017)|CODE_UNIT_FINISHED|execute_anonymous_apex
18:20:07.1 (246782364)|EXECUTION_FINISHED
