38.0 APEX_CODE,FINEST;APEX_PROFILING,INFO;CALLOUT,INFO;DB,INFO;SYSTEM,DEBUG;VALIDATION,INFO;VISUALFORCE,INFO;WORKFLOW,INFO
Execute Anonymous: 
Execute Anonymous: animalLocator al = new animalLocator();
Execute Anonymous: 
Execute Anonymous: al.getAnimalNameById(1);
18:06:51.1 (1965270)|USER_INFO|[EXTERNAL]|0054100000121Vs|scottmc526@email.com|Pacific Standard Time|GMT-08:00
18:06:51.1 (1981450)|EXECUTION_STARTED
18:06:51.1 (1986368)|CODE_UNIT_STARTED|[EXTERNAL]|execute_anonymous_apex
18:06:51.1 (14549571)|VARIABLE_SCOPE_BEGIN|[2]|al|animalLocator|true|false
18:06:51.1 (14699481)|HEAP_ALLOCATE|[72]|Bytes:3
18:06:51.1 (14750259)|HEAP_ALLOCATE|[77]|Bytes:152
18:06:51.1 (14770081)|HEAP_ALLOCATE|[342]|Bytes:408
18:06:51.1 (14790008)|HEAP_ALLOCATE|[355]|Bytes:408
18:06:51.1 (14808358)|HEAP_ALLOCATE|[467]|Bytes:48
18:06:51.1 (14842553)|HEAP_ALLOCATE|[139]|Bytes:6
18:06:51.1 (14859914)|HEAP_ALLOCATE|[EXTERNAL]|Bytes:3
18:06:51.1 (14895574)|STATEMENT_EXECUTE|[1]
18:06:51.1 (14898629)|STATEMENT_EXECUTE|[2]
18:06:51.1 (14903291)|HEAP_ALLOCATE|[2]|Bytes:3
18:06:51.1 (14907422)|HEAP_ALLOCATE|[2]|Bytes:2
18:06:51.1 (14936058)|METHOD_ENTRY|[1]|01p4100000BOttv|animalLocator.animalLocator()
18:06:51.1 (14940014)|STATEMENT_EXECUTE|[1]
18:06:51.1 (14944481)|STATEMENT_EXECUTE|[1]
18:06:51.1 (14981967)|HEAP_ALLOCATE|[50]|Bytes:5
18:06:51.1 (15009979)|HEAP_ALLOCATE|[56]|Bytes:5
18:06:51.1 (15020186)|HEAP_ALLOCATE|[64]|Bytes:7
18:06:51.1 (15042164)|SYSTEM_MODE_ENTER|false
18:06:51.1 (15060783)|HEAP_ALLOCATE|[2]|Bytes:5
18:06:51.1 (15069239)|SYSTEM_MODE_EXIT|false
18:06:51.1 (15077574)|METHOD_EXIT|[1]|animalLocator
18:06:51.1 (15092407)|HEAP_ALLOCATE|[2]|Bytes:4
18:06:51.1 (15118421)|SYSTEM_MODE_ENTER|false
18:06:51.1 (15126295)|HEAP_ALLOCATE|[2]|Bytes:5
18:06:51.1 (15140155)|CONSTRUCTOR_ENTRY|[2]|01p4100000BOttv|<init>()
18:06:51.1 (15169417)|VARIABLE_SCOPE_BEGIN|[2]|this|animalLocator|true|false
18:06:51.1 (15219857)|VARIABLE_ASSIGNMENT|[2]|this|{}|0x66f6e685
18:06:51.1 (15229301)|HEAP_ALLOCATE|[EXTERNAL]|Bytes:5
18:06:51.1 (15232793)|STATEMENT_EXECUTE|[1]
18:06:51.1 (15235114)|HEAP_ALLOCATE|[EXTERNAL]|Bytes:5
18:06:51.1 (15243760)|HEAP_ALLOCATE|[EXTERNAL]|Bytes:6
18:06:51.1 (15265556)|STATEMENT_EXECUTE|[2]
18:06:51.1 (15272754)|CONSTRUCTOR_EXIT|[2]|01p4100000BOttv|<init>()
18:06:51.1 (15275980)|SYSTEM_MODE_EXIT|false
18:06:51.1 (15300949)|VARIABLE_ASSIGNMENT|[2]|al|{}|0x66f6e685
18:06:51.1 (15303911)|STATEMENT_EXECUTE|[4]
18:06:51.1 (15332747)|SYSTEM_MODE_ENTER|false
18:06:51.1 (15340066)|HEAP_ALLOCATE|[4]|Bytes:5
18:06:51.1 (15377558)|METHOD_ENTRY|[4]|01p4100000BOttv|animalLocator.getAnimalNameById(Integer)
18:06:51.1 (15394210)|VARIABLE_SCOPE_BEGIN|[4]|this|animalLocator|true|false
18:06:51.1 (15407901)|VARIABLE_ASSIGNMENT|[4]|this|{}|0x66f6e685
18:06:51.1 (15412512)|VARIABLE_SCOPE_BEGIN|[4]|num|Integer|false|false
18:06:51.1 (15418413)|VARIABLE_ASSIGNMENT|[4]|num|1
18:06:51.1 (15428632)|HEAP_ALLOCATE|[6]|Bytes:5
18:06:51.1 (15432039)|STATEMENT_EXECUTE|[4]
18:06:51.1 (15433180)|STATEMENT_EXECUTE|[6]
18:06:51.1 (15460859)|VARIABLE_SCOPE_BEGIN|[6]|http|System.Http|true|false
18:06:51.1 (15652765)|VARIABLE_ASSIGNMENT|[6]|http|"System.Http[]"|0x145ffb9f
18:06:51.1 (15657476)|STATEMENT_EXECUTE|[7]
18:06:51.1 (15673014)|VARIABLE_SCOPE_BEGIN|[7]|req|System.HttpRequest|true|false
18:06:51.1 (15734434)|VARIABLE_ASSIGNMENT|[7]|req|"System.HttpRequest[Endpoint=null, Method=null]"|0x56a4d6c0
18:06:51.1 (15738988)|STATEMENT_EXECUTE|[8]
18:06:51.1 (15742824)|HEAP_ALLOCATE|[8]|Bytes:51
18:06:51.1 (15822568)|HEAP_ALLOCATE|[8]|Bytes:1
18:06:51.1 (15846646)|HEAP_ALLOCATE|[8]|Bytes:52
18:06:51.1 (15891686)|STATEMENT_EXECUTE|[9]
18:06:51.1 (15895101)|HEAP_ALLOCATE|[9]|Bytes:3
18:06:51.1 (15922182)|STATEMENT_EXECUTE|[11]
18:06:51.1 (15975761)|CALLOUT_REQUEST|[11]|System.HttpRequest[Endpoint=https://th-apex-http-callout.herokuapp.com/animals/1, Method=GET]
18:06:51.1 (257883916)|HEAP_ALLOCATE|[EXTERNAL]|Bytes:288
18:06:51.1 (258002238)|CALLOUT_RESPONSE|[11]|System.HttpResponse[Status=OK, StatusCode=200]
18:06:51.1 (258039954)|HEAP_ALLOCATE|[11]|Bytes:85
18:06:51.1 (258086951)|VARIABLE_SCOPE_BEGIN|[11]|response|System.HttpResponse|true|false
18:06:51.1 (258309301)|VARIABLE_ASSIGNMENT|[11]|response|"System.HttpResponse[Status=OK, StatusCode=200]"|0x4e22923e
18:06:51.1 (258420262)|STATEMENT_EXECUTE|[13]
18:06:51.1 (258424349)|STATEMENT_EXECUTE|[14]
18:06:51.1 (258481654)|HEAP_ALLOCATE|[14]|Bytes:79
18:06:51.1 (258605452)|HEAP_ALLOCATE|[14]|Bytes:24
18:06:51.1 (258626404)|SYSTEM_METHOD_ENTRY|[1]|JSON.JSON()
18:06:51.1 (258628728)|STATEMENT_EXECUTE|[1]
18:06:51.1 (258643302)|SYSTEM_METHOD_EXIT|[1]|JSON
18:06:51.1 (258664914)|METHOD_ENTRY|[14]||System.JSON.deserializeUntyped(String)
18:06:51.1 (259228478)|METHOD_EXIT|[14]||System.JSON.deserializeUntyped(String)
18:06:51.1 (259240344)|VARIABLE_SCOPE_BEGIN|[14]|results|Map<String,ANY>|true|false
18:06:51.1 (259273127)|VARIABLE_ASSIGNMENT|[14]|results|{"s":1,"v":{"animal":{"s":2,"v":{"id":1,"name":"chicken","eats":"chicken food","says":"cluck cluck"}}}}|0x1dc287b6
18:06:51.1 (259277624)|STATEMENT_EXECUTE|[15]
18:06:51.1 (259336361)|USER_DEBUG|[15]|DEBUG|{animal={eats=chicken food, id=1, name=chicken, says=cluck cluck}}
18:06:51.1 (259346110)|STATEMENT_EXECUTE|[16]
18:06:51.1 (259351359)|HEAP_ALLOCATE|[16]|Bytes:6
18:06:51.1 (259399597)|VARIABLE_SCOPE_BEGIN|[16]|animal|Map<String,ANY>|true|false
18:06:51.1 (259416295)|VARIABLE_ASSIGNMENT|[16]|animal|{"s":1,"v":{"id":1,"name":"chicken","eats":"chicken food","says":"cluck cluck"}}|0x203deccd
18:06:51.1 (259419607)|STATEMENT_EXECUTE|[17]
18:06:51.1 (259423296)|HEAP_ALLOCATE|[17]|Bytes:4
18:06:51.1 (259470168)|VARIABLE_SCOPE_BEGIN|[17]|name|Object|false|false
18:06:51.1 (259488813)|VARIABLE_ASSIGNMENT|[17]|name|"chicken"
18:06:51.1 (259494804)|STATEMENT_EXECUTE|[20]
18:06:51.1 (259499791)|HEAP_ALLOCATE|[20]|Bytes:6
18:06:51.1 (259521642)|METHOD_EXIT|[4]|01p4100000BOttv|animalLocator.getAnimalNameById(Integer)
18:06:51.1 (259530644)|SYSTEM_MODE_EXIT|false
18:06:51.262 (262312983)|CUMULATIVE_LIMIT_USAGE
18:06:51.262 (262312983)|LIMIT_USAGE_FOR_NS|(default)|
  Number of SOQL queries: 0 out of 100
  Number of query rows: 0 out of 50000
  Number of SOSL queries: 0 out of 20
  Number of DML statements: 0 out of 150
  Number of DML rows: 0 out of 10000
  Maximum CPU time: 0 out of 10000
  Maximum heap size: 0 out of 6000000
  Number of callouts: 1 out of 100
  Number of Email Invocations: 0 out of 10
  Number of future calls: 0 out of 50
  Number of queueable jobs added to the queue: 0 out of 50
  Number of Mobile Apex push calls: 0 out of 10

18:06:51.262 (262312983)|CUMULATIVE_LIMIT_USAGE_END

18:06:51.1 (262356168)|CODE_UNIT_FINISHED|execute_anonymous_apex
18:06:51.1 (263574614)|EXECUTION_FINISHED
