38.0 APEX_CODE,FINEST;APEX_PROFILING,INFO;CALLOUT,INFO;DB,INFO;SYSTEM,DEBUG;VALIDATION,INFO;VISUALFORCE,INFO;WORKFLOW,INFO
Execute Anonymous: 
Execute Anonymous: animalLocator al = new animalLocator();
Execute Anonymous: 
Execute Anonymous: al.getAnimalNameById(1);
18:20:22.1 (1351558)|USER_INFO|[EXTERNAL]|0054100000121Vs|scottmc526@email.com|Pacific Standard Time|GMT-08:00
18:20:22.1 (1368512)|EXECUTION_STARTED
18:20:22.1 (1374818)|CODE_UNIT_STARTED|[EXTERNAL]|execute_anonymous_apex
18:20:22.1 (2706386)|VARIABLE_SCOPE_BEGIN|[2]|al|animalLocator|true|false
18:20:22.1 (2881345)|HEAP_ALLOCATE|[72]|Bytes:3
18:20:22.1 (2945005)|HEAP_ALLOCATE|[77]|Bytes:152
18:20:22.1 (2968401)|HEAP_ALLOCATE|[342]|Bytes:408
18:20:22.1 (2988403)|HEAP_ALLOCATE|[355]|Bytes:408
18:20:22.1 (3007009)|HEAP_ALLOCATE|[467]|Bytes:48
18:20:22.1 (3042716)|HEAP_ALLOCATE|[139]|Bytes:6
18:20:22.1 (3062638)|HEAP_ALLOCATE|[EXTERNAL]|Bytes:3
18:20:22.1 (3098713)|STATEMENT_EXECUTE|[1]
18:20:22.1 (3101503)|STATEMENT_EXECUTE|[2]
18:20:22.1 (3106919)|HEAP_ALLOCATE|[2]|Bytes:3
18:20:22.1 (3111272)|HEAP_ALLOCATE|[2]|Bytes:2
18:20:22.1 (3138266)|METHOD_ENTRY|[1]|01p4100000BOttv|animalLocator.animalLocator()
18:20:22.1 (3141275)|STATEMENT_EXECUTE|[1]
18:20:22.1 (3144657)|STATEMENT_EXECUTE|[1]
18:20:22.1 (3178780)|HEAP_ALLOCATE|[50]|Bytes:5
18:20:22.1 (3208565)|HEAP_ALLOCATE|[56]|Bytes:5
18:20:22.1 (3218212)|HEAP_ALLOCATE|[64]|Bytes:7
18:20:22.1 (3240073)|SYSTEM_MODE_ENTER|false
18:20:22.1 (3256641)|HEAP_ALLOCATE|[2]|Bytes:5
18:20:22.1 (3264286)|SYSTEM_MODE_EXIT|false
18:20:22.1 (3272763)|METHOD_EXIT|[1]|animalLocator
18:20:22.1 (3289239)|HEAP_ALLOCATE|[2]|Bytes:4
18:20:22.1 (3314132)|SYSTEM_MODE_ENTER|false
18:20:22.1 (3322344)|HEAP_ALLOCATE|[2]|Bytes:5
18:20:22.1 (3335494)|CONSTRUCTOR_ENTRY|[2]|01p4100000BOttv|<init>()
18:20:22.1 (3363143)|VARIABLE_SCOPE_BEGIN|[2]|this|animalLocator|true|false
18:20:22.1 (3418107)|VARIABLE_ASSIGNMENT|[2]|this|{}|0x66052a18
18:20:22.1 (3427333)|HEAP_ALLOCATE|[EXTERNAL]|Bytes:5
18:20:22.1 (3431507)|STATEMENT_EXECUTE|[1]
18:20:22.1 (3433947)|HEAP_ALLOCATE|[EXTERNAL]|Bytes:5
18:20:22.1 (3443857)|HEAP_ALLOCATE|[EXTERNAL]|Bytes:6
18:20:22.1 (3466903)|STATEMENT_EXECUTE|[2]
18:20:22.1 (3473996)|CONSTRUCTOR_EXIT|[2]|01p4100000BOttv|<init>()
18:20:22.1 (3477476)|SYSTEM_MODE_EXIT|false
18:20:22.1 (3499768)|VARIABLE_ASSIGNMENT|[2]|al|{}|0x66052a18
18:20:22.1 (3502544)|STATEMENT_EXECUTE|[4]
18:20:22.1 (3530734)|SYSTEM_MODE_ENTER|false
18:20:22.1 (3538040)|HEAP_ALLOCATE|[4]|Bytes:5
18:20:22.1 (3574316)|METHOD_ENTRY|[4]|01p4100000BOttv|animalLocator.getAnimalNameById(Integer)
18:20:22.1 (3589738)|VARIABLE_SCOPE_BEGIN|[4]|this|animalLocator|true|false
18:20:22.1 (3603041)|VARIABLE_ASSIGNMENT|[4]|this|{}|0x66052a18
18:20:22.1 (3607170)|VARIABLE_SCOPE_BEGIN|[4]|num|Integer|false|false
18:20:22.1 (3613615)|VARIABLE_ASSIGNMENT|[4]|num|1
18:20:22.1 (3623893)|HEAP_ALLOCATE|[5]|Bytes:5
18:20:22.1 (3627727)|STATEMENT_EXECUTE|[4]
18:20:22.1 (3628937)|STATEMENT_EXECUTE|[5]
18:20:22.1 (3633056)|VARIABLE_SCOPE_BEGIN|[5]|name|String|false|false
18:20:22.1 (3638097)|VARIABLE_ASSIGNMENT|[5]|name|null
18:20:22.1 (3639874)|STATEMENT_EXECUTE|[6]
18:20:22.1 (3666584)|VARIABLE_SCOPE_BEGIN|[6]|http|System.Http|true|false
18:20:22.1 (3794238)|VARIABLE_ASSIGNMENT|[6]|http|"System.Http[]"|0x5fd27859
18:20:22.1 (3798946)|STATEMENT_EXECUTE|[7]
18:20:22.1 (3816150)|VARIABLE_SCOPE_BEGIN|[7]|req|System.HttpRequest|true|false
18:20:22.1 (3874168)|VARIABLE_ASSIGNMENT|[7]|req|"System.HttpRequest[Endpoint=null, Method=null]"|0x44ab29bb
18:20:22.1 (3878738)|STATEMENT_EXECUTE|[8]
18:20:22.1 (3882820)|HEAP_ALLOCATE|[8]|Bytes:51
18:20:22.1 (3968893)|HEAP_ALLOCATE|[8]|Bytes:1
18:20:22.1 (3994074)|HEAP_ALLOCATE|[8]|Bytes:52
18:20:22.1 (4033542)|STATEMENT_EXECUTE|[9]
18:20:22.1 (4038424)|HEAP_ALLOCATE|[9]|Bytes:3
18:20:22.1 (4064966)|STATEMENT_EXECUTE|[11]
18:20:22.1 (4111541)|CALLOUT_REQUEST|[11]|System.HttpRequest[Endpoint=https://th-apex-http-callout.herokuapp.com/animals/1, Method=GET]
18:20:22.1 (274779247)|HEAP_ALLOCATE|[EXTERNAL]|Bytes:288
18:20:22.1 (274868752)|CALLOUT_RESPONSE|[11]|System.HttpResponse[Status=OK, StatusCode=200]
18:20:22.1 (274892189)|HEAP_ALLOCATE|[11]|Bytes:85
18:20:22.1 (274937525)|VARIABLE_SCOPE_BEGIN|[11]|response|System.HttpResponse|true|false
18:20:22.1 (275057380)|VARIABLE_ASSIGNMENT|[11]|response|"System.HttpResponse[Status=OK, StatusCode=200]"|0x7086abec
18:20:22.1 (275143178)|STATEMENT_EXECUTE|[13]
18:20:22.1 (275145579)|STATEMENT_EXECUTE|[14]
18:20:22.1 (275183483)|HEAP_ALLOCATE|[14]|Bytes:79
18:20:22.1 (275292931)|HEAP_ALLOCATE|[14]|Bytes:24
18:20:22.1 (275319044)|SYSTEM_METHOD_ENTRY|[1]|JSON.JSON()
18:20:22.1 (275321539)|STATEMENT_EXECUTE|[1]
18:20:22.1 (275335446)|SYSTEM_METHOD_EXIT|[1]|JSON
18:20:22.1 (275361253)|METHOD_ENTRY|[14]||System.JSON.deserializeUntyped(String)
18:20:22.1 (275901676)|METHOD_EXIT|[14]||System.JSON.deserializeUntyped(String)
18:20:22.1 (276340210)|HEAP_ALLOCATE|[14]|Bytes:72
18:20:22.1 (276368520)|METHOD_EXIT|[4]|01p4100000BOttv|animalLocator.getAnimalNameById(Integer)
18:20:22.1 (276375889)|SYSTEM_MODE_EXIT|false
18:20:22.1 (276457964)|FATAL_ERROR|System.TypeException: Invalid conversion from runtime type Map<String,ANY> to List<String>

Class.animalLocator.getAnimalNameById: line 14, column 1
AnonymousBlock: line 4, column 1
AnonymousBlock: line 4, column 1
18:20:22.276 (276508161)|CUMULATIVE_LIMIT_USAGE
18:20:22.276 (276508161)|LIMIT_USAGE_FOR_NS|(default)|
  Number of SOQL queries: 0 out of 100
  Number of query rows: 0 out of 50000
  Number of SOSL queries: 0 out of 20
  Number of DML statements: 0 out of 150
  Number of DML rows: 0 out of 10000
  Maximum CPU time: 0 out of 10000
  Maximum heap size: 0 out of 6000000
  Number of callouts: 1 out of 100
  Number of Email Invocations: 0 out of 10
  Number of future calls: 0 out of 50
  Number of queueable jobs added to the queue: 0 out of 50
  Number of Mobile Apex push calls: 0 out of 10

18:20:22.276 (276508161)|CUMULATIVE_LIMIT_USAGE_END

18:20:22.1 (276558146)|CODE_UNIT_FINISHED|execute_anonymous_apex
18:20:22.1 (278569358)|EXECUTION_FINISHED
