38.0 APEX_CODE,FINEST;APEX_PROFILING,INFO;CALLOUT,INFO;DB,INFO;SYSTEM,DEBUG;VALIDATION,INFO;VISUALFORCE,INFO;WORKFLOW,INFO
Execute Anonymous: 
Execute Anonymous: animalLocator al = new animalLocator();
Execute Anonymous: 
Execute Anonymous: al.getAnimalNameById(1);
18:21:57.2 (2153020)|USER_INFO|[EXTERNAL]|0054100000121Vs|scottmc526@email.com|Pacific Standard Time|GMT-08:00
18:21:57.2 (2166249)|EXECUTION_STARTED
18:21:57.2 (2170981)|CODE_UNIT_STARTED|[EXTERNAL]|execute_anonymous_apex
18:21:57.2 (10928574)|VARIABLE_SCOPE_BEGIN|[2]|al|animalLocator|true|false
18:21:57.2 (11052242)|HEAP_ALLOCATE|[72]|Bytes:3
18:21:57.2 (11102111)|HEAP_ALLOCATE|[77]|Bytes:152
18:21:57.2 (11117895)|HEAP_ALLOCATE|[342]|Bytes:408
18:21:57.2 (11130874)|HEAP_ALLOCATE|[355]|Bytes:408
18:21:57.2 (11143824)|HEAP_ALLOCATE|[467]|Bytes:48
18:21:57.2 (11171603)|HEAP_ALLOCATE|[139]|Bytes:6
18:21:57.2 (11184436)|HEAP_ALLOCATE|[EXTERNAL]|Bytes:3
18:21:57.2 (11212228)|STATEMENT_EXECUTE|[1]
18:21:57.2 (11214530)|STATEMENT_EXECUTE|[2]
18:21:57.2 (11217970)|HEAP_ALLOCATE|[2]|Bytes:3
18:21:57.2 (11220941)|HEAP_ALLOCATE|[2]|Bytes:2
18:21:57.2 (11247071)|METHOD_ENTRY|[1]|01p4100000BOttv|animalLocator.animalLocator()
18:21:57.2 (11250042)|STATEMENT_EXECUTE|[1]
18:21:57.2 (11252952)|STATEMENT_EXECUTE|[1]
18:21:57.2 (11283467)|HEAP_ALLOCATE|[50]|Bytes:5
18:21:57.2 (11307212)|HEAP_ALLOCATE|[56]|Bytes:5
18:21:57.2 (11312917)|HEAP_ALLOCATE|[64]|Bytes:7
18:21:57.2 (11327662)|SYSTEM_MODE_ENTER|false
18:21:57.2 (11339838)|HEAP_ALLOCATE|[2]|Bytes:5
18:21:57.2 (11345641)|SYSTEM_MODE_EXIT|false
18:21:57.2 (11353252)|METHOD_EXIT|[1]|animalLocator
18:21:57.2 (11364426)|HEAP_ALLOCATE|[2]|Bytes:4
18:21:57.2 (11383729)|SYSTEM_MODE_ENTER|false
18:21:57.2 (11390254)|HEAP_ALLOCATE|[2]|Bytes:5
18:21:57.2 (11399519)|CONSTRUCTOR_ENTRY|[2]|01p4100000BOttv|<init>()
18:21:57.2 (11425117)|VARIABLE_SCOPE_BEGIN|[2]|this|animalLocator|true|false
18:21:57.2 (11464652)|VARIABLE_ASSIGNMENT|[2]|this|{}|0x6992f789
18:21:57.2 (11471360)|HEAP_ALLOCATE|[EXTERNAL]|Bytes:5
18:21:57.2 (11474247)|STATEMENT_EXECUTE|[1]
18:21:57.2 (11476088)|HEAP_ALLOCATE|[EXTERNAL]|Bytes:5
18:21:57.2 (11482870)|HEAP_ALLOCATE|[EXTERNAL]|Bytes:6
18:21:57.2 (11500475)|STATEMENT_EXECUTE|[2]
18:21:57.2 (11506905)|CONSTRUCTOR_EXIT|[2]|01p4100000BOttv|<init>()
18:21:57.2 (11510332)|SYSTEM_MODE_EXIT|false
18:21:57.2 (11522950)|VARIABLE_ASSIGNMENT|[2]|al|{}|0x6992f789
18:21:57.2 (11524964)|STATEMENT_EXECUTE|[4]
18:21:57.2 (11546176)|SYSTEM_MODE_ENTER|false
18:21:57.2 (11550870)|HEAP_ALLOCATE|[4]|Bytes:5
18:21:57.2 (11581023)|METHOD_ENTRY|[4]|01p4100000BOttv|animalLocator.getAnimalNameById(Integer)
18:21:57.2 (11593353)|VARIABLE_SCOPE_BEGIN|[4]|this|animalLocator|true|false
18:21:57.2 (11601540)|VARIABLE_ASSIGNMENT|[4]|this|{}|0x6992f789
18:21:57.2 (11604767)|VARIABLE_SCOPE_BEGIN|[4]|num|Integer|false|false
18:21:57.2 (11609813)|VARIABLE_ASSIGNMENT|[4]|num|1
18:21:57.2 (11616677)|HEAP_ALLOCATE|[5]|Bytes:5
18:21:57.2 (11619093)|STATEMENT_EXECUTE|[4]
18:21:57.2 (11620162)|STATEMENT_EXECUTE|[5]
18:21:57.2 (11622904)|VARIABLE_SCOPE_BEGIN|[5]|name|String|false|false
18:21:57.2 (11627660)|VARIABLE_ASSIGNMENT|[5]|name|null
18:21:57.2 (11628983)|STATEMENT_EXECUTE|[6]
18:21:57.2 (11650604)|VARIABLE_SCOPE_BEGIN|[6]|http|System.Http|true|false
18:21:57.2 (11770994)|VARIABLE_ASSIGNMENT|[6]|http|"System.Http[]"|0x2a1a591f
18:21:57.2 (11775031)|STATEMENT_EXECUTE|[7]
18:21:57.2 (11788388)|VARIABLE_SCOPE_BEGIN|[7]|req|System.HttpRequest|true|false
18:21:57.2 (11843057)|VARIABLE_ASSIGNMENT|[7]|req|"System.HttpRequest[Endpoint=null, Method=null]"|0x36233242
18:21:57.2 (11846688)|STATEMENT_EXECUTE|[8]
18:21:57.2 (11850126)|HEAP_ALLOCATE|[8]|Bytes:51
18:21:57.2 (11916240)|HEAP_ALLOCATE|[8]|Bytes:1
18:21:57.2 (11933487)|HEAP_ALLOCATE|[8]|Bytes:52
18:21:57.2 (11965013)|STATEMENT_EXECUTE|[9]
18:21:57.2 (11968117)|HEAP_ALLOCATE|[9]|Bytes:3
18:21:57.2 (11987729)|STATEMENT_EXECUTE|[11]
18:21:57.2 (12021729)|CALLOUT_REQUEST|[11]|System.HttpRequest[Endpoint=https://th-apex-http-callout.herokuapp.com/animals/1, Method=GET]
18:21:57.2 (282758167)|HEAP_ALLOCATE|[EXTERNAL]|Bytes:288
18:21:57.2 (282832965)|CALLOUT_RESPONSE|[11]|System.HttpResponse[Status=OK, StatusCode=200]
18:21:57.2 (282850956)|HEAP_ALLOCATE|[11]|Bytes:85
18:21:57.2 (282878916)|VARIABLE_SCOPE_BEGIN|[11]|response|System.HttpResponse|true|false
18:21:57.2 (282988945)|VARIABLE_ASSIGNMENT|[11]|response|"System.HttpResponse[Status=OK, StatusCode=200]"|0x76bf268a
18:21:57.2 (283044359)|STATEMENT_EXECUTE|[13]
18:21:57.2 (283047045)|STATEMENT_EXECUTE|[14]
18:21:57.2 (283078751)|HEAP_ALLOCATE|[14]|Bytes:79
18:21:57.2 (283149774)|HEAP_ALLOCATE|[14]|Bytes:24
18:21:57.2 (283163730)|SYSTEM_METHOD_ENTRY|[1]|JSON.JSON()
18:21:57.2 (283166061)|STATEMENT_EXECUTE|[1]
18:21:57.2 (283183320)|SYSTEM_METHOD_EXIT|[1]|JSON
18:21:57.2 (283199181)|METHOD_ENTRY|[14]||System.JSON.createParser(String)
18:21:57.2 (283369140)|METHOD_EXIT|[14]||System.JSON.createParser(String)
18:21:57.2 (283374211)|VARIABLE_SCOPE_BEGIN|[14]|parse|System.JSONParser|true|false
18:21:57.2 (283407187)|VARIABLE_ASSIGNMENT|[14]|parse|{"delegate":"0x9510bcd"}|0x5dcca808
18:21:57.2 (283410645)|STATEMENT_EXECUTE|[15]
18:21:57.2 (283470621)|USER_DEBUG|[15]|DEBUG|JSONParser:[delegate=common.apex.json.ApexJsonParser@9510bcd]
18:21:57.2 (283478372)|STATEMENT_EXECUTE|[21]
18:21:57.2 (283482553)|HEAP_ALLOCATE|[21]|Bytes:6
18:21:57.2 (283496477)|METHOD_EXIT|[4]|01p4100000BOttv|animalLocator.getAnimalNameById(Integer)
18:21:57.2 (283500909)|SYSTEM_MODE_EXIT|false
18:21:57.285 (285820812)|CUMULATIVE_LIMIT_USAGE
18:21:57.285 (285820812)|LIMIT_USAGE_FOR_NS|(default)|
  Number of SOQL queries: 0 out of 100
  Number of query rows: 0 out of 50000
  Number of SOSL queries: 0 out of 20
  Number of DML statements: 0 out of 150
  Number of DML rows: 0 out of 10000
  Maximum CPU time: 0 out of 10000
  Maximum heap size: 0 out of 6000000
  Number of callouts: 1 out of 100
  Number of Email Invocations: 0 out of 10
  Number of future calls: 0 out of 50
  Number of queueable jobs added to the queue: 0 out of 50
  Number of Mobile Apex push calls: 0 out of 10

18:21:57.285 (285820812)|CUMULATIVE_LIMIT_USAGE_END

18:21:57.2 (285859700)|CODE_UNIT_FINISHED|execute_anonymous_apex
18:21:57.2 (287275253)|EXECUTION_FINISHED
