38.0 APEX_CODE,FINEST;APEX_PROFILING,INFO;CALLOUT,INFO;DB,INFO;SYSTEM,DEBUG;VALIDATION,INFO;VISUALFORCE,INFO;WORKFLOW,INFO
Execute Anonymous: 
Execute Anonymous: animalLocator al = new animalLocator();
Execute Anonymous: 
Execute Anonymous: al.getAnimalNameById(1);
18:04:40.1 (1767470)|USER_INFO|[EXTERNAL]|0054100000121Vs|scottmc526@email.com|Pacific Standard Time|GMT-08:00
18:04:40.1 (1787375)|EXECUTION_STARTED
18:04:40.1 (1791062)|CODE_UNIT_STARTED|[EXTERNAL]|execute_anonymous_apex
18:04:40.1 (14535546)|VARIABLE_SCOPE_BEGIN|[2]|al|animalLocator|true|false
18:04:40.1 (14724033)|HEAP_ALLOCATE|[72]|Bytes:3
18:04:40.1 (14777761)|HEAP_ALLOCATE|[77]|Bytes:152
18:04:40.1 (14804674)|HEAP_ALLOCATE|[342]|Bytes:408
18:04:40.1 (14837639)|HEAP_ALLOCATE|[355]|Bytes:408
18:04:40.1 (14866949)|HEAP_ALLOCATE|[467]|Bytes:48
18:04:40.1 (14911600)|HEAP_ALLOCATE|[139]|Bytes:6
18:04:40.1 (14941188)|HEAP_ALLOCATE|[EXTERNAL]|Bytes:3
18:04:40.1 (14988817)|STATEMENT_EXECUTE|[1]
18:04:40.1 (14994010)|STATEMENT_EXECUTE|[2]
18:04:40.1 (15001664)|HEAP_ALLOCATE|[2]|Bytes:3
18:04:40.1 (15009773)|HEAP_ALLOCATE|[2]|Bytes:5
18:04:40.1 (15051481)|METHOD_ENTRY|[1]|01p4100000BOttv|animalLocator.animalLocator()
18:04:40.1 (15057912)|STATEMENT_EXECUTE|[1]
18:04:40.1 (15064646)|STATEMENT_EXECUTE|[1]
18:04:40.1 (15106746)|HEAP_ALLOCATE|[50]|Bytes:5
18:04:40.1 (15141085)|HEAP_ALLOCATE|[56]|Bytes:5
18:04:40.1 (15159605)|HEAP_ALLOCATE|[64]|Bytes:7
18:04:40.1 (15187947)|SYSTEM_MODE_ENTER|false
18:04:40.1 (15209025)|HEAP_ALLOCATE|[2]|Bytes:5
18:04:40.1 (15220262)|SYSTEM_MODE_EXIT|false
18:04:40.1 (15232017)|METHOD_EXIT|[1]|animalLocator
18:04:40.1 (15257464)|HEAP_ALLOCATE|[2]|Bytes:4
18:04:40.1 (15297613)|SYSTEM_MODE_ENTER|false
18:04:40.1 (15310610)|HEAP_ALLOCATE|[2]|Bytes:5
18:04:40.1 (15330272)|CONSTRUCTOR_ENTRY|[2]|01p4100000BOttv|<init>()
18:04:40.1 (15371216)|VARIABLE_SCOPE_BEGIN|[2]|this|animalLocator|true|false
18:04:40.1 (15430234)|VARIABLE_ASSIGNMENT|[2]|this|{}|0x657b45b
18:04:40.1 (15443500)|HEAP_ALLOCATE|[EXTERNAL]|Bytes:5
18:04:40.1 (15449838)|STATEMENT_EXECUTE|[1]
18:04:40.1 (15455081)|HEAP_ALLOCATE|[EXTERNAL]|Bytes:5
18:04:40.1 (15468973)|HEAP_ALLOCATE|[EXTERNAL]|Bytes:6
18:04:40.1 (15502145)|STATEMENT_EXECUTE|[2]
18:04:40.1 (15521020)|CONSTRUCTOR_EXIT|[2]|01p4100000BOttv|<init>()
18:04:40.1 (15528270)|SYSTEM_MODE_EXIT|false
18:04:40.1 (15556345)|VARIABLE_ASSIGNMENT|[2]|al|{}|0x657b45b
18:04:40.1 (15561065)|STATEMENT_EXECUTE|[4]
18:04:40.1 (15600725)|SYSTEM_MODE_ENTER|false
18:04:40.1 (15612751)|HEAP_ALLOCATE|[4]|Bytes:5
18:04:40.1 (15660952)|METHOD_ENTRY|[4]|01p4100000BOttv|animalLocator.getAnimalNameById(Integer)
18:04:40.1 (15686931)|VARIABLE_SCOPE_BEGIN|[4]|this|animalLocator|true|false
18:04:40.1 (15705579)|VARIABLE_ASSIGNMENT|[4]|this|{}|0x657b45b
18:04:40.1 (15712524)|VARIABLE_SCOPE_BEGIN|[4]|num|Integer|false|false
18:04:40.1 (15722401)|VARIABLE_ASSIGNMENT|[4]|num|1
18:04:40.1 (15735340)|HEAP_ALLOCATE|[6]|Bytes:5
18:04:40.1 (15744931)|STATEMENT_EXECUTE|[4]
18:04:40.1 (15747646)|STATEMENT_EXECUTE|[6]
18:04:40.1 (15777771)|VARIABLE_SCOPE_BEGIN|[6]|http|System.Http|true|false
18:04:40.1 (16069257)|VARIABLE_ASSIGNMENT|[6]|http|"System.Http[]"|0x7aafe69b
18:04:40.1 (16075987)|STATEMENT_EXECUTE|[7]
18:04:40.1 (16097268)|VARIABLE_SCOPE_BEGIN|[7]|req|System.HttpRequest|true|false
18:04:40.1 (16181661)|VARIABLE_ASSIGNMENT|[7]|req|"System.HttpRequest[Endpoint=null, Method=null]"|0x68702a5
18:04:40.1 (16187820)|STATEMENT_EXECUTE|[8]
18:04:40.1 (16192956)|HEAP_ALLOCATE|[8]|Bytes:51
18:04:40.1 (16297748)|HEAP_ALLOCATE|[8]|Bytes:1
18:04:40.1 (16336463)|HEAP_ALLOCATE|[8]|Bytes:52
18:04:40.1 (16391984)|STATEMENT_EXECUTE|[9]
18:04:40.1 (16398650)|HEAP_ALLOCATE|[9]|Bytes:3
18:04:40.1 (16444957)|STATEMENT_EXECUTE|[11]
18:04:40.1 (16530446)|CALLOUT_REQUEST|[11]|System.HttpRequest[Endpoint=https://th-apex-http-callout.herokuapp.com/animals/1, Method=GET]
18:04:40.1 (267451771)|HEAP_ALLOCATE|[EXTERNAL]|Bytes:288
18:04:40.1 (267544809)|CALLOUT_RESPONSE|[11]|System.HttpResponse[Status=OK, StatusCode=200]
18:04:40.1 (267560692)|HEAP_ALLOCATE|[11]|Bytes:85
18:04:40.1 (267590329)|VARIABLE_SCOPE_BEGIN|[11]|response|System.HttpResponse|true|false
18:04:40.1 (267758714)|VARIABLE_ASSIGNMENT|[11]|response|"System.HttpResponse[Status=OK, StatusCode=200]"|0x6752fbf6
18:04:40.1 (267826093)|STATEMENT_EXECUTE|[13]
18:04:40.1 (267828688)|STATEMENT_EXECUTE|[14]
18:04:40.1 (267863826)|HEAP_ALLOCATE|[14]|Bytes:79
18:04:40.1 (267927053)|HEAP_ALLOCATE|[14]|Bytes:24
18:04:40.1 (267944289)|SYSTEM_METHOD_ENTRY|[1]|JSON.JSON()
18:04:40.1 (267946599)|STATEMENT_EXECUTE|[1]
18:04:40.1 (267956036)|SYSTEM_METHOD_EXIT|[1]|JSON
18:04:40.1 (267976162)|METHOD_ENTRY|[14]||System.JSON.deserializeUntyped(String)
18:04:40.1 (268393610)|METHOD_EXIT|[14]||System.JSON.deserializeUntyped(String)
18:04:40.1 (268404211)|VARIABLE_SCOPE_BEGIN|[14]|results|Map<String,ANY>|true|false
18:04:40.1 (268442155)|VARIABLE_ASSIGNMENT|[14]|results|{"s":1,"v":{"animal":{"s":2,"v":{"id":1,"name":"chicken","eats":"chicken food","says":"cluck cluck"}}}}|0x4f472d1a
18:04:40.1 (268446495)|STATEMENT_EXECUTE|[15]
18:04:40.1 (268493614)|USER_DEBUG|[15]|DEBUG|{animal={eats=chicken food, id=1, name=chicken, says=cluck cluck}}
18:04:40.1 (268502488)|STATEMENT_EXECUTE|[16]
18:04:40.1 (268507421)|HEAP_ALLOCATE|[16]|Bytes:6
18:04:40.1 (268630249)|HEAP_ALLOCATE|[16]|Bytes:69
18:04:40.1 (268652782)|METHOD_EXIT|[4]|01p4100000BOttv|animalLocator.getAnimalNameById(Integer)
18:04:40.1 (268660290)|SYSTEM_MODE_EXIT|false
18:04:40.1 (268789013)|FATAL_ERROR|System.TypeException: Invalid conversion from runtime type Map<String,ANY> to List<ANY>

Class.animalLocator.getAnimalNameById: line 16, column 1
AnonymousBlock: line 4, column 1
AnonymousBlock: line 4, column 1
18:04:40.268 (268846095)|CUMULATIVE_LIMIT_USAGE
18:04:40.268 (268846095)|LIMIT_USAGE_FOR_NS|(default)|
  Number of SOQL queries: 0 out of 100
  Number of query rows: 0 out of 50000
  Number of SOSL queries: 0 out of 20
  Number of DML statements: 0 out of 150
  Number of DML rows: 0 out of 10000
  Maximum CPU time: 0 out of 10000
  Maximum heap size: 0 out of 6000000
  Number of callouts: 1 out of 100
  Number of Email Invocations: 0 out of 10
  Number of future calls: 0 out of 50
  Number of queueable jobs added to the queue: 0 out of 50
  Number of Mobile Apex push calls: 0 out of 10

18:04:40.268 (268846095)|CUMULATIVE_LIMIT_USAGE_END

18:04:40.1 (268895466)|CODE_UNIT_FINISHED|execute_anonymous_apex
18:04:40.1 (271542143)|EXECUTION_FINISHED
