38.0 APEX_CODE,FINEST;APEX_PROFILING,INFO;CALLOUT,INFO;DB,INFO;SYSTEM,DEBUG;VALIDATION,INFO;VISUALFORCE,INFO;WORKFLOW,INFO
Execute Anonymous: animalLocator al = new animalLocator();
Execute Anonymous: 
Execute Anonymous: al.getAnimalNameById(1);
17:45:16.1 (1211020)|USER_INFO|[EXTERNAL]|0054100000121Vs|scottmc526@email.com|Pacific Standard Time|GMT-08:00
17:45:16.1 (1224435)|EXECUTION_STARTED
17:45:16.1 (1228552)|CODE_UNIT_STARTED|[EXTERNAL]|execute_anonymous_apex
17:45:16.1 (7508877)|VARIABLE_SCOPE_BEGIN|[1]|al|animalLocator|true|false
17:45:16.1 (7621951)|HEAP_ALLOCATE|[72]|Bytes:3
17:45:16.1 (7668573)|HEAP_ALLOCATE|[77]|Bytes:152
17:45:16.1 (7692888)|HEAP_ALLOCATE|[342]|Bytes:408
17:45:16.1 (7710582)|HEAP_ALLOCATE|[355]|Bytes:408
17:45:16.1 (7724087)|HEAP_ALLOCATE|[467]|Bytes:48
17:45:16.1 (7760652)|HEAP_ALLOCATE|[139]|Bytes:6
17:45:16.1 (7775767)|HEAP_ALLOCATE|[EXTERNAL]|Bytes:3
17:45:16.1 (7804501)|STATEMENT_EXECUTE|[1]
17:45:16.1 (7806861)|STATEMENT_EXECUTE|[1]
17:45:16.1 (7809840)|HEAP_ALLOCATE|[1]|Bytes:3
17:45:16.1 (7812602)|HEAP_ALLOCATE|[1]|Bytes:2
17:45:16.1 (7839210)|METHOD_ENTRY|[1]|01p4100000BOttv|animalLocator.animalLocator()
17:45:16.1 (7842303)|STATEMENT_EXECUTE|[1]
17:45:16.1 (7845792)|STATEMENT_EXECUTE|[1]
17:45:16.1 (7875701)|HEAP_ALLOCATE|[50]|Bytes:5
17:45:16.1 (7895333)|HEAP_ALLOCATE|[56]|Bytes:5
17:45:16.1 (7901031)|HEAP_ALLOCATE|[64]|Bytes:7
17:45:16.1 (7915803)|SYSTEM_MODE_ENTER|false
17:45:16.1 (7925329)|HEAP_ALLOCATE|[1]|Bytes:5
17:45:16.1 (7931197)|SYSTEM_MODE_EXIT|false
17:45:16.1 (7937616)|METHOD_EXIT|[1]|animalLocator
17:45:16.1 (7948747)|HEAP_ALLOCATE|[1]|Bytes:4
17:45:16.1 (7967834)|SYSTEM_MODE_ENTER|false
17:45:16.1 (7974379)|HEAP_ALLOCATE|[1]|Bytes:5
17:45:16.1 (7984348)|CONSTRUCTOR_ENTRY|[1]|01p4100000BOttv|<init>()
17:45:16.1 (8007440)|VARIABLE_SCOPE_BEGIN|[2]|this|animalLocator|true|false
17:45:16.1 (8042469)|VARIABLE_ASSIGNMENT|[2]|this|{}|0x72da3efd
17:45:16.1 (8049504)|HEAP_ALLOCATE|[EXTERNAL]|Bytes:5
17:45:16.1 (8052480)|STATEMENT_EXECUTE|[1]
17:45:16.1 (8054351)|HEAP_ALLOCATE|[EXTERNAL]|Bytes:5
17:45:16.1 (8061027)|HEAP_ALLOCATE|[EXTERNAL]|Bytes:6
17:45:16.1 (8077445)|STATEMENT_EXECUTE|[2]
17:45:16.1 (8083443)|CONSTRUCTOR_EXIT|[1]|01p4100000BOttv|<init>()
17:45:16.1 (8086257)|SYSTEM_MODE_EXIT|false
17:45:16.1 (8099284)|VARIABLE_ASSIGNMENT|[1]|al|{}|0x72da3efd
17:45:16.1 (8101350)|STATEMENT_EXECUTE|[3]
17:45:16.1 (8123561)|SYSTEM_MODE_ENTER|false
17:45:16.1 (8128334)|HEAP_ALLOCATE|[3]|Bytes:5
17:45:16.1 (8155657)|METHOD_ENTRY|[3]|01p4100000BOttv|animalLocator.getAnimalNameById(Integer)
17:45:16.1 (8168751)|VARIABLE_SCOPE_BEGIN|[4]|this|animalLocator|true|false
17:45:16.1 (8177405)|VARIABLE_ASSIGNMENT|[4]|this|{}|0x72da3efd
17:45:16.1 (8180343)|VARIABLE_SCOPE_BEGIN|[4]|num|Integer|false|false
17:45:16.1 (8185973)|VARIABLE_ASSIGNMENT|[4]|num|1
17:45:16.1 (8192894)|HEAP_ALLOCATE|[5]|Bytes:5
17:45:16.1 (8195486)|STATEMENT_EXECUTE|[4]
17:45:16.1 (8196600)|STATEMENT_EXECUTE|[5]
17:45:16.1 (8215838)|VARIABLE_SCOPE_BEGIN|[5]|http|System.Http|true|false
17:45:16.1 (8358153)|VARIABLE_ASSIGNMENT|[5]|http|"System.Http[]"|0x50ba3708
17:45:16.1 (8362301)|STATEMENT_EXECUTE|[6]
17:45:16.1 (8374868)|VARIABLE_SCOPE_BEGIN|[6]|req|System.HttpRequest|true|false
17:45:16.1 (8442661)|VARIABLE_ASSIGNMENT|[6]|req|"System.HttpRequest[Endpoint=null, Method=null]"|0x1538bae0
17:45:16.1 (8448139)|STATEMENT_EXECUTE|[7]
17:45:16.1 (8452903)|HEAP_ALLOCATE|[7]|Bytes:51
17:45:16.1 (8540206)|HEAP_ALLOCATE|[7]|Bytes:1
17:45:16.1 (8558543)|HEAP_ALLOCATE|[7]|Bytes:52
17:45:16.1 (8589084)|STATEMENT_EXECUTE|[8]
17:45:16.1 (8591842)|HEAP_ALLOCATE|[8]|Bytes:3
17:45:16.1 (8611684)|STATEMENT_EXECUTE|[10]
17:45:16.1 (8643113)|CALLOUT_REQUEST|[10]|System.HttpRequest[Endpoint=https://th-apex-http-callout.herokuapp.com/animals/1, Method=GET]
17:45:16.1 (285223790)|HEAP_ALLOCATE|[EXTERNAL]|Bytes:288
17:45:16.1 (285293933)|CALLOUT_RESPONSE|[10]|System.HttpResponse[Status=OK, StatusCode=200]
17:45:16.1 (285305351)|HEAP_ALLOCATE|[10]|Bytes:85
17:45:16.1 (285329632)|VARIABLE_SCOPE_BEGIN|[10]|response|System.HttpResponse|true|false
17:45:16.1 (285515574)|VARIABLE_ASSIGNMENT|[10]|response|"System.HttpResponse[Status=OK, StatusCode=200]"|0x7fe02204
17:45:16.1 (285522573)|STATEMENT_EXECUTE|[12]
17:45:16.1 (285584695)|USER_DEBUG|[12]|DEBUG|System.HttpResponse[Status=OK, StatusCode=200]
17:45:16.1 (285591715)|STATEMENT_EXECUTE|[14]
17:45:16.1 (285596141)|HEAP_ALLOCATE|[14]|Bytes:6
17:45:16.1 (285611798)|METHOD_EXIT|[3]|01p4100000BOttv|animalLocator.getAnimalNameById(Integer)
17:45:16.1 (285617130)|SYSTEM_MODE_EXIT|false
17:45:16.287 (287503489)|CUMULATIVE_LIMIT_USAGE
17:45:16.287 (287503489)|LIMIT_USAGE_FOR_NS|(default)|
  Number of SOQL queries: 0 out of 100
  Number of query rows: 0 out of 50000
  Number of SOSL queries: 0 out of 20
  Number of DML statements: 0 out of 150
  Number of DML rows: 0 out of 10000
  Maximum CPU time: 0 out of 10000
  Maximum heap size: 0 out of 6000000
  Number of callouts: 1 out of 100
  Number of Email Invocations: 0 out of 10
  Number of future calls: 0 out of 50
  Number of queueable jobs added to the queue: 0 out of 50
  Number of Mobile Apex push calls: 0 out of 10

17:45:16.287 (287503489)|CUMULATIVE_LIMIT_USAGE_END

17:45:16.1 (287546138)|CODE_UNIT_FINISHED|execute_anonymous_apex
17:45:16.1 (288695424)|EXECUTION_FINISHED
