38.0 APEX_CODE,FINEST;APEX_PROFILING,INFO;CALLOUT,INFO;DB,INFO;SYSTEM,DEBUG;VALIDATION,INFO;VISUALFORCE,INFO;WORKFLOW,INFO
Execute Anonymous: 
Execute Anonymous: animalLocator al = new animalLocator();
Execute Anonymous: 
Execute Anonymous: al.getAnimalNameById(1);
18:11:32.1 (1814010)|USER_INFO|[EXTERNAL]|0054100000121Vs|scottmc526@email.com|Pacific Standard Time|GMT-08:00
18:11:32.1 (1832069)|EXECUTION_STARTED
18:11:32.1 (1837067)|CODE_UNIT_STARTED|[EXTERNAL]|execute_anonymous_apex
18:11:32.1 (26647855)|VARIABLE_SCOPE_BEGIN|[2]|al|animalLocator|true|false
18:11:32.1 (27023277)|HEAP_ALLOCATE|[72]|Bytes:3
18:11:32.1 (27075596)|HEAP_ALLOCATE|[77]|Bytes:152
18:11:32.1 (27093810)|HEAP_ALLOCATE|[342]|Bytes:408
18:11:32.1 (27143876)|HEAP_ALLOCATE|[355]|Bytes:408
18:11:32.1 (27166262)|HEAP_ALLOCATE|[467]|Bytes:48
18:11:32.1 (27201458)|HEAP_ALLOCATE|[139]|Bytes:6
18:11:32.1 (27238057)|HEAP_ALLOCATE|[EXTERNAL]|Bytes:3
18:11:32.1 (27285273)|STATEMENT_EXECUTE|[1]
18:11:32.1 (27289476)|STATEMENT_EXECUTE|[2]
18:11:32.1 (27295646)|HEAP_ALLOCATE|[2]|Bytes:3
18:11:32.1 (27300313)|HEAP_ALLOCATE|[2]|Bytes:2
18:11:32.1 (27332466)|METHOD_ENTRY|[1]|01p4100000BOttv|animalLocator.animalLocator()
18:11:32.1 (27336516)|STATEMENT_EXECUTE|[1]
18:11:32.1 (27340754)|STATEMENT_EXECUTE|[1]
18:11:32.1 (27389532)|HEAP_ALLOCATE|[50]|Bytes:5
18:11:32.1 (27429305)|HEAP_ALLOCATE|[56]|Bytes:5
18:11:32.1 (27442672)|HEAP_ALLOCATE|[64]|Bytes:7
18:11:32.1 (27472445)|SYSTEM_MODE_ENTER|false
18:11:32.1 (27496011)|HEAP_ALLOCATE|[2]|Bytes:5
18:11:32.1 (27506609)|SYSTEM_MODE_EXIT|false
18:11:32.1 (27517861)|METHOD_EXIT|[1]|animalLocator
18:11:32.1 (27536711)|HEAP_ALLOCATE|[2]|Bytes:4
18:11:32.1 (27577929)|SYSTEM_MODE_ENTER|false
18:11:32.1 (27590120)|HEAP_ALLOCATE|[2]|Bytes:5
18:11:32.1 (27606603)|CONSTRUCTOR_ENTRY|[2]|01p4100000BOttv|<init>()
18:11:32.1 (27644859)|VARIABLE_SCOPE_BEGIN|[2]|this|animalLocator|true|false
18:11:32.1 (27704538)|VARIABLE_ASSIGNMENT|[2]|this|{}|0x52865215
18:11:32.1 (27718785)|HEAP_ALLOCATE|[EXTERNAL]|Bytes:5
18:11:32.1 (27725398)|STATEMENT_EXECUTE|[1]
18:11:32.1 (27730418)|HEAP_ALLOCATE|[EXTERNAL]|Bytes:5
18:11:32.1 (27745042)|HEAP_ALLOCATE|[EXTERNAL]|Bytes:6
18:11:32.1 (27775968)|STATEMENT_EXECUTE|[2]
18:11:32.1 (27787237)|CONSTRUCTOR_EXIT|[2]|01p4100000BOttv|<init>()
18:11:32.1 (27797186)|SYSTEM_MODE_EXIT|false
18:11:32.1 (27826171)|VARIABLE_ASSIGNMENT|[2]|al|{}|0x52865215
18:11:32.1 (27830447)|STATEMENT_EXECUTE|[4]
18:11:32.1 (27872449)|SYSTEM_MODE_ENTER|false
18:11:32.1 (27885106)|HEAP_ALLOCATE|[4]|Bytes:5
18:11:32.1 (27938504)|METHOD_ENTRY|[4]|01p4100000BOttv|animalLocator.getAnimalNameById(Integer)
18:11:32.1 (27961621)|VARIABLE_SCOPE_BEGIN|[4]|this|animalLocator|true|false
18:11:32.1 (27980391)|VARIABLE_ASSIGNMENT|[4]|this|{}|0x52865215
18:11:32.1 (27987064)|VARIABLE_SCOPE_BEGIN|[4]|num|Integer|false|false
18:11:32.1 (27995347)|VARIABLE_ASSIGNMENT|[4]|num|1
18:11:32.1 (28008589)|HEAP_ALLOCATE|[5]|Bytes:5
18:11:32.1 (28015094)|STATEMENT_EXECUTE|[4]
18:11:32.1 (28016992)|STATEMENT_EXECUTE|[5]
18:11:32.1 (28045945)|VARIABLE_SCOPE_BEGIN|[5]|http|System.Http|true|false
18:11:32.1 (28306759)|VARIABLE_ASSIGNMENT|[5]|http|"System.Http[]"|0x6dccb395
18:11:32.1 (28312586)|STATEMENT_EXECUTE|[6]
18:11:32.1 (28331656)|VARIABLE_SCOPE_BEGIN|[6]|req|System.HttpRequest|true|false
18:11:32.1 (28414505)|VARIABLE_ASSIGNMENT|[6]|req|"System.HttpRequest[Endpoint=null, Method=null]"|0x41f02000
18:11:32.1 (28420542)|STATEMENT_EXECUTE|[7]
18:11:32.1 (28426336)|HEAP_ALLOCATE|[7]|Bytes:51
18:11:32.1 (28522884)|HEAP_ALLOCATE|[7]|Bytes:1
18:11:32.1 (28556883)|HEAP_ALLOCATE|[7]|Bytes:52
18:11:32.1 (28613463)|STATEMENT_EXECUTE|[8]
18:11:32.1 (28619878)|HEAP_ALLOCATE|[8]|Bytes:3
18:11:32.1 (28657393)|STATEMENT_EXECUTE|[10]
18:11:32.1 (28726203)|CALLOUT_REQUEST|[10]|System.HttpRequest[Endpoint=https://th-apex-http-callout.herokuapp.com/animals/1, Method=GET]
18:11:32.1 (282098126)|HEAP_ALLOCATE|[EXTERNAL]|Bytes:288
18:11:32.1 (282205750)|CALLOUT_RESPONSE|[10]|System.HttpResponse[Status=OK, StatusCode=200]
18:11:32.1 (282228077)|HEAP_ALLOCATE|[10]|Bytes:85
18:11:32.1 (282262739)|VARIABLE_SCOPE_BEGIN|[10]|response|System.HttpResponse|true|false
18:11:32.1 (282482798)|VARIABLE_ASSIGNMENT|[10]|response|"System.HttpResponse[Status=OK, StatusCode=200]"|0x2b2510cb
18:11:32.1 (282559508)|STATEMENT_EXECUTE|[12]
18:11:32.1 (282563241)|STATEMENT_EXECUTE|[13]
18:11:32.1 (282607648)|HEAP_ALLOCATE|[13]|Bytes:79
18:11:32.1 (282677817)|HEAP_ALLOCATE|[13]|Bytes:24
18:11:32.1 (282694649)|SYSTEM_METHOD_ENTRY|[1]|JSON.JSON()
18:11:32.1 (282698658)|STATEMENT_EXECUTE|[1]
18:11:32.1 (282711571)|SYSTEM_METHOD_EXIT|[1]|JSON
18:11:32.1 (282735287)|METHOD_ENTRY|[13]||System.JSON.deserializeUntyped(String)
18:11:32.1 (283360931)|METHOD_EXIT|[13]||System.JSON.deserializeUntyped(String)
18:11:32.1 (283375104)|VARIABLE_SCOPE_BEGIN|[13]|results|Map<String,ANY>|true|false
18:11:32.1 (283423166)|VARIABLE_ASSIGNMENT|[13]|results|{"s":1,"v":{"animal":{"s":2,"v":{"id":1,"name":"chicken","eats":"chicken food","says":"cluck cluck"}}}}|0x5dbd5719
18:11:32.1 (283429478)|STATEMENT_EXECUTE|[14]
18:11:32.1 (283435876)|HEAP_ALLOCATE|[14]|Bytes:6
18:11:32.1 (283500003)|VARIABLE_SCOPE_BEGIN|[14]|animal|Map<String,ANY>|true|false
18:11:32.1 (283523345)|VARIABLE_ASSIGNMENT|[14]|animal|{"s":1,"v":{"id":1,"name":"chicken","eats":"chicken food","says":"cluck cluck"}}|0x24acc8b4
18:11:32.1 (283527997)|STATEMENT_EXECUTE|[15]
18:11:32.1 (283533352)|HEAP_ALLOCATE|[15]|Bytes:4
18:11:32.1 (283940684)|HEAP_ALLOCATE|[15]|Bytes:63
18:11:32.1 (283972648)|METHOD_EXIT|[4]|01p4100000BOttv|animalLocator.getAnimalNameById(Integer)
18:11:32.1 (283982179)|SYSTEM_MODE_EXIT|false
18:11:32.1 (284109631)|FATAL_ERROR|System.TypeException: Invalid conversion from runtime type String to List<String>

Class.animalLocator.getAnimalNameById: line 15, column 1
AnonymousBlock: line 4, column 1
AnonymousBlock: line 4, column 1
18:11:32.284 (284180249)|CUMULATIVE_LIMIT_USAGE
18:11:32.284 (284180249)|LIMIT_USAGE_FOR_NS|(default)|
  Number of SOQL queries: 0 out of 100
  Number of query rows: 0 out of 50000
  Number of SOSL queries: 0 out of 20
  Number of DML statements: 0 out of 150
  Number of DML rows: 0 out of 10000
  Maximum CPU time: 0 out of 10000
  Maximum heap size: 0 out of 6000000
  Number of callouts: 1 out of 100
  Number of Email Invocations: 0 out of 10
  Number of future calls: 0 out of 50
  Number of queueable jobs added to the queue: 0 out of 50
  Number of Mobile Apex push calls: 0 out of 10

18:11:32.284 (284180249)|CUMULATIVE_LIMIT_USAGE_END

18:11:32.1 (284232391)|CODE_UNIT_FINISHED|execute_anonymous_apex
18:11:32.1 (286293132)|EXECUTION_FINISHED
