38.0 APEX_CODE,FINEST;APEX_PROFILING,INFO;CALLOUT,INFO;DB,INFO;SYSTEM,DEBUG;VALIDATION,INFO;VISUALFORCE,INFO;WORKFLOW,INFO
Execute Anonymous: 
Execute Anonymous: animalLocator al = new animalLocator();
Execute Anonymous: 
Execute Anonymous: al.getAnimalNameById(1);
18:11:35.1 (1924800)|USER_INFO|[EXTERNAL]|0054100000121Vs|scottmc526@email.com|Pacific Standard Time|GMT-08:00
18:11:35.1 (1937838)|EXECUTION_STARTED
18:11:35.1 (1943399)|CODE_UNIT_STARTED|[EXTERNAL]|execute_anonymous_apex
18:11:35.1 (3500087)|VARIABLE_SCOPE_BEGIN|[2]|al|animalLocator|true|false
18:11:35.1 (3656027)|HEAP_ALLOCATE|[72]|Bytes:3
18:11:35.1 (3706957)|HEAP_ALLOCATE|[77]|Bytes:152
18:11:35.1 (3725855)|HEAP_ALLOCATE|[342]|Bytes:408
18:11:35.1 (3747459)|HEAP_ALLOCATE|[355]|Bytes:408
18:11:35.1 (3767319)|HEAP_ALLOCATE|[467]|Bytes:48
18:11:35.1 (3802868)|HEAP_ALLOCATE|[139]|Bytes:6
18:11:35.1 (3824628)|HEAP_ALLOCATE|[EXTERNAL]|Bytes:3
18:11:35.1 (3857038)|STATEMENT_EXECUTE|[1]
18:11:35.1 (3859830)|STATEMENT_EXECUTE|[2]
18:11:35.1 (3864026)|HEAP_ALLOCATE|[2]|Bytes:3
18:11:35.1 (3867490)|HEAP_ALLOCATE|[2]|Bytes:2
18:11:35.1 (3901244)|METHOD_ENTRY|[1]|01p4100000BOttv|animalLocator.animalLocator()
18:11:35.1 (3905650)|STATEMENT_EXECUTE|[1]
18:11:35.1 (3909807)|STATEMENT_EXECUTE|[1]
18:11:35.1 (3952353)|HEAP_ALLOCATE|[50]|Bytes:5
18:11:35.1 (3980278)|HEAP_ALLOCATE|[56]|Bytes:5
18:11:35.1 (3988966)|HEAP_ALLOCATE|[64]|Bytes:7
18:11:35.1 (4007944)|SYSTEM_MODE_ENTER|false
18:11:35.1 (4023105)|HEAP_ALLOCATE|[2]|Bytes:5
18:11:35.1 (4029741)|SYSTEM_MODE_EXIT|false
18:11:35.1 (4039364)|METHOD_EXIT|[1]|animalLocator
18:11:35.1 (4054323)|HEAP_ALLOCATE|[2]|Bytes:4
18:11:35.1 (4079958)|SYSTEM_MODE_ENTER|false
18:11:35.1 (4088467)|HEAP_ALLOCATE|[2]|Bytes:5
18:11:35.1 (4106276)|CONSTRUCTOR_ENTRY|[2]|01p4100000BOttv|<init>()
18:11:35.1 (4139491)|VARIABLE_SCOPE_BEGIN|[2]|this|animalLocator|true|false
18:11:35.1 (4186823)|VARIABLE_ASSIGNMENT|[2]|this|{}|0x12c0af44
18:11:35.1 (4195735)|HEAP_ALLOCATE|[EXTERNAL]|Bytes:5
18:11:35.1 (4199399)|STATEMENT_EXECUTE|[1]
18:11:35.1 (4202099)|HEAP_ALLOCATE|[EXTERNAL]|Bytes:5
18:11:35.1 (4210876)|HEAP_ALLOCATE|[EXTERNAL]|Bytes:6
18:11:35.1 (4231707)|STATEMENT_EXECUTE|[2]
18:11:35.1 (4242702)|CONSTRUCTOR_EXIT|[2]|01p4100000BOttv|<init>()
18:11:35.1 (4247237)|SYSTEM_MODE_EXIT|false
18:11:35.1 (4263712)|VARIABLE_ASSIGNMENT|[2]|al|{}|0x12c0af44
18:11:35.1 (4266685)|STATEMENT_EXECUTE|[4]
18:11:35.1 (4292025)|SYSTEM_MODE_ENTER|false
18:11:35.1 (4298215)|HEAP_ALLOCATE|[4]|Bytes:5
18:11:35.1 (4334803)|METHOD_ENTRY|[4]|01p4100000BOttv|animalLocator.getAnimalNameById(Integer)
18:11:35.1 (4349965)|VARIABLE_SCOPE_BEGIN|[4]|this|animalLocator|true|false
18:11:35.1 (4360897)|VARIABLE_ASSIGNMENT|[4]|this|{}|0x12c0af44
18:11:35.1 (4365215)|VARIABLE_SCOPE_BEGIN|[4]|num|Integer|false|false
18:11:35.1 (4371245)|VARIABLE_ASSIGNMENT|[4]|num|1
18:11:35.1 (4379693)|HEAP_ALLOCATE|[5]|Bytes:5
18:11:35.1 (4383225)|STATEMENT_EXECUTE|[4]
18:11:35.1 (4384515)|STATEMENT_EXECUTE|[5]
18:11:35.1 (4409154)|VARIABLE_SCOPE_BEGIN|[5]|http|System.Http|true|false
18:11:35.1 (4556995)|VARIABLE_ASSIGNMENT|[5]|http|"System.Http[]"|0x2305d7f
18:11:35.1 (4561531)|STATEMENT_EXECUTE|[6]
18:11:35.1 (4575626)|VARIABLE_SCOPE_BEGIN|[6]|req|System.HttpRequest|true|false
18:11:35.1 (4632831)|VARIABLE_ASSIGNMENT|[6]|req|"System.HttpRequest[Endpoint=null, Method=null]"|0x7e09fb2f
18:11:35.1 (4636586)|STATEMENT_EXECUTE|[7]
18:11:35.1 (4640053)|HEAP_ALLOCATE|[7]|Bytes:51
18:11:35.1 (4717304)|HEAP_ALLOCATE|[7]|Bytes:1
18:11:35.1 (4742332)|HEAP_ALLOCATE|[7]|Bytes:52
18:11:35.1 (4776418)|STATEMENT_EXECUTE|[8]
18:11:35.1 (4779203)|HEAP_ALLOCATE|[8]|Bytes:3
18:11:35.1 (4799055)|STATEMENT_EXECUTE|[10]
18:11:35.1 (4837811)|CALLOUT_REQUEST|[10]|System.HttpRequest[Endpoint=https://th-apex-http-callout.herokuapp.com/animals/1, Method=GET]
18:11:35.1 (268066935)|HEAP_ALLOCATE|[EXTERNAL]|Bytes:288
18:11:35.1 (268169317)|CALLOUT_RESPONSE|[10]|System.HttpResponse[Status=OK, StatusCode=200]
18:11:35.1 (268192978)|HEAP_ALLOCATE|[10]|Bytes:85
18:11:35.1 (268227722)|VARIABLE_SCOPE_BEGIN|[10]|response|System.HttpResponse|true|false
18:11:35.1 (268374906)|VARIABLE_ASSIGNMENT|[10]|response|"System.HttpResponse[Status=OK, StatusCode=200]"|0x72744cf2
18:11:35.1 (268449683)|STATEMENT_EXECUTE|[12]
18:11:35.1 (268451873)|STATEMENT_EXECUTE|[13]
18:11:35.1 (268491246)|HEAP_ALLOCATE|[13]|Bytes:79
18:11:35.1 (268586414)|HEAP_ALLOCATE|[13]|Bytes:24
18:11:35.1 (268600785)|SYSTEM_METHOD_ENTRY|[1]|JSON.JSON()
18:11:35.1 (268603139)|STATEMENT_EXECUTE|[1]
18:11:35.1 (268615903)|SYSTEM_METHOD_EXIT|[1]|JSON
18:11:35.1 (268632660)|METHOD_ENTRY|[13]||System.JSON.deserializeUntyped(String)
18:11:35.1 (269031731)|METHOD_EXIT|[13]||System.JSON.deserializeUntyped(String)
18:11:35.1 (269041884)|VARIABLE_SCOPE_BEGIN|[13]|results|Map<String,ANY>|true|false
18:11:35.1 (269075108)|VARIABLE_ASSIGNMENT|[13]|results|{"s":1,"v":{"animal":{"s":2,"v":{"id":1,"name":"chicken","eats":"chicken food","says":"cluck cluck"}}}}|0x2bd1cbdd
18:11:35.1 (269079373)|STATEMENT_EXECUTE|[14]
18:11:35.1 (269085614)|HEAP_ALLOCATE|[14]|Bytes:6
18:11:35.1 (269130765)|VARIABLE_SCOPE_BEGIN|[14]|animal|Map<String,ANY>|true|false
18:11:35.1 (269149625)|VARIABLE_ASSIGNMENT|[14]|animal|{"s":1,"v":{"id":1,"name":"chicken","eats":"chicken food","says":"cluck cluck"}}|0x4528b36f
18:11:35.1 (269153579)|STATEMENT_EXECUTE|[15]
18:11:35.1 (269156599)|HEAP_ALLOCATE|[15]|Bytes:4
18:11:35.1 (269476912)|HEAP_ALLOCATE|[15]|Bytes:63
18:11:35.1 (269500752)|METHOD_EXIT|[4]|01p4100000BOttv|animalLocator.getAnimalNameById(Integer)
18:11:35.1 (269506526)|SYSTEM_MODE_EXIT|false
18:11:35.1 (269576764)|FATAL_ERROR|System.TypeException: Invalid conversion from runtime type String to List<String>

Class.animalLocator.getAnimalNameById: line 15, column 1
AnonymousBlock: line 4, column 1
AnonymousBlock: line 4, column 1
18:11:35.269 (269617660)|CUMULATIVE_LIMIT_USAGE
18:11:35.269 (269617660)|LIMIT_USAGE_FOR_NS|(default)|
  Number of SOQL queries: 0 out of 100
  Number of query rows: 0 out of 50000
  Number of SOSL queries: 0 out of 20
  Number of DML statements: 0 out of 150
  Number of DML rows: 0 out of 10000
  Maximum CPU time: 0 out of 10000
  Maximum heap size: 0 out of 6000000
  Number of callouts: 1 out of 100
  Number of Email Invocations: 0 out of 10
  Number of future calls: 0 out of 50
  Number of queueable jobs added to the queue: 0 out of 50
  Number of Mobile Apex push calls: 0 out of 10

18:11:35.269 (269617660)|CUMULATIVE_LIMIT_USAGE_END

18:11:35.1 (269666611)|CODE_UNIT_FINISHED|execute_anonymous_apex
18:11:35.1 (271688333)|EXECUTION_FINISHED
