38.0 APEX_CODE,FINEST;APEX_PROFILING,INFO;CALLOUT,INFO;DB,INFO;SYSTEM,DEBUG;VALIDATION,INFO;VISUALFORCE,INFO;WORKFLOW,INFO
Execute Anonymous: 
Execute Anonymous: animalLocator al = new animalLocator();
Execute Anonymous: 
Execute Anonymous: al.getAnimalNameById(1);
17:55:31.1 (1341048)|USER_INFO|[EXTERNAL]|0054100000121Vs|scottmc526@email.com|Pacific Standard Time|GMT-08:00
17:55:31.1 (1355252)|EXECUTION_STARTED
17:55:31.1 (1359842)|CODE_UNIT_STARTED|[EXTERNAL]|execute_anonymous_apex
17:55:31.1 (10440765)|VARIABLE_SCOPE_BEGIN|[2]|al|animalLocator|true|false
17:55:31.1 (10583910)|HEAP_ALLOCATE|[72]|Bytes:3
17:55:31.1 (10626827)|HEAP_ALLOCATE|[77]|Bytes:152
17:55:31.1 (10641625)|HEAP_ALLOCATE|[342]|Bytes:408
17:55:31.1 (10658024)|HEAP_ALLOCATE|[355]|Bytes:408
17:55:31.1 (10673013)|HEAP_ALLOCATE|[467]|Bytes:48
17:55:31.1 (10702886)|HEAP_ALLOCATE|[139]|Bytes:6
17:55:31.1 (10724268)|HEAP_ALLOCATE|[EXTERNAL]|Bytes:3
17:55:31.1 (10757281)|STATEMENT_EXECUTE|[1]
17:55:31.1 (10759926)|STATEMENT_EXECUTE|[2]
17:55:31.1 (10764518)|HEAP_ALLOCATE|[2]|Bytes:3
17:55:31.1 (10768681)|HEAP_ALLOCATE|[2]|Bytes:2
17:55:31.1 (10802908)|METHOD_ENTRY|[1]|01p4100000BOttv|animalLocator.animalLocator()
17:55:31.1 (10805847)|STATEMENT_EXECUTE|[1]
17:55:31.1 (10809282)|STATEMENT_EXECUTE|[1]
17:55:31.1 (10843611)|HEAP_ALLOCATE|[50]|Bytes:5
17:55:31.1 (10872688)|HEAP_ALLOCATE|[56]|Bytes:5
17:55:31.1 (10881667)|HEAP_ALLOCATE|[64]|Bytes:7
17:55:31.1 (10902514)|SYSTEM_MODE_ENTER|false
17:55:31.1 (10917834)|HEAP_ALLOCATE|[2]|Bytes:5
17:55:31.1 (10925410)|SYSTEM_MODE_EXIT|false
17:55:31.1 (10933402)|METHOD_EXIT|[1]|animalLocator
17:55:31.1 (10948697)|HEAP_ALLOCATE|[2]|Bytes:4
17:55:31.1 (10974605)|SYSTEM_MODE_ENTER|false
17:55:31.1 (10982974)|HEAP_ALLOCATE|[2]|Bytes:5
17:55:31.1 (10996467)|CONSTRUCTOR_ENTRY|[2]|01p4100000BOttv|<init>()
17:55:31.1 (11024774)|VARIABLE_SCOPE_BEGIN|[2]|this|animalLocator|true|false
17:55:31.1 (11075492)|VARIABLE_ASSIGNMENT|[2]|this|{}|0x62c77a2d
17:55:31.1 (11084245)|HEAP_ALLOCATE|[EXTERNAL]|Bytes:5
17:55:31.1 (11087759)|STATEMENT_EXECUTE|[1]
17:55:31.1 (11090171)|HEAP_ALLOCATE|[EXTERNAL]|Bytes:5
17:55:31.1 (11099038)|HEAP_ALLOCATE|[EXTERNAL]|Bytes:6
17:55:31.1 (11119561)|STATEMENT_EXECUTE|[2]
17:55:31.1 (11126046)|CONSTRUCTOR_EXIT|[2]|01p4100000BOttv|<init>()
17:55:31.1 (11129471)|SYSTEM_MODE_EXIT|false
17:55:31.1 (11148383)|VARIABLE_ASSIGNMENT|[2]|al|{}|0x62c77a2d
17:55:31.1 (11151156)|STATEMENT_EXECUTE|[4]
17:55:31.1 (11176868)|SYSTEM_MODE_ENTER|false
17:55:31.1 (11183996)|HEAP_ALLOCATE|[4]|Bytes:5
17:55:31.1 (11218961)|METHOD_ENTRY|[4]|01p4100000BOttv|animalLocator.getAnimalNameById(Integer)
17:55:31.1 (11235205)|VARIABLE_SCOPE_BEGIN|[4]|this|animalLocator|true|false
17:55:31.1 (11248599)|VARIABLE_ASSIGNMENT|[4]|this|{}|0x62c77a2d
17:55:31.1 (11252676)|VARIABLE_SCOPE_BEGIN|[4]|num|Integer|false|false
17:55:31.1 (11258444)|VARIABLE_ASSIGNMENT|[4]|num|1
17:55:31.1 (11268215)|HEAP_ALLOCATE|[5]|Bytes:5
17:55:31.1 (11271659)|STATEMENT_EXECUTE|[4]
17:55:31.1 (11272784)|STATEMENT_EXECUTE|[5]
17:55:31.1 (11297502)|VARIABLE_SCOPE_BEGIN|[5]|http|System.Http|true|false
17:55:31.1 (11451494)|VARIABLE_ASSIGNMENT|[5]|http|"System.Http[]"|0x338a602c
17:55:31.1 (11456247)|STATEMENT_EXECUTE|[6]
17:55:31.1 (11471799)|VARIABLE_SCOPE_BEGIN|[6]|req|System.HttpRequest|true|false
17:55:31.1 (11530711)|VARIABLE_ASSIGNMENT|[6]|req|"System.HttpRequest[Endpoint=null, Method=null]"|0x5da2ff24
17:55:31.1 (11535136)|STATEMENT_EXECUTE|[7]
17:55:31.1 (11539246)|HEAP_ALLOCATE|[7]|Bytes:51
17:55:31.1 (11614617)|HEAP_ALLOCATE|[7]|Bytes:1
17:55:31.1 (11635159)|HEAP_ALLOCATE|[7]|Bytes:52
17:55:31.1 (11672345)|STATEMENT_EXECUTE|[8]
17:55:31.1 (11676206)|HEAP_ALLOCATE|[8]|Bytes:3
17:55:31.1 (11704051)|STATEMENT_EXECUTE|[10]
17:55:31.1 (11761824)|CALLOUT_REQUEST|[10]|System.HttpRequest[Endpoint=https://th-apex-http-callout.herokuapp.com/animals/1, Method=GET]
17:55:31.1 (266547019)|HEAP_ALLOCATE|[EXTERNAL]|Bytes:288
17:55:31.1 (266629591)|CALLOUT_RESPONSE|[10]|System.HttpResponse[Status=OK, StatusCode=200]
17:55:31.1 (266649843)|HEAP_ALLOCATE|[10]|Bytes:85
17:55:31.1 (266682488)|VARIABLE_SCOPE_BEGIN|[10]|response|System.HttpResponse|true|false
17:55:31.1 (266858503)|VARIABLE_ASSIGNMENT|[10]|response|"System.HttpResponse[Status=OK, StatusCode=200]"|0x1f7eed4c
17:55:31.1 (266922954)|STATEMENT_EXECUTE|[12]
17:55:31.1 (266925612)|STATEMENT_EXECUTE|[13]
17:55:31.1 (266958149)|HEAP_ALLOCATE|[13]|Bytes:79
17:55:31.1 (267048483)|HEAP_ALLOCATE|[13]|Bytes:24
17:55:31.1 (267068637)|SYSTEM_METHOD_ENTRY|[1]|JSON.JSON()
17:55:31.1 (267070930)|STATEMENT_EXECUTE|[1]
17:55:31.1 (267080852)|SYSTEM_METHOD_EXIT|[1]|JSON
17:55:31.1 (267099532)|METHOD_ENTRY|[13]||System.JSON.deserializeUntyped(String)
17:55:31.1 (267525668)|METHOD_EXIT|[13]||System.JSON.deserializeUntyped(String)
17:55:31.1 (267536436)|VARIABLE_SCOPE_BEGIN|[13]|results|Map<String,ANY>|true|false
17:55:31.1 (267570051)|VARIABLE_ASSIGNMENT|[13]|results|{"s":1,"v":{"animal":{"s":2,"v":{"id":1,"name":"chicken","eats":"chicken food","says":"cluck cluck"}}}}|0x32c21b3f
17:55:31.1 (267573904)|STATEMENT_EXECUTE|[14]
17:55:31.1 (267621746)|USER_DEBUG|[14]|DEBUG|{animal={eats=chicken food, id=1, name=chicken, says=cluck cluck}}
17:55:31.1 (267631651)|STATEMENT_EXECUTE|[17]
17:55:31.1 (267636974)|HEAP_ALLOCATE|[17]|Bytes:6
17:55:31.1 (267651409)|METHOD_EXIT|[4]|01p4100000BOttv|animalLocator.getAnimalNameById(Integer)
17:55:31.1 (267657590)|SYSTEM_MODE_EXIT|false
17:55:31.269 (269889821)|CUMULATIVE_LIMIT_USAGE
17:55:31.269 (269889821)|LIMIT_USAGE_FOR_NS|(default)|
  Number of SOQL queries: 0 out of 100
  Number of query rows: 0 out of 50000
  Number of SOSL queries: 0 out of 20
  Number of DML statements: 0 out of 150
  Number of DML rows: 0 out of 10000
  Maximum CPU time: 0 out of 10000
  Maximum heap size: 0 out of 6000000
  Number of callouts: 1 out of 100
  Number of Email Invocations: 0 out of 10
  Number of future calls: 0 out of 50
  Number of queueable jobs added to the queue: 0 out of 50
  Number of Mobile Apex push calls: 0 out of 10

17:55:31.269 (269889821)|CUMULATIVE_LIMIT_USAGE_END

17:55:31.1 (269936172)|CODE_UNIT_FINISHED|execute_anonymous_apex
17:55:31.1 (270945875)|EXECUTION_FINISHED
