38.0 APEX_CODE,FINEST;APEX_PROFILING,INFO;CALLOUT,INFO;DB,INFO;SYSTEM,DEBUG;VALIDATION,INFO;VISUALFORCE,INFO;WORKFLOW,INFO
Execute Anonymous: 
Execute Anonymous: animalLocator al = new animalLocator();
Execute Anonymous: 
Execute Anonymous: al.getAnimalNameById(1);
18:12:48.1 (1852516)|USER_INFO|[EXTERNAL]|0054100000121Vs|scottmc526@email.com|Pacific Standard Time|GMT-08:00
18:12:48.1 (1869416)|EXECUTION_STARTED
18:12:48.1 (1876373)|CODE_UNIT_STARTED|[EXTERNAL]|execute_anonymous_apex
18:12:48.1 (13605003)|VARIABLE_SCOPE_BEGIN|[2]|al|animalLocator|true|false
18:12:48.1 (13748417)|HEAP_ALLOCATE|[72]|Bytes:3
18:12:48.1 (13806689)|HEAP_ALLOCATE|[77]|Bytes:152
18:12:48.1 (13826387)|HEAP_ALLOCATE|[342]|Bytes:408
18:12:48.1 (13846144)|HEAP_ALLOCATE|[355]|Bytes:408
18:12:48.1 (13864560)|HEAP_ALLOCATE|[467]|Bytes:48
18:12:48.1 (13899478)|HEAP_ALLOCATE|[139]|Bytes:6
18:12:48.1 (13918433)|HEAP_ALLOCATE|[EXTERNAL]|Bytes:3
18:12:48.1 (13953517)|STATEMENT_EXECUTE|[1]
18:12:48.1 (13956658)|STATEMENT_EXECUTE|[2]
18:12:48.1 (13961784)|HEAP_ALLOCATE|[2]|Bytes:3
18:12:48.1 (13966028)|HEAP_ALLOCATE|[2]|Bytes:2
18:12:48.1 (13992495)|METHOD_ENTRY|[1]|01p4100000BOttv|animalLocator.animalLocator()
18:12:48.1 (13996010)|STATEMENT_EXECUTE|[1]
18:12:48.1 (13999605)|STATEMENT_EXECUTE|[1]
18:12:48.1 (14032995)|HEAP_ALLOCATE|[50]|Bytes:5
18:12:48.1 (14063829)|HEAP_ALLOCATE|[56]|Bytes:5
18:12:48.1 (14072900)|HEAP_ALLOCATE|[64]|Bytes:7
18:12:48.1 (14099738)|SYSTEM_MODE_ENTER|false
18:12:48.1 (14116425)|HEAP_ALLOCATE|[2]|Bytes:5
18:12:48.1 (14124624)|SYSTEM_MODE_EXIT|false
18:12:48.1 (14133630)|METHOD_EXIT|[1]|animalLocator
18:12:48.1 (14149107)|HEAP_ALLOCATE|[2]|Bytes:4
18:12:48.1 (14174288)|SYSTEM_MODE_ENTER|false
18:12:48.1 (14182228)|HEAP_ALLOCATE|[2]|Bytes:5
18:12:48.1 (14195093)|CONSTRUCTOR_ENTRY|[2]|01p4100000BOttv|<init>()
18:12:48.1 (14223249)|VARIABLE_SCOPE_BEGIN|[2]|this|animalLocator|true|false
18:12:48.1 (14277635)|VARIABLE_ASSIGNMENT|[2]|this|{}|0x5bc77a96
18:12:48.1 (14286977)|HEAP_ALLOCATE|[EXTERNAL]|Bytes:5
18:12:48.1 (14291117)|STATEMENT_EXECUTE|[1]
18:12:48.1 (14293467)|HEAP_ALLOCATE|[EXTERNAL]|Bytes:5
18:12:48.1 (14303133)|HEAP_ALLOCATE|[EXTERNAL]|Bytes:6
18:12:48.1 (14326628)|STATEMENT_EXECUTE|[2]
18:12:48.1 (14333583)|CONSTRUCTOR_EXIT|[2]|01p4100000BOttv|<init>()
18:12:48.1 (14336972)|SYSTEM_MODE_EXIT|false
18:12:48.1 (14359104)|VARIABLE_ASSIGNMENT|[2]|al|{}|0x5bc77a96
18:12:48.1 (14362170)|STATEMENT_EXECUTE|[4]
18:12:48.1 (14389862)|SYSTEM_MODE_ENTER|false
18:12:48.1 (14396985)|HEAP_ALLOCATE|[4]|Bytes:5
18:12:48.1 (14433201)|METHOD_ENTRY|[4]|01p4100000BOttv|animalLocator.getAnimalNameById(Integer)
18:12:48.1 (14448814)|VARIABLE_SCOPE_BEGIN|[4]|this|animalLocator|true|false
18:12:48.1 (14462057)|VARIABLE_ASSIGNMENT|[4]|this|{}|0x5bc77a96
18:12:48.1 (14466471)|VARIABLE_SCOPE_BEGIN|[4]|num|Integer|false|false
18:12:48.1 (14472648)|VARIABLE_ASSIGNMENT|[4]|num|1
18:12:48.1 (14482461)|HEAP_ALLOCATE|[5]|Bytes:5
18:12:48.1 (14486332)|STATEMENT_EXECUTE|[4]
18:12:48.1 (14487587)|STATEMENT_EXECUTE|[5]
18:12:48.1 (14491201)|VARIABLE_SCOPE_BEGIN|[5]|name|String|false|false
18:12:48.1 (14496046)|VARIABLE_ASSIGNMENT|[5]|name|null
18:12:48.1 (14497818)|STATEMENT_EXECUTE|[6]
18:12:48.1 (14525182)|VARIABLE_SCOPE_BEGIN|[6]|http|System.Http|true|false
18:12:48.1 (14651609)|VARIABLE_ASSIGNMENT|[6]|http|"System.Http[]"|0x1b2be7c1
18:12:48.1 (14656449)|STATEMENT_EXECUTE|[7]
18:12:48.1 (14673874)|VARIABLE_SCOPE_BEGIN|[7]|req|System.HttpRequest|true|false
18:12:48.1 (14733195)|VARIABLE_ASSIGNMENT|[7]|req|"System.HttpRequest[Endpoint=null, Method=null]"|0x218f10f1
18:12:48.1 (14737787)|STATEMENT_EXECUTE|[8]
18:12:48.1 (14741682)|HEAP_ALLOCATE|[8]|Bytes:51
18:12:48.1 (14823483)|HEAP_ALLOCATE|[8]|Bytes:1
18:12:48.1 (14849006)|HEAP_ALLOCATE|[8]|Bytes:52
18:12:48.1 (14888474)|STATEMENT_EXECUTE|[9]
18:12:48.1 (14892458)|HEAP_ALLOCATE|[9]|Bytes:3
18:12:48.1 (14919343)|STATEMENT_EXECUTE|[11]
18:12:48.1 (14966630)|CALLOUT_REQUEST|[11]|System.HttpRequest[Endpoint=https://th-apex-http-callout.herokuapp.com/animals/1, Method=GET]
18:12:48.1 (264242972)|HEAP_ALLOCATE|[EXTERNAL]|Bytes:288
18:12:48.1 (264336732)|CALLOUT_RESPONSE|[11]|System.HttpResponse[Status=OK, StatusCode=200]
18:12:48.1 (264352637)|HEAP_ALLOCATE|[11]|Bytes:85
18:12:48.1 (264384743)|VARIABLE_SCOPE_BEGIN|[11]|response|System.HttpResponse|true|false
18:12:48.1 (264512821)|VARIABLE_ASSIGNMENT|[11]|response|"System.HttpResponse[Status=OK, StatusCode=200]"|0x6fbbdb60
18:12:48.1 (264602476)|STATEMENT_EXECUTE|[13]
18:12:48.1 (264606866)|STATEMENT_EXECUTE|[14]
18:12:48.1 (264673843)|HEAP_ALLOCATE|[14]|Bytes:79
18:12:48.1 (264794207)|HEAP_ALLOCATE|[14]|Bytes:24
18:12:48.1 (264815828)|SYSTEM_METHOD_ENTRY|[1]|JSON.JSON()
18:12:48.1 (264818775)|STATEMENT_EXECUTE|[1]
18:12:48.1 (264830388)|SYSTEM_METHOD_EXIT|[1]|JSON
18:12:48.1 (264852965)|METHOD_ENTRY|[14]||System.JSON.deserializeUntyped(String)
18:12:48.1 (265435483)|METHOD_EXIT|[14]||System.JSON.deserializeUntyped(String)
18:12:48.1 (265451904)|VARIABLE_SCOPE_BEGIN|[14]|results|Map<String,ANY>|true|false
18:12:48.1 (265494288)|VARIABLE_ASSIGNMENT|[14]|results|{"s":1,"v":{"animal":{"s":2,"v":{"id":1,"name":"chicken","eats":"chicken food","says":"cluck cluck"}}}}|0x629e2bd2
18:12:48.1 (265499714)|STATEMENT_EXECUTE|[15]
18:12:48.1 (265503886)|HEAP_ALLOCATE|[15]|Bytes:4
18:12:48.1 (265544611)|VARIABLE_SCOPE_BEGIN|[15]|animal|Map<String,ANY>|true|false
18:12:48.1 (265552753)|VARIABLE_ASSIGNMENT|[15]|animal|null|
18:12:48.1 (265555438)|STATEMENT_EXECUTE|[16]
18:12:48.1 (265612461)|USER_DEBUG|[16]|DEBUG|null
18:12:48.1 (265622382)|STATEMENT_EXECUTE|[19]
18:12:48.1 (265626593)|HEAP_ALLOCATE|[19]|Bytes:6
18:12:48.1 (265640089)|METHOD_EXIT|[4]|01p4100000BOttv|animalLocator.getAnimalNameById(Integer)
18:12:48.1 (265645911)|SYSTEM_MODE_EXIT|false
18:12:48.268 (268312672)|CUMULATIVE_LIMIT_USAGE
18:12:48.268 (268312672)|LIMIT_USAGE_FOR_NS|(default)|
  Number of SOQL queries: 0 out of 100
  Number of query rows: 0 out of 50000
  Number of SOSL queries: 0 out of 20
  Number of DML statements: 0 out of 150
  Number of DML rows: 0 out of 10000
  Maximum CPU time: 0 out of 10000
  Maximum heap size: 0 out of 6000000
  Number of callouts: 1 out of 100
  Number of Email Invocations: 0 out of 10
  Number of future calls: 0 out of 50
  Number of queueable jobs added to the queue: 0 out of 50
  Number of Mobile Apex push calls: 0 out of 10

18:12:48.268 (268312672)|CUMULATIVE_LIMIT_USAGE_END

18:12:48.1 (268362067)|CODE_UNIT_FINISHED|execute_anonymous_apex
18:12:48.1 (269779660)|EXECUTION_FINISHED
