38.0 APEX_CODE,FINEST;APEX_PROFILING,INFO;CALLOUT,INFO;DB,INFO;SYSTEM,DEBUG;VALIDATION,INFO;VISUALFORCE,INFO;WORKFLOW,INFO
Execute Anonymous: 
Execute Anonymous: animalLocator al = new animalLocator();
Execute Anonymous: 
Execute Anonymous: al.getAnimalNameById(1);
18:17:07.1 (1760813)|USER_INFO|[EXTERNAL]|0054100000121Vs|scottmc526@email.com|Pacific Standard Time|GMT-08:00
18:17:07.1 (1778920)|EXECUTION_STARTED
18:17:07.1 (1787706)|CODE_UNIT_STARTED|[EXTERNAL]|execute_anonymous_apex
18:17:07.1 (11639298)|VARIABLE_SCOPE_BEGIN|[2]|al|animalLocator|true|false
18:17:07.1 (11781268)|HEAP_ALLOCATE|[72]|Bytes:3
18:17:07.1 (11833021)|HEAP_ALLOCATE|[77]|Bytes:152
18:17:07.1 (11852427)|HEAP_ALLOCATE|[342]|Bytes:408
18:17:07.1 (11871852)|HEAP_ALLOCATE|[355]|Bytes:408
18:17:07.1 (11890356)|HEAP_ALLOCATE|[467]|Bytes:48
18:17:07.1 (11923690)|HEAP_ALLOCATE|[139]|Bytes:6
18:17:07.1 (11943329)|HEAP_ALLOCATE|[EXTERNAL]|Bytes:3
18:17:07.1 (11978296)|STATEMENT_EXECUTE|[1]
18:17:07.1 (11981153)|STATEMENT_EXECUTE|[2]
18:17:07.1 (11985922)|HEAP_ALLOCATE|[2]|Bytes:3
18:17:07.1 (11990408)|HEAP_ALLOCATE|[2]|Bytes:2
18:17:07.1 (12017022)|METHOD_ENTRY|[1]|01p4100000BOttv|animalLocator.animalLocator()
18:17:07.1 (12021067)|STATEMENT_EXECUTE|[1]
18:17:07.1 (12024974)|STATEMENT_EXECUTE|[1]
18:17:07.1 (12077545)|HEAP_ALLOCATE|[50]|Bytes:5
18:17:07.1 (12109267)|HEAP_ALLOCATE|[56]|Bytes:5
18:17:07.1 (12118845)|HEAP_ALLOCATE|[64]|Bytes:7
18:17:07.1 (12138919)|SYSTEM_MODE_ENTER|false
18:17:07.1 (12151403)|HEAP_ALLOCATE|[2]|Bytes:5
18:17:07.1 (12159292)|SYSTEM_MODE_EXIT|false
18:17:07.1 (12168642)|METHOD_EXIT|[1]|animalLocator
18:17:07.1 (12184323)|HEAP_ALLOCATE|[2]|Bytes:4
18:17:07.1 (12212457)|SYSTEM_MODE_ENTER|false
18:17:07.1 (12221406)|HEAP_ALLOCATE|[2]|Bytes:5
18:17:07.1 (12235403)|CONSTRUCTOR_ENTRY|[2]|01p4100000BOttv|<init>()
18:17:07.1 (12263436)|VARIABLE_SCOPE_BEGIN|[2]|this|animalLocator|true|false
18:17:07.1 (12317598)|VARIABLE_ASSIGNMENT|[2]|this|{}|0x72f076ea
18:17:07.1 (12326683)|HEAP_ALLOCATE|[EXTERNAL]|Bytes:5
18:17:07.1 (12331011)|STATEMENT_EXECUTE|[1]
18:17:07.1 (12333654)|HEAP_ALLOCATE|[EXTERNAL]|Bytes:5
18:17:07.1 (12343482)|HEAP_ALLOCATE|[EXTERNAL]|Bytes:6
18:17:07.1 (12385676)|STATEMENT_EXECUTE|[2]
18:17:07.1 (12394052)|CONSTRUCTOR_EXIT|[2]|01p4100000BOttv|<init>()
18:17:07.1 (12397661)|SYSTEM_MODE_EXIT|false
18:17:07.1 (12421282)|VARIABLE_ASSIGNMENT|[2]|al|{}|0x72f076ea
18:17:07.1 (12424503)|STATEMENT_EXECUTE|[4]
18:17:07.1 (12451565)|SYSTEM_MODE_ENTER|false
18:17:07.1 (12459090)|HEAP_ALLOCATE|[4]|Bytes:5
18:17:07.1 (12497103)|METHOD_ENTRY|[4]|01p4100000BOttv|animalLocator.getAnimalNameById(Integer)
18:17:07.1 (12512952)|VARIABLE_SCOPE_BEGIN|[4]|this|animalLocator|true|false
18:17:07.1 (12526146)|VARIABLE_ASSIGNMENT|[4]|this|{}|0x72f076ea
18:17:07.1 (12530535)|VARIABLE_SCOPE_BEGIN|[4]|num|Integer|false|false
18:17:07.1 (12537284)|VARIABLE_ASSIGNMENT|[4]|num|1
18:17:07.1 (12546236)|HEAP_ALLOCATE|[5]|Bytes:5
18:17:07.1 (12550075)|STATEMENT_EXECUTE|[4]
18:17:07.1 (12551458)|STATEMENT_EXECUTE|[5]
18:17:07.1 (12555371)|VARIABLE_SCOPE_BEGIN|[5]|name|String|false|false
18:17:07.1 (12560388)|VARIABLE_ASSIGNMENT|[5]|name|null
18:17:07.1 (12562229)|STATEMENT_EXECUTE|[6]
18:17:07.1 (12589415)|VARIABLE_SCOPE_BEGIN|[6]|http|System.Http|true|false
18:17:07.1 (12795793)|VARIABLE_ASSIGNMENT|[6]|http|"System.Http[]"|0x34d4499a
18:17:07.1 (12800501)|STATEMENT_EXECUTE|[7]
18:17:07.1 (12817428)|VARIABLE_SCOPE_BEGIN|[7]|req|System.HttpRequest|true|false
18:17:07.1 (12875368)|VARIABLE_ASSIGNMENT|[7]|req|"System.HttpRequest[Endpoint=null, Method=null]"|0x5fa44ad2
18:17:07.1 (12879784)|STATEMENT_EXECUTE|[8]
18:17:07.1 (12883812)|HEAP_ALLOCATE|[8]|Bytes:51
18:17:07.1 (12962513)|HEAP_ALLOCATE|[8]|Bytes:1
18:17:07.1 (12984357)|HEAP_ALLOCATE|[8]|Bytes:52
18:17:07.1 (13028133)|STATEMENT_EXECUTE|[9]
18:17:07.1 (13033042)|HEAP_ALLOCATE|[9]|Bytes:3
18:17:07.1 (13060496)|STATEMENT_EXECUTE|[11]
18:17:07.1 (13110019)|CALLOUT_REQUEST|[11]|System.HttpRequest[Endpoint=https://th-apex-http-callout.herokuapp.com/animals/1, Method=GET]
18:17:07.1 (266725972)|HEAP_ALLOCATE|[EXTERNAL]|Bytes:288
18:17:07.1 (266861078)|CALLOUT_RESPONSE|[11]|System.HttpResponse[Status=OK, StatusCode=200]
18:17:07.1 (266885976)|HEAP_ALLOCATE|[11]|Bytes:85
18:17:07.1 (266927723)|VARIABLE_SCOPE_BEGIN|[11]|response|System.HttpResponse|true|false
18:17:07.1 (267113366)|VARIABLE_ASSIGNMENT|[11]|response|"System.HttpResponse[Status=OK, StatusCode=200]"|0x740396e4
18:17:07.1 (267210194)|STATEMENT_EXECUTE|[13]
18:17:07.1 (267214227)|STATEMENT_EXECUTE|[14]
18:17:07.1 (267265140)|HEAP_ALLOCATE|[14]|Bytes:79
18:17:07.1 (267387328)|HEAP_ALLOCATE|[14]|Bytes:24
18:17:07.1 (267415113)|SYSTEM_METHOD_ENTRY|[1]|JSON.JSON()
18:17:07.1 (267418758)|STATEMENT_EXECUTE|[1]
18:17:07.1 (267432365)|SYSTEM_METHOD_EXIT|[1]|JSON
18:17:07.1 (267459230)|METHOD_ENTRY|[14]||System.JSON.deserializeUntyped(String)
18:17:07.1 (268055092)|METHOD_EXIT|[14]||System.JSON.deserializeUntyped(String)
18:17:07.1 (268067307)|VARIABLE_SCOPE_BEGIN|[14]|results|Map<String,ANY>|true|false
18:17:07.1 (268107809)|VARIABLE_ASSIGNMENT|[14]|results|{"s":1,"v":{"animal":{"s":2,"v":{"id":1,"name":"chicken","eats":"chicken food","says":"cluck cluck"}}}}|0x37d12d0b
18:17:07.1 (268112860)|STATEMENT_EXECUTE|[15]
18:17:07.1 (268117164)|HEAP_ALLOCATE|[15]|Bytes:6
18:17:07.1 (268484104)|HEAP_ALLOCATE|[15]|Bytes:72
18:17:07.1 (268511026)|METHOD_EXIT|[4]|01p4100000BOttv|animalLocator.getAnimalNameById(Integer)
18:17:07.1 (268517349)|SYSTEM_MODE_EXIT|false
18:17:07.1 (268601656)|FATAL_ERROR|System.TypeException: Invalid conversion from runtime type Map<String,ANY> to List<String>

Class.animalLocator.getAnimalNameById: line 15, column 1
AnonymousBlock: line 4, column 1
AnonymousBlock: line 4, column 1
18:17:07.268 (268648364)|CUMULATIVE_LIMIT_USAGE
18:17:07.268 (268648364)|LIMIT_USAGE_FOR_NS|(default)|
  Number of SOQL queries: 0 out of 100
  Number of query rows: 0 out of 50000
  Number of SOSL queries: 0 out of 20
  Number of DML statements: 0 out of 150
  Number of DML rows: 0 out of 10000
  Maximum CPU time: 0 out of 10000
  Maximum heap size: 0 out of 6000000
  Number of callouts: 1 out of 100
  Number of Email Invocations: 0 out of 10
  Number of future calls: 0 out of 50
  Number of queueable jobs added to the queue: 0 out of 50
  Number of Mobile Apex push calls: 0 out of 10

18:17:07.268 (268648364)|CUMULATIVE_LIMIT_USAGE_END

18:17:07.1 (268697835)|CODE_UNIT_FINISHED|execute_anonymous_apex
18:17:07.1 (271499814)|EXECUTION_FINISHED
