38.0 APEX_CODE,FINEST;APEX_PROFILING,INFO;CALLOUT,INFO;DB,INFO;SYSTEM,DEBUG;VALIDATION,INFO;VISUALFORCE,INFO;WORKFLOW,INFO
Execute Anonymous: 
Execute Anonymous: animalLocator al = new animalLocator();
Execute Anonymous: 
Execute Anonymous: al.getAnimalNameById(1);
18:03:56.1 (1821135)|USER_INFO|[EXTERNAL]|0054100000121Vs|scottmc526@email.com|Pacific Standard Time|GMT-08:00
18:03:56.1 (1836803)|EXECUTION_STARTED
18:03:56.1 (1842074)|CODE_UNIT_STARTED|[EXTERNAL]|execute_anonymous_apex
18:03:56.1 (25868814)|VARIABLE_SCOPE_BEGIN|[2]|al|animalLocator|true|false
18:03:56.1 (26006275)|HEAP_ALLOCATE|[72]|Bytes:3
18:03:56.1 (26062182)|HEAP_ALLOCATE|[77]|Bytes:152
18:03:56.1 (26078066)|HEAP_ALLOCATE|[342]|Bytes:408
18:03:56.1 (26092165)|HEAP_ALLOCATE|[355]|Bytes:408
18:03:56.1 (26105090)|HEAP_ALLOCATE|[467]|Bytes:48
18:03:56.1 (26134422)|HEAP_ALLOCATE|[139]|Bytes:6
18:03:56.1 (26149018)|HEAP_ALLOCATE|[EXTERNAL]|Bytes:3
18:03:56.1 (26182362)|STATEMENT_EXECUTE|[1]
18:03:56.1 (26184536)|STATEMENT_EXECUTE|[2]
18:03:56.1 (26188044)|HEAP_ALLOCATE|[2]|Bytes:3
18:03:56.1 (26190804)|HEAP_ALLOCATE|[2]|Bytes:5
18:03:56.1 (26229748)|METHOD_ENTRY|[1]|01p4100000BOttv|animalLocator.animalLocator()
18:03:56.1 (26234641)|STATEMENT_EXECUTE|[1]
18:03:56.1 (26238305)|STATEMENT_EXECUTE|[1]
18:03:56.1 (26272317)|HEAP_ALLOCATE|[50]|Bytes:5
18:03:56.1 (26297228)|HEAP_ALLOCATE|[56]|Bytes:5
18:03:56.1 (26302594)|HEAP_ALLOCATE|[64]|Bytes:7
18:03:56.1 (26318144)|SYSTEM_MODE_ENTER|false
18:03:56.1 (26331850)|HEAP_ALLOCATE|[2]|Bytes:5
18:03:56.1 (26338246)|SYSTEM_MODE_EXIT|false
18:03:56.1 (26344185)|METHOD_EXIT|[1]|animalLocator
18:03:56.1 (26356382)|HEAP_ALLOCATE|[2]|Bytes:4
18:03:56.1 (26379482)|SYSTEM_MODE_ENTER|false
18:03:56.1 (26386208)|HEAP_ALLOCATE|[2]|Bytes:5
18:03:56.1 (26395648)|CONSTRUCTOR_ENTRY|[2]|01p4100000BOttv|<init>()
18:03:56.1 (26421154)|VARIABLE_SCOPE_BEGIN|[2]|this|animalLocator|true|false
18:03:56.1 (26483395)|VARIABLE_ASSIGNMENT|[2]|this|{}|0xf523bf
18:03:56.1 (26493037)|HEAP_ALLOCATE|[EXTERNAL]|Bytes:5
18:03:56.1 (26496284)|STATEMENT_EXECUTE|[1]
18:03:56.1 (26498211)|HEAP_ALLOCATE|[EXTERNAL]|Bytes:5
18:03:56.1 (26506071)|HEAP_ALLOCATE|[EXTERNAL]|Bytes:6
18:03:56.1 (26543646)|STATEMENT_EXECUTE|[2]
18:03:56.1 (26550802)|CONSTRUCTOR_EXIT|[2]|01p4100000BOttv|<init>()
18:03:56.1 (26554133)|SYSTEM_MODE_EXIT|false
18:03:56.1 (26568860)|VARIABLE_ASSIGNMENT|[2]|al|{}|0xf523bf
18:03:56.1 (26577745)|STATEMENT_EXECUTE|[4]
18:03:56.1 (26607668)|SYSTEM_MODE_ENTER|false
18:03:56.1 (26617542)|HEAP_ALLOCATE|[4]|Bytes:5
18:03:56.1 (26650378)|METHOD_ENTRY|[4]|01p4100000BOttv|animalLocator.getAnimalNameById(Integer)
18:03:56.1 (26664385)|VARIABLE_SCOPE_BEGIN|[4]|this|animalLocator|true|false
18:03:56.1 (26674114)|VARIABLE_ASSIGNMENT|[4]|this|{}|0xf523bf
18:03:56.1 (26678389)|VARIABLE_SCOPE_BEGIN|[4]|num|Integer|false|false
18:03:56.1 (26683422)|VARIABLE_ASSIGNMENT|[4]|num|1
18:03:56.1 (26690963)|HEAP_ALLOCATE|[6]|Bytes:5
18:03:56.1 (26693495)|STATEMENT_EXECUTE|[4]
18:03:56.1 (26694615)|STATEMENT_EXECUTE|[6]
18:03:56.1 (26731511)|VARIABLE_SCOPE_BEGIN|[6]|http|System.Http|true|false
18:03:56.1 (26961161)|VARIABLE_ASSIGNMENT|[6]|http|"System.Http[]"|0x5feef609
18:03:56.1 (26965360)|STATEMENT_EXECUTE|[7]
18:03:56.1 (26991942)|VARIABLE_SCOPE_BEGIN|[7]|req|System.HttpRequest|true|false
18:03:56.1 (27064758)|VARIABLE_ASSIGNMENT|[7]|req|"System.HttpRequest[Endpoint=null, Method=null]"|0x3043f968
18:03:56.1 (27069311)|STATEMENT_EXECUTE|[8]
18:03:56.1 (27073146)|HEAP_ALLOCATE|[8]|Bytes:51
18:03:56.1 (27158833)|HEAP_ALLOCATE|[8]|Bytes:1
18:03:56.1 (27177908)|HEAP_ALLOCATE|[8]|Bytes:52
18:03:56.1 (27217349)|STATEMENT_EXECUTE|[9]
18:03:56.1 (27219982)|HEAP_ALLOCATE|[9]|Bytes:3
18:03:56.1 (27241241)|STATEMENT_EXECUTE|[11]
18:03:56.1 (27298529)|CALLOUT_REQUEST|[11]|System.HttpRequest[Endpoint=https://th-apex-http-callout.herokuapp.com/animals/1, Method=GET]
18:03:56.1 (307031376)|HEAP_ALLOCATE|[EXTERNAL]|Bytes:288
18:03:56.1 (307111596)|CALLOUT_RESPONSE|[11]|System.HttpResponse[Status=OK, StatusCode=200]
18:03:56.1 (307133482)|HEAP_ALLOCATE|[11]|Bytes:85
18:03:56.1 (307165998)|VARIABLE_SCOPE_BEGIN|[11]|response|System.HttpResponse|true|false
18:03:56.1 (307296633)|VARIABLE_ASSIGNMENT|[11]|response|"System.HttpResponse[Status=OK, StatusCode=200]"|0x7e3002ee
18:03:56.1 (307367174)|STATEMENT_EXECUTE|[13]
18:03:56.1 (307369258)|STATEMENT_EXECUTE|[14]
18:03:56.1 (307397849)|HEAP_ALLOCATE|[14]|Bytes:79
18:03:56.1 (307492185)|HEAP_ALLOCATE|[14]|Bytes:24
18:03:56.1 (307512623)|SYSTEM_METHOD_ENTRY|[1]|JSON.JSON()
18:03:56.1 (307514915)|STATEMENT_EXECUTE|[1]
18:03:56.1 (307526171)|SYSTEM_METHOD_EXIT|[1]|JSON
18:03:56.1 (307544292)|METHOD_ENTRY|[14]||System.JSON.deserializeUntyped(String)
18:03:56.1 (307984226)|METHOD_EXIT|[14]||System.JSON.deserializeUntyped(String)
18:03:56.1 (307993855)|VARIABLE_SCOPE_BEGIN|[14]|results|Map<String,ANY>|true|false
18:03:56.1 (308029288)|VARIABLE_ASSIGNMENT|[14]|results|{"s":1,"v":{"animal":{"s":2,"v":{"id":1,"name":"chicken","eats":"chicken food","says":"cluck cluck"}}}}|0x1bb188d6
18:03:56.1 (308034025)|STATEMENT_EXECUTE|[15]
18:03:56.1 (308079624)|USER_DEBUG|[15]|DEBUG|{animal={eats=chicken food, id=1, name=chicken, says=cluck cluck}}
18:03:56.1 (308086653)|STATEMENT_EXECUTE|[16]
18:03:56.1 (308091850)|HEAP_ALLOCATE|[16]|Bytes:4
18:03:56.1 (308154085)|VARIABLE_SCOPE_BEGIN|[16]|animals|List<ANY>|true|false
18:03:56.1 (308161993)|VARIABLE_ASSIGNMENT|[16]|animals|null|
18:03:56.1 (308163855)|STATEMENT_EXECUTE|[17]
18:03:56.1 (308177392)|USER_DEBUG|[17]|DEBUG|null
18:03:56.1 (308182275)|STATEMENT_EXECUTE|[20]
18:03:56.1 (308185170)|HEAP_ALLOCATE|[20]|Bytes:6
18:03:56.1 (308196462)|METHOD_EXIT|[4]|01p4100000BOttv|animalLocator.getAnimalNameById(Integer)
18:03:56.1 (308200815)|SYSTEM_MODE_EXIT|false
18:03:56.310 (310803661)|CUMULATIVE_LIMIT_USAGE
18:03:56.310 (310803661)|LIMIT_USAGE_FOR_NS|(default)|
  Number of SOQL queries: 0 out of 100
  Number of query rows: 0 out of 50000
  Number of SOSL queries: 0 out of 20
  Number of DML statements: 0 out of 150
  Number of DML rows: 0 out of 10000
  Maximum CPU time: 0 out of 10000
  Maximum heap size: 0 out of 6000000
  Number of callouts: 1 out of 100
  Number of Email Invocations: 0 out of 10
  Number of future calls: 0 out of 50
  Number of queueable jobs added to the queue: 0 out of 50
  Number of Mobile Apex push calls: 0 out of 10

18:03:56.310 (310803661)|CUMULATIVE_LIMIT_USAGE_END

18:03:56.1 (310846565)|CODE_UNIT_FINISHED|execute_anonymous_apex
18:03:56.1 (312521195)|EXECUTION_FINISHED
