38.0 APEX_CODE,FINEST;APEX_PROFILING,INFO;CALLOUT,INFO;DB,INFO;SYSTEM,DEBUG;VALIDATION,INFO;VISUALFORCE,INFO;WORKFLOW,INFO
Execute Anonymous: 
Execute Anonymous: animalLocator al = new animalLocator();
Execute Anonymous: 
Execute Anonymous: al.getAnimalNameById(1);
18:02:55.1 (1703613)|USER_INFO|[EXTERNAL]|0054100000121Vs|scottmc526@email.com|Pacific Standard Time|GMT-08:00
18:02:55.1 (1715667)|EXECUTION_STARTED
18:02:55.1 (1720206)|CODE_UNIT_STARTED|[EXTERNAL]|execute_anonymous_apex
18:02:55.1 (13539507)|VARIABLE_SCOPE_BEGIN|[2]|al|animalLocator|true|false
18:02:55.1 (13667276)|HEAP_ALLOCATE|[72]|Bytes:3
18:02:55.1 (13711138)|HEAP_ALLOCATE|[77]|Bytes:152
18:02:55.1 (13727864)|HEAP_ALLOCATE|[342]|Bytes:408
18:02:55.1 (13740807)|HEAP_ALLOCATE|[355]|Bytes:408
18:02:55.1 (13753750)|HEAP_ALLOCATE|[467]|Bytes:48
18:02:55.1 (13782087)|HEAP_ALLOCATE|[139]|Bytes:6
18:02:55.1 (13794961)|HEAP_ALLOCATE|[EXTERNAL]|Bytes:3
18:02:55.1 (13823370)|STATEMENT_EXECUTE|[1]
18:02:55.1 (13825836)|STATEMENT_EXECUTE|[2]
18:02:55.1 (13829147)|HEAP_ALLOCATE|[2]|Bytes:3
18:02:55.1 (13836975)|HEAP_ALLOCATE|[2]|Bytes:2
18:02:55.1 (13861394)|METHOD_ENTRY|[1]|01p4100000BOttv|animalLocator.animalLocator()
18:02:55.1 (13864920)|STATEMENT_EXECUTE|[1]
18:02:55.1 (13867720)|STATEMENT_EXECUTE|[1]
18:02:55.1 (13897416)|HEAP_ALLOCATE|[50]|Bytes:5
18:02:55.1 (13921248)|HEAP_ALLOCATE|[56]|Bytes:5
18:02:55.1 (13927414)|HEAP_ALLOCATE|[64]|Bytes:7
18:02:55.1 (13942729)|SYSTEM_MODE_ENTER|false
18:02:55.1 (13955747)|HEAP_ALLOCATE|[2]|Bytes:5
18:02:55.1 (13961168)|SYSTEM_MODE_EXIT|false
18:02:55.1 (13968970)|METHOD_EXIT|[1]|animalLocator
18:02:55.1 (13979969)|HEAP_ALLOCATE|[2]|Bytes:4
18:02:55.1 (13999924)|SYSTEM_MODE_ENTER|false
18:02:55.1 (14006944)|HEAP_ALLOCATE|[2]|Bytes:5
18:02:55.1 (14016876)|CONSTRUCTOR_ENTRY|[2]|01p4100000BOttv|<init>()
18:02:55.1 (14041867)|VARIABLE_SCOPE_BEGIN|[2]|this|animalLocator|true|false
18:02:55.1 (14080313)|VARIABLE_ASSIGNMENT|[2]|this|{}|0x198f56bb
18:02:55.1 (14087441)|HEAP_ALLOCATE|[EXTERNAL]|Bytes:5
18:02:55.1 (14090266)|STATEMENT_EXECUTE|[1]
18:02:55.1 (14092045)|HEAP_ALLOCATE|[EXTERNAL]|Bytes:5
18:02:55.1 (14098713)|HEAP_ALLOCATE|[EXTERNAL]|Bytes:6
18:02:55.1 (14114808)|STATEMENT_EXECUTE|[2]
18:02:55.1 (14121020)|CONSTRUCTOR_EXIT|[2]|01p4100000BOttv|<init>()
18:02:55.1 (14124227)|SYSTEM_MODE_EXIT|false
18:02:55.1 (14155721)|VARIABLE_ASSIGNMENT|[2]|al|{}|0x198f56bb
18:02:55.1 (14158011)|STATEMENT_EXECUTE|[4]
18:02:55.1 (14180865)|SYSTEM_MODE_ENTER|false
18:02:55.1 (14185898)|HEAP_ALLOCATE|[4]|Bytes:5
18:02:55.1 (14214151)|METHOD_ENTRY|[4]|01p4100000BOttv|animalLocator.getAnimalNameById(Integer)
18:02:55.1 (14226199)|VARIABLE_SCOPE_BEGIN|[4]|this|animalLocator|true|false
18:02:55.1 (14235272)|VARIABLE_ASSIGNMENT|[4]|this|{}|0x198f56bb
18:02:55.1 (14238569)|VARIABLE_SCOPE_BEGIN|[4]|num|Integer|false|false
18:02:55.1 (14243489)|VARIABLE_ASSIGNMENT|[4]|num|1
18:02:55.1 (14250865)|HEAP_ALLOCATE|[6]|Bytes:5
18:02:55.1 (14253374)|STATEMENT_EXECUTE|[4]
18:02:55.1 (14254398)|STATEMENT_EXECUTE|[6]
18:02:55.1 (14275745)|VARIABLE_SCOPE_BEGIN|[6]|http|System.Http|true|false
18:02:55.1 (14390285)|VARIABLE_ASSIGNMENT|[6]|http|"System.Http[]"|0x63580753
18:02:55.1 (14393980)|STATEMENT_EXECUTE|[7]
18:02:55.1 (14406372)|VARIABLE_SCOPE_BEGIN|[7]|req|System.HttpRequest|true|false
18:02:55.1 (14458966)|VARIABLE_ASSIGNMENT|[7]|req|"System.HttpRequest[Endpoint=null, Method=null]"|0x76f350e3
18:02:55.1 (14462235)|STATEMENT_EXECUTE|[8]
18:02:55.1 (14465644)|HEAP_ALLOCATE|[8]|Bytes:51
18:02:55.1 (14533515)|HEAP_ALLOCATE|[8]|Bytes:1
18:02:55.1 (14550304)|HEAP_ALLOCATE|[8]|Bytes:52
18:02:55.1 (14582669)|STATEMENT_EXECUTE|[9]
18:02:55.1 (14585327)|HEAP_ALLOCATE|[9]|Bytes:3
18:02:55.1 (14605001)|STATEMENT_EXECUTE|[11]
18:02:55.1 (14640426)|CALLOUT_REQUEST|[11]|System.HttpRequest[Endpoint=https://th-apex-http-callout.herokuapp.com/animals/1, Method=GET]
18:02:55.1 (282750288)|HEAP_ALLOCATE|[EXTERNAL]|Bytes:288
18:02:55.1 (282831730)|CALLOUT_RESPONSE|[11]|System.HttpResponse[Status=OK, StatusCode=200]
18:02:55.1 (282851008)|HEAP_ALLOCATE|[11]|Bytes:85
18:02:55.1 (282882920)|VARIABLE_SCOPE_BEGIN|[11]|response|System.HttpResponse|true|false
18:02:55.1 (282999735)|VARIABLE_ASSIGNMENT|[11]|response|"System.HttpResponse[Status=OK, StatusCode=200]"|0x2648ba30
18:02:55.1 (283066497)|STATEMENT_EXECUTE|[13]
18:02:55.1 (283069306)|STATEMENT_EXECUTE|[14]
18:02:55.1 (283101746)|HEAP_ALLOCATE|[14]|Bytes:79
18:02:55.1 (283187887)|HEAP_ALLOCATE|[14]|Bytes:24
18:02:55.1 (283202012)|SYSTEM_METHOD_ENTRY|[1]|JSON.JSON()
18:02:55.1 (283204439)|STATEMENT_EXECUTE|[1]
18:02:55.1 (283215159)|SYSTEM_METHOD_EXIT|[1]|JSON
18:02:55.1 (283231670)|METHOD_ENTRY|[14]||System.JSON.deserializeUntyped(String)
18:02:55.1 (283673487)|METHOD_EXIT|[14]||System.JSON.deserializeUntyped(String)
18:02:55.1 (283683240)|VARIABLE_SCOPE_BEGIN|[14]|results|Map<String,ANY>|true|false
18:02:55.1 (283725867)|VARIABLE_ASSIGNMENT|[14]|results|{"s":1,"v":{"animal":{"s":2,"v":{"id":1,"name":"chicken","eats":"chicken food","says":"cluck cluck"}}}}|0x5d7b2218
18:02:55.1 (283732201)|STATEMENT_EXECUTE|[15]
18:02:55.1 (283738933)|HEAP_ALLOCATE|[15]|Bytes:7
18:02:55.1 (283811613)|VARIABLE_SCOPE_BEGIN|[15]|animals|List<ANY>|true|false
18:02:55.1 (283820513)|VARIABLE_ASSIGNMENT|[15]|animals|null|
18:02:55.1 (283822572)|STATEMENT_EXECUTE|[16]
18:02:55.1 (283866306)|USER_DEBUG|[16]|DEBUG|null
18:02:55.1 (283874877)|STATEMENT_EXECUTE|[19]
18:02:55.1 (283878349)|HEAP_ALLOCATE|[19]|Bytes:6
18:02:55.1 (283900443)|METHOD_EXIT|[4]|01p4100000BOttv|animalLocator.getAnimalNameById(Integer)
18:02:55.1 (283906128)|SYSTEM_MODE_EXIT|false
18:02:55.286 (286317475)|CUMULATIVE_LIMIT_USAGE
18:02:55.286 (286317475)|LIMIT_USAGE_FOR_NS|(default)|
  Number of SOQL queries: 0 out of 100
  Number of query rows: 0 out of 50000
  Number of SOSL queries: 0 out of 20
  Number of DML statements: 0 out of 150
  Number of DML rows: 0 out of 10000
  Maximum CPU time: 0 out of 10000
  Maximum heap size: 0 out of 6000000
  Number of callouts: 1 out of 100
  Number of Email Invocations: 0 out of 10
  Number of future calls: 0 out of 50
  Number of queueable jobs added to the queue: 0 out of 50
  Number of Mobile Apex push calls: 0 out of 10

18:02:55.286 (286317475)|CUMULATIVE_LIMIT_USAGE_END

18:02:55.1 (286363514)|CODE_UNIT_FINISHED|execute_anonymous_apex
18:02:55.1 (287624192)|EXECUTION_FINISHED
