38.0 APEX_CODE,FINEST;APEX_PROFILING,INFO;CALLOUT,INFO;DB,INFO;SYSTEM,DEBUG;VALIDATION,INFO;VISUALFORCE,INFO;WORKFLOW,INFO
Execute Anonymous: 
Execute Anonymous: animalLocator al = new animalLocator();
Execute Anonymous: 
Execute Anonymous: al.getAnimalNameById(1);
18:10:33.1 (1915758)|USER_INFO|[EXTERNAL]|0054100000121Vs|scottmc526@email.com|Pacific Standard Time|GMT-08:00
18:10:33.1 (1931513)|EXECUTION_STARTED
18:10:33.1 (1935969)|CODE_UNIT_STARTED|[EXTERNAL]|execute_anonymous_apex
18:10:33.1 (15355207)|VARIABLE_SCOPE_BEGIN|[2]|al|animalLocator|true|false
18:10:33.1 (15738803)|HEAP_ALLOCATE|[72]|Bytes:3
18:10:33.1 (15786977)|HEAP_ALLOCATE|[77]|Bytes:152
18:10:33.1 (15801867)|HEAP_ALLOCATE|[342]|Bytes:408
18:10:33.1 (15814957)|HEAP_ALLOCATE|[355]|Bytes:408
18:10:33.1 (15827869)|HEAP_ALLOCATE|[467]|Bytes:48
18:10:33.1 (15854215)|HEAP_ALLOCATE|[139]|Bytes:6
18:10:33.1 (15867031)|HEAP_ALLOCATE|[EXTERNAL]|Bytes:3
18:10:33.1 (15913994)|STATEMENT_EXECUTE|[1]
18:10:33.1 (15916342)|STATEMENT_EXECUTE|[2]
18:10:33.1 (15919710)|HEAP_ALLOCATE|[2]|Bytes:3
18:10:33.1 (15922689)|HEAP_ALLOCATE|[2]|Bytes:2
18:10:33.1 (15948183)|METHOD_ENTRY|[1]|01p4100000BOttv|animalLocator.animalLocator()
18:10:33.1 (15951699)|STATEMENT_EXECUTE|[1]
18:10:33.1 (15954732)|STATEMENT_EXECUTE|[1]
18:10:33.1 (15988766)|HEAP_ALLOCATE|[50]|Bytes:5
18:10:33.1 (16010276)|HEAP_ALLOCATE|[56]|Bytes:5
18:10:33.1 (16016854)|HEAP_ALLOCATE|[64]|Bytes:7
18:10:33.1 (16032310)|SYSTEM_MODE_ENTER|false
18:10:33.1 (16044431)|HEAP_ALLOCATE|[2]|Bytes:5
18:10:33.1 (16050359)|SYSTEM_MODE_EXIT|false
18:10:33.1 (16056406)|METHOD_EXIT|[1]|animalLocator
18:10:33.1 (16067349)|HEAP_ALLOCATE|[2]|Bytes:4
18:10:33.1 (16086852)|SYSTEM_MODE_ENTER|false
18:10:33.1 (16092800)|HEAP_ALLOCATE|[2]|Bytes:5
18:10:33.1 (16101218)|CONSTRUCTOR_ENTRY|[2]|01p4100000BOttv|<init>()
18:10:33.1 (16125579)|VARIABLE_SCOPE_BEGIN|[2]|this|animalLocator|true|false
18:10:33.1 (16166489)|VARIABLE_ASSIGNMENT|[2]|this|{}|0x3410dbc7
18:10:33.1 (16173973)|HEAP_ALLOCATE|[EXTERNAL]|Bytes:5
18:10:33.1 (16177037)|STATEMENT_EXECUTE|[1]
18:10:33.1 (16178886)|HEAP_ALLOCATE|[EXTERNAL]|Bytes:5
18:10:33.1 (16185580)|HEAP_ALLOCATE|[EXTERNAL]|Bytes:6
18:10:33.1 (16201810)|STATEMENT_EXECUTE|[2]
18:10:33.1 (16207230)|CONSTRUCTOR_EXIT|[2]|01p4100000BOttv|<init>()
18:10:33.1 (16209981)|SYSTEM_MODE_EXIT|false
18:10:33.1 (16223426)|VARIABLE_ASSIGNMENT|[2]|al|{}|0x3410dbc7
18:10:33.1 (16225352)|STATEMENT_EXECUTE|[4]
18:10:33.1 (16246449)|SYSTEM_MODE_ENTER|false
18:10:33.1 (16251106)|HEAP_ALLOCATE|[4]|Bytes:5
18:10:33.1 (16279504)|METHOD_ENTRY|[4]|01p4100000BOttv|animalLocator.getAnimalNameById(Integer)
18:10:33.1 (16295702)|VARIABLE_SCOPE_BEGIN|[4]|this|animalLocator|true|false
18:10:33.1 (16304647)|VARIABLE_ASSIGNMENT|[4]|this|{}|0x3410dbc7
18:10:33.1 (16308369)|VARIABLE_SCOPE_BEGIN|[4]|num|Integer|false|false
18:10:33.1 (16313714)|VARIABLE_ASSIGNMENT|[4]|num|1
18:10:33.1 (16321264)|HEAP_ALLOCATE|[5]|Bytes:5
18:10:33.1 (16323834)|STATEMENT_EXECUTE|[4]
18:10:33.1 (16324947)|STATEMENT_EXECUTE|[5]
18:10:33.1 (16346315)|VARIABLE_SCOPE_BEGIN|[5]|http|System.Http|true|false
18:10:33.1 (16472704)|VARIABLE_ASSIGNMENT|[5]|http|"System.Http[]"|0x722ade99
18:10:33.1 (16476378)|STATEMENT_EXECUTE|[6]
18:10:33.1 (16488963)|VARIABLE_SCOPE_BEGIN|[6]|req|System.HttpRequest|true|false
18:10:33.1 (16540032)|VARIABLE_ASSIGNMENT|[6]|req|"System.HttpRequest[Endpoint=null, Method=null]"|0x2a2274e
18:10:33.1 (16543073)|STATEMENT_EXECUTE|[7]
18:10:33.1 (16546374)|HEAP_ALLOCATE|[7]|Bytes:51
18:10:33.1 (16612410)|HEAP_ALLOCATE|[7]|Bytes:1
18:10:33.1 (16630409)|HEAP_ALLOCATE|[7]|Bytes:52
18:10:33.1 (16666812)|STATEMENT_EXECUTE|[8]
18:10:33.1 (16669513)|HEAP_ALLOCATE|[8]|Bytes:3
18:10:33.1 (16687952)|STATEMENT_EXECUTE|[10]
18:10:33.1 (16733868)|CALLOUT_REQUEST|[10]|System.HttpRequest[Endpoint=https://th-apex-http-callout.herokuapp.com/animals/1, Method=GET]
18:10:33.1 (293096584)|HEAP_ALLOCATE|[EXTERNAL]|Bytes:288
18:10:33.1 (293177577)|CALLOUT_RESPONSE|[10]|System.HttpResponse[Status=OK, StatusCode=200]
18:10:33.1 (293195816)|HEAP_ALLOCATE|[10]|Bytes:85
18:10:33.1 (293227268)|VARIABLE_SCOPE_BEGIN|[10]|response|System.HttpResponse|true|false
18:10:33.1 (293381012)|VARIABLE_ASSIGNMENT|[10]|response|"System.HttpResponse[Status=OK, StatusCode=200]"|0x4c476aa0
18:10:33.1 (293448729)|STATEMENT_EXECUTE|[12]
18:10:33.1 (293450804)|STATEMENT_EXECUTE|[13]
18:10:33.1 (293487572)|HEAP_ALLOCATE|[13]|Bytes:79
18:10:33.1 (293595372)|HEAP_ALLOCATE|[13]|Bytes:24
18:10:33.1 (293615486)|SYSTEM_METHOD_ENTRY|[1]|JSON.JSON()
18:10:33.1 (293619291)|STATEMENT_EXECUTE|[1]
18:10:33.1 (293638806)|SYSTEM_METHOD_EXIT|[1]|JSON
18:10:33.1 (293672107)|METHOD_ENTRY|[13]||System.JSON.deserializeUntyped(String)
18:10:33.1 (294210926)|METHOD_EXIT|[13]||System.JSON.deserializeUntyped(String)
18:10:33.1 (294220432)|VARIABLE_SCOPE_BEGIN|[13]|results|Map<String,ANY>|true|false
18:10:33.1 (294257836)|VARIABLE_ASSIGNMENT|[13]|results|{"s":1,"v":{"animal":{"s":2,"v":{"id":1,"name":"chicken","eats":"chicken food","says":"cluck cluck"}}}}|0x7ab1f62c
18:10:33.1 (294262486)|STATEMENT_EXECUTE|[14]
18:10:33.1 (294267750)|HEAP_ALLOCATE|[14]|Bytes:6
18:10:33.1 (294310346)|VARIABLE_SCOPE_BEGIN|[14]|animal|Map<String,ANY>|true|false
18:10:33.1 (294323121)|VARIABLE_ASSIGNMENT|[14]|animal|{"s":1,"v":{"id":1,"name":"chicken","eats":"chicken food","says":"cluck cluck"}}|0x8ea302d
18:10:33.1 (294326091)|STATEMENT_EXECUTE|[15]
18:10:33.1 (294328882)|HEAP_ALLOCATE|[15]|Bytes:4
18:10:33.1 (294598672)|HEAP_ALLOCATE|[15]|Bytes:66
18:10:33.1 (294622450)|METHOD_EXIT|[4]|01p4100000BOttv|animalLocator.getAnimalNameById(Integer)
18:10:33.1 (294628082)|SYSTEM_MODE_EXIT|false
18:10:33.1 (294724111)|FATAL_ERROR|System.TypeException: Invalid conversion from runtime type String to Map<String,ANY>

Class.animalLocator.getAnimalNameById: line 15, column 1
AnonymousBlock: line 4, column 1
AnonymousBlock: line 4, column 1
18:10:33.294 (294765017)|CUMULATIVE_LIMIT_USAGE
18:10:33.294 (294765017)|LIMIT_USAGE_FOR_NS|(default)|
  Number of SOQL queries: 0 out of 100
  Number of query rows: 0 out of 50000
  Number of SOSL queries: 0 out of 20
  Number of DML statements: 0 out of 150
  Number of DML rows: 0 out of 10000
  Maximum CPU time: 0 out of 10000
  Maximum heap size: 0 out of 6000000
  Number of callouts: 1 out of 100
  Number of Email Invocations: 0 out of 10
  Number of future calls: 0 out of 50
  Number of queueable jobs added to the queue: 0 out of 50
  Number of Mobile Apex push calls: 0 out of 10

18:10:33.294 (294765017)|CUMULATIVE_LIMIT_USAGE_END

18:10:33.1 (294806486)|CODE_UNIT_FINISHED|execute_anonymous_apex
18:10:33.1 (297686841)|EXECUTION_FINISHED
