38.0 APEX_CODE,FINEST;APEX_PROFILING,INFO;CALLOUT,INFO;DB,INFO;SYSTEM,DEBUG;VALIDATION,INFO;VISUALFORCE,INFO;WORKFLOW,INFO
Execute Anonymous: animalLocator al = new animalLocator();
Execute Anonymous: 
Execute Anonymous: al.getAnimalNameById(1);
17:46:50.1 (1453117)|USER_INFO|[EXTERNAL]|0054100000121Vs|scottmc526@email.com|Pacific Standard Time|GMT-08:00
17:46:50.1 (1466588)|EXECUTION_STARTED
17:46:50.1 (1470164)|CODE_UNIT_STARTED|[EXTERNAL]|execute_anonymous_apex
17:46:50.1 (9625344)|VARIABLE_SCOPE_BEGIN|[1]|al|animalLocator|true|false
17:46:50.1 (9753767)|HEAP_ALLOCATE|[72]|Bytes:3
17:46:50.1 (9796107)|HEAP_ALLOCATE|[77]|Bytes:152
17:46:50.1 (9827110)|HEAP_ALLOCATE|[342]|Bytes:408
17:46:50.1 (9850863)|HEAP_ALLOCATE|[355]|Bytes:408
17:46:50.1 (9864877)|HEAP_ALLOCATE|[467]|Bytes:48
17:46:50.1 (9893638)|HEAP_ALLOCATE|[139]|Bytes:6
17:46:50.1 (9924882)|HEAP_ALLOCATE|[EXTERNAL]|Bytes:3
17:46:50.1 (9957080)|STATEMENT_EXECUTE|[1]
17:46:50.1 (9959162)|STATEMENT_EXECUTE|[1]
17:46:50.1 (9962649)|HEAP_ALLOCATE|[1]|Bytes:3
17:46:50.1 (9988802)|METHOD_ENTRY|[1]|01p4100000BOttv|animalLocator.animalLocator()
17:46:50.1 (9992050)|STATEMENT_EXECUTE|[1]
17:46:50.1 (9995015)|STATEMENT_EXECUTE|[1]
17:46:50.1 (10027380)|HEAP_ALLOCATE|[50]|Bytes:5
17:46:50.1 (10050572)|HEAP_ALLOCATE|[56]|Bytes:5
17:46:50.1 (10056708)|HEAP_ALLOCATE|[64]|Bytes:7
17:46:50.1 (10072926)|SYSTEM_MODE_ENTER|false
17:46:50.1 (10083999)|HEAP_ALLOCATE|[1]|Bytes:5
17:46:50.1 (10090091)|SYSTEM_MODE_EXIT|false
17:46:50.1 (10096665)|METHOD_EXIT|[1]|animalLocator
17:46:50.1 (10108084)|HEAP_ALLOCATE|[1]|Bytes:4
17:46:50.1 (10127171)|SYSTEM_MODE_ENTER|false
17:46:50.1 (10133233)|HEAP_ALLOCATE|[1]|Bytes:5
17:46:50.1 (10141399)|CONSTRUCTOR_ENTRY|[1]|01p4100000BOttv|<init>()
17:46:50.1 (10166514)|VARIABLE_SCOPE_BEGIN|[2]|this|animalLocator|true|false
17:46:50.1 (10205670)|VARIABLE_ASSIGNMENT|[2]|this|{}|0x16b3bfaa
17:46:50.1 (10212502)|HEAP_ALLOCATE|[EXTERNAL]|Bytes:5
17:46:50.1 (10215499)|STATEMENT_EXECUTE|[1]
17:46:50.1 (10217389)|HEAP_ALLOCATE|[EXTERNAL]|Bytes:5
17:46:50.1 (10224123)|HEAP_ALLOCATE|[EXTERNAL]|Bytes:6
17:46:50.1 (10244440)|STATEMENT_EXECUTE|[2]
17:46:50.1 (10250220)|CONSTRUCTOR_EXIT|[1]|01p4100000BOttv|<init>()
17:46:50.1 (10253120)|SYSTEM_MODE_EXIT|false
17:46:50.1 (10266931)|VARIABLE_ASSIGNMENT|[1]|al|{}|0x16b3bfaa
17:46:50.1 (10269173)|STATEMENT_EXECUTE|[3]
17:46:50.1 (10290925)|SYSTEM_MODE_ENTER|false
17:46:50.1 (10296379)|HEAP_ALLOCATE|[3]|Bytes:5
17:46:50.1 (10328408)|METHOD_ENTRY|[3]|01p4100000BOttv|animalLocator.getAnimalNameById(Integer)
17:46:50.1 (10341550)|VARIABLE_SCOPE_BEGIN|[4]|this|animalLocator|true|false
17:46:50.1 (10350243)|VARIABLE_ASSIGNMENT|[4]|this|{}|0x16b3bfaa
17:46:50.1 (10353252)|VARIABLE_SCOPE_BEGIN|[4]|num|Integer|false|false
17:46:50.1 (10359167)|VARIABLE_ASSIGNMENT|[4]|num|1
17:46:50.1 (10366467)|HEAP_ALLOCATE|[5]|Bytes:5
17:46:50.1 (10369119)|STATEMENT_EXECUTE|[4]
17:46:50.1 (10370263)|STATEMENT_EXECUTE|[5]
17:46:50.1 (10395311)|VARIABLE_SCOPE_BEGIN|[5]|http|System.Http|true|false
17:46:50.1 (10552871)|VARIABLE_ASSIGNMENT|[5]|http|"System.Http[]"|0x2912d47a
17:46:50.1 (10556489)|STATEMENT_EXECUTE|[6]
17:46:50.1 (10573461)|VARIABLE_SCOPE_BEGIN|[6]|req|System.HttpRequest|true|false
17:46:50.1 (10626013)|VARIABLE_ASSIGNMENT|[6]|req|"System.HttpRequest[Endpoint=null, Method=null]"|0x24fabb18
17:46:50.1 (10629104)|STATEMENT_EXECUTE|[7]
17:46:50.1 (10632532)|HEAP_ALLOCATE|[7]|Bytes:51
17:46:50.1 (10700184)|HEAP_ALLOCATE|[7]|Bytes:1
17:46:50.1 (10718375)|HEAP_ALLOCATE|[7]|Bytes:52
17:46:50.1 (10755311)|STATEMENT_EXECUTE|[8]
17:46:50.1 (10758017)|HEAP_ALLOCATE|[8]|Bytes:3
17:46:50.1 (10777610)|STATEMENT_EXECUTE|[10]
17:46:50.1 (10820452)|CALLOUT_REQUEST|[10]|System.HttpRequest[Endpoint=https://th-apex-http-callout.herokuapp.com/animals/1, Method=GET]
17:46:50.1 (255910077)|HEAP_ALLOCATE|[EXTERNAL]|Bytes:288
17:46:50.1 (255988352)|CALLOUT_RESPONSE|[10]|System.HttpResponse[Status=OK, StatusCode=200]
17:46:50.1 (256005468)|HEAP_ALLOCATE|[10]|Bytes:85
17:46:50.1 (256037833)|VARIABLE_SCOPE_BEGIN|[10]|response|System.HttpResponse|true|false
17:46:50.1 (256160772)|VARIABLE_ASSIGNMENT|[10]|response|"System.HttpResponse[Status=OK, StatusCode=200]"|0x6c0db414
17:46:50.1 (256166532)|STATEMENT_EXECUTE|[14]
17:46:50.1 (256174148)|HEAP_ALLOCATE|[14]|Bytes:6
17:46:50.1 (256199350)|METHOD_EXIT|[3]|01p4100000BOttv|animalLocator.getAnimalNameById(Integer)
17:46:50.1 (256206297)|SYSTEM_MODE_EXIT|false
17:46:50.257 (257937137)|CUMULATIVE_LIMIT_USAGE
17:46:50.257 (257937137)|LIMIT_USAGE_FOR_NS|(default)|
  Number of SOQL queries: 0 out of 100
  Number of query rows: 0 out of 50000
  Number of SOSL queries: 0 out of 20
  Number of DML statements: 0 out of 150
  Number of DML rows: 0 out of 10000
  Maximum CPU time: 0 out of 10000
  Maximum heap size: 0 out of 6000000
  Number of callouts: 1 out of 100
  Number of Email Invocations: 0 out of 10
  Number of future calls: 0 out of 50
  Number of queueable jobs added to the queue: 0 out of 50
  Number of Mobile Apex push calls: 0 out of 10

17:46:50.257 (257937137)|CUMULATIVE_LIMIT_USAGE_END

17:46:50.1 (257979647)|CODE_UNIT_FINISHED|execute_anonymous_apex
17:46:50.1 (258922342)|EXECUTION_FINISHED
