38.0 APEX_CODE,FINEST;APEX_PROFILING,INFO;CALLOUT,INFO;DB,INFO;SYSTEM,DEBUG;VALIDATION,INFO;VISUALFORCE,INFO;WORKFLOW,INFO
Execute Anonymous: 
Execute Anonymous: animalLocator al = new animalLocator();
Execute Anonymous: 
Execute Anonymous: al.getAnimalNameById(1);
18:03:26.1 (1304436)|USER_INFO|[EXTERNAL]|0054100000121Vs|scottmc526@email.com|Pacific Standard Time|GMT-08:00
18:03:26.1 (1320912)|EXECUTION_STARTED
18:03:26.1 (1324892)|CODE_UNIT_STARTED|[EXTERNAL]|execute_anonymous_apex
18:03:26.1 (9391290)|VARIABLE_SCOPE_BEGIN|[2]|al|animalLocator|true|false
18:03:26.1 (9525865)|HEAP_ALLOCATE|[72]|Bytes:3
18:03:26.1 (9572557)|HEAP_ALLOCATE|[77]|Bytes:152
18:03:26.1 (9592366)|HEAP_ALLOCATE|[342]|Bytes:408
18:03:26.1 (9613483)|HEAP_ALLOCATE|[355]|Bytes:408
18:03:26.1 (9631848)|HEAP_ALLOCATE|[467]|Bytes:48
18:03:26.1 (9664522)|HEAP_ALLOCATE|[139]|Bytes:6
18:03:26.1 (9683852)|HEAP_ALLOCATE|[EXTERNAL]|Bytes:3
18:03:26.1 (9715654)|STATEMENT_EXECUTE|[1]
18:03:26.1 (9719250)|STATEMENT_EXECUTE|[2]
18:03:26.1 (9723552)|HEAP_ALLOCATE|[2]|Bytes:3
18:03:26.1 (9727343)|HEAP_ALLOCATE|[2]|Bytes:2
18:03:26.1 (9753872)|METHOD_ENTRY|[1]|01p4100000BOttv|animalLocator.animalLocator()
18:03:26.1 (9762639)|STATEMENT_EXECUTE|[1]
18:03:26.1 (9766613)|STATEMENT_EXECUTE|[1]
18:03:26.1 (9798253)|HEAP_ALLOCATE|[50]|Bytes:5
18:03:26.1 (9823213)|HEAP_ALLOCATE|[56]|Bytes:5
18:03:26.1 (9831696)|HEAP_ALLOCATE|[64]|Bytes:7
18:03:26.1 (9852302)|SYSTEM_MODE_ENTER|false
18:03:26.1 (9867865)|HEAP_ALLOCATE|[2]|Bytes:5
18:03:26.1 (9875558)|SYSTEM_MODE_EXIT|false
18:03:26.1 (9883564)|METHOD_EXIT|[1]|animalLocator
18:03:26.1 (9898786)|HEAP_ALLOCATE|[2]|Bytes:4
18:03:26.1 (9924385)|SYSTEM_MODE_ENTER|false
18:03:26.1 (9933455)|HEAP_ALLOCATE|[2]|Bytes:5
18:03:26.1 (9946760)|CONSTRUCTOR_ENTRY|[2]|01p4100000BOttv|<init>()
18:03:26.1 (9973928)|VARIABLE_SCOPE_BEGIN|[2]|this|animalLocator|true|false
18:03:26.1 (10017978)|VARIABLE_ASSIGNMENT|[2]|this|{}|0x410db1f2
18:03:26.1 (10028695)|HEAP_ALLOCATE|[EXTERNAL]|Bytes:5
18:03:26.1 (10032549)|STATEMENT_EXECUTE|[1]
18:03:26.1 (10034937)|HEAP_ALLOCATE|[EXTERNAL]|Bytes:5
18:03:26.1 (10044700)|HEAP_ALLOCATE|[EXTERNAL]|Bytes:6
18:03:26.1 (10067551)|STATEMENT_EXECUTE|[2]
18:03:26.1 (10075149)|CONSTRUCTOR_EXIT|[2]|01p4100000BOttv|<init>()
18:03:26.1 (10078857)|SYSTEM_MODE_EXIT|false
18:03:26.1 (10097046)|VARIABLE_ASSIGNMENT|[2]|al|{}|0x410db1f2
18:03:26.1 (10099768)|STATEMENT_EXECUTE|[4]
18:03:26.1 (10128532)|SYSTEM_MODE_ENTER|false
18:03:26.1 (10135764)|HEAP_ALLOCATE|[4]|Bytes:5
18:03:26.1 (10172292)|METHOD_ENTRY|[4]|01p4100000BOttv|animalLocator.getAnimalNameById(Integer)
18:03:26.1 (10187996)|VARIABLE_SCOPE_BEGIN|[4]|this|animalLocator|true|false
18:03:26.1 (10201093)|VARIABLE_ASSIGNMENT|[4]|this|{}|0x410db1f2
18:03:26.1 (10205207)|VARIABLE_SCOPE_BEGIN|[4]|num|Integer|false|false
18:03:26.1 (10211459)|VARIABLE_ASSIGNMENT|[4]|num|1
18:03:26.1 (10221200)|HEAP_ALLOCATE|[6]|Bytes:5
18:03:26.1 (10224809)|STATEMENT_EXECUTE|[4]
18:03:26.1 (10226128)|STATEMENT_EXECUTE|[6]
18:03:26.1 (10253057)|VARIABLE_SCOPE_BEGIN|[6]|http|System.Http|true|false
18:03:26.1 (10364389)|VARIABLE_ASSIGNMENT|[6]|http|"System.Http[]"|0x2734ac56
18:03:26.1 (10368906)|STATEMENT_EXECUTE|[7]
18:03:26.1 (10385255)|VARIABLE_SCOPE_BEGIN|[7]|req|System.HttpRequest|true|false
18:03:26.1 (10444374)|VARIABLE_ASSIGNMENT|[7]|req|"System.HttpRequest[Endpoint=null, Method=null]"|0x618c92e7
18:03:26.1 (10449121)|STATEMENT_EXECUTE|[8]
18:03:26.1 (10453049)|HEAP_ALLOCATE|[8]|Bytes:51
18:03:26.1 (10528475)|HEAP_ALLOCATE|[8]|Bytes:1
18:03:26.1 (10550620)|HEAP_ALLOCATE|[8]|Bytes:52
18:03:26.1 (10588523)|STATEMENT_EXECUTE|[9]
18:03:26.1 (10592409)|HEAP_ALLOCATE|[9]|Bytes:3
18:03:26.1 (10618520)|STATEMENT_EXECUTE|[11]
18:03:26.1 (10664210)|CALLOUT_REQUEST|[11]|System.HttpRequest[Endpoint=https://th-apex-http-callout.herokuapp.com/animals/1, Method=GET]
18:03:26.1 (251260988)|HEAP_ALLOCATE|[EXTERNAL]|Bytes:288
18:03:26.1 (251347623)|CALLOUT_RESPONSE|[11]|System.HttpResponse[Status=OK, StatusCode=200]
18:03:26.1 (251371151)|HEAP_ALLOCATE|[11]|Bytes:85
18:03:26.1 (251411362)|VARIABLE_SCOPE_BEGIN|[11]|response|System.HttpResponse|true|false
18:03:26.1 (251538395)|VARIABLE_ASSIGNMENT|[11]|response|"System.HttpResponse[Status=OK, StatusCode=200]"|0x65c97dae
18:03:26.1 (251625569)|STATEMENT_EXECUTE|[13]
18:03:26.1 (251628378)|STATEMENT_EXECUTE|[14]
18:03:26.1 (251664629)|HEAP_ALLOCATE|[14]|Bytes:79
18:03:26.1 (251779194)|HEAP_ALLOCATE|[14]|Bytes:24
18:03:26.1 (251799135)|SYSTEM_METHOD_ENTRY|[1]|JSON.JSON()
18:03:26.1 (251801714)|STATEMENT_EXECUTE|[1]
18:03:26.1 (251815059)|SYSTEM_METHOD_EXIT|[1]|JSON
18:03:26.1 (251837577)|METHOD_ENTRY|[14]||System.JSON.deserializeUntyped(String)
18:03:26.1 (252356439)|METHOD_EXIT|[14]||System.JSON.deserializeUntyped(String)
18:03:26.1 (252367792)|VARIABLE_SCOPE_BEGIN|[14]|results|Map<String,ANY>|true|false
18:03:26.1 (252406324)|VARIABLE_ASSIGNMENT|[14]|results|{"s":1,"v":{"animal":{"s":2,"v":{"id":1,"name":"chicken","eats":"chicken food","says":"cluck cluck"}}}}|0x1dee4577
18:03:26.1 (252410548)|STATEMENT_EXECUTE|[15]
18:03:26.1 (252416214)|HEAP_ALLOCATE|[15]|Bytes:4
18:03:26.1 (252493298)|VARIABLE_SCOPE_BEGIN|[15]|animals|List<ANY>|true|false
18:03:26.1 (252502758)|VARIABLE_ASSIGNMENT|[15]|animals|null|
18:03:26.1 (252505144)|STATEMENT_EXECUTE|[16]
18:03:26.1 (252545816)|USER_DEBUG|[16]|DEBUG|null
18:03:26.1 (252554630)|STATEMENT_EXECUTE|[19]
18:03:26.1 (252558352)|HEAP_ALLOCATE|[19]|Bytes:6
18:03:26.1 (252574491)|METHOD_EXIT|[4]|01p4100000BOttv|animalLocator.getAnimalNameById(Integer)
18:03:26.1 (252579700)|SYSTEM_MODE_EXIT|false
18:03:26.255 (255214155)|CUMULATIVE_LIMIT_USAGE
18:03:26.255 (255214155)|LIMIT_USAGE_FOR_NS|(default)|
  Number of SOQL queries: 0 out of 100
  Number of query rows: 0 out of 50000
  Number of SOSL queries: 0 out of 20
  Number of DML statements: 0 out of 150
  Number of DML rows: 0 out of 10000
  Maximum CPU time: 0 out of 10000
  Maximum heap size: 0 out of 6000000
  Number of callouts: 1 out of 100
  Number of Email Invocations: 0 out of 10
  Number of future calls: 0 out of 50
  Number of queueable jobs added to the queue: 0 out of 50
  Number of Mobile Apex push calls: 0 out of 10

18:03:26.255 (255214155)|CUMULATIVE_LIMIT_USAGE_END

18:03:26.1 (255258074)|CODE_UNIT_FINISHED|execute_anonymous_apex
18:03:26.1 (256282219)|EXECUTION_FINISHED
