38.0 APEX_CODE,FINEST;APEX_PROFILING,INFO;CALLOUT,INFO;DB,INFO;SYSTEM,DEBUG;VALIDATION,INFO;VISUALFORCE,INFO;WORKFLOW,INFO
Execute Anonymous: 
Execute Anonymous: animalLocator al = new animalLocator();
Execute Anonymous: 
Execute Anonymous: al.getAnimalNameById(1);
18:05:32.1 (1517383)|USER_INFO|[EXTERNAL]|0054100000121Vs|scottmc526@email.com|Pacific Standard Time|GMT-08:00
18:05:32.1 (1530495)|EXECUTION_STARTED
18:05:32.1 (1534405)|CODE_UNIT_STARTED|[EXTERNAL]|execute_anonymous_apex
18:05:32.1 (12890930)|VARIABLE_SCOPE_BEGIN|[2]|al|animalLocator|true|false
18:05:32.1 (13002744)|HEAP_ALLOCATE|[72]|Bytes:3
18:05:32.1 (13042457)|HEAP_ALLOCATE|[77]|Bytes:152
18:05:32.1 (13062276)|HEAP_ALLOCATE|[342]|Bytes:408
18:05:32.1 (13087139)|HEAP_ALLOCATE|[355]|Bytes:408
18:05:32.1 (13110151)|HEAP_ALLOCATE|[467]|Bytes:48
18:05:32.1 (13140328)|HEAP_ALLOCATE|[139]|Bytes:6
18:05:32.1 (13155629)|HEAP_ALLOCATE|[EXTERNAL]|Bytes:3
18:05:32.1 (13185185)|STATEMENT_EXECUTE|[1]
18:05:32.1 (13187344)|STATEMENT_EXECUTE|[2]
18:05:32.1 (13190554)|HEAP_ALLOCATE|[2]|Bytes:3
18:05:32.1 (13193361)|HEAP_ALLOCATE|[2]|Bytes:5
18:05:32.1 (13221134)|METHOD_ENTRY|[1]|01p4100000BOttv|animalLocator.animalLocator()
18:05:32.1 (13224269)|STATEMENT_EXECUTE|[1]
18:05:32.1 (13227307)|STATEMENT_EXECUTE|[1]
18:05:32.1 (13255515)|HEAP_ALLOCATE|[50]|Bytes:5
18:05:32.1 (13271485)|HEAP_ALLOCATE|[56]|Bytes:5
18:05:32.1 (13277651)|HEAP_ALLOCATE|[64]|Bytes:7
18:05:32.1 (13290762)|SYSTEM_MODE_ENTER|false
18:05:32.1 (13299315)|HEAP_ALLOCATE|[2]|Bytes:5
18:05:32.1 (13303562)|SYSTEM_MODE_EXIT|false
18:05:32.1 (13310559)|METHOD_EXIT|[1]|animalLocator
18:05:32.1 (13320824)|HEAP_ALLOCATE|[2]|Bytes:4
18:05:32.1 (13340764)|SYSTEM_MODE_ENTER|false
18:05:32.1 (13347555)|HEAP_ALLOCATE|[2]|Bytes:5
18:05:32.1 (13356799)|CONSTRUCTOR_ENTRY|[2]|01p4100000BOttv|<init>()
18:05:32.1 (13383082)|VARIABLE_SCOPE_BEGIN|[2]|this|animalLocator|true|false
18:05:32.1 (13420928)|VARIABLE_ASSIGNMENT|[2]|this|{}|0x9db6eba
18:05:32.1 (13427604)|HEAP_ALLOCATE|[EXTERNAL]|Bytes:5
18:05:32.1 (13430283)|STATEMENT_EXECUTE|[1]
18:05:32.1 (13432311)|HEAP_ALLOCATE|[EXTERNAL]|Bytes:5
18:05:32.1 (13438930)|HEAP_ALLOCATE|[EXTERNAL]|Bytes:6
18:05:32.1 (13454465)|STATEMENT_EXECUTE|[2]
18:05:32.1 (13460855)|CONSTRUCTOR_EXIT|[2]|01p4100000BOttv|<init>()
18:05:32.1 (13464279)|SYSTEM_MODE_EXIT|false
18:05:32.1 (13476446)|VARIABLE_ASSIGNMENT|[2]|al|{}|0x9db6eba
18:05:32.1 (13478367)|STATEMENT_EXECUTE|[4]
18:05:32.1 (13505429)|SYSTEM_MODE_ENTER|false
18:05:32.1 (13510581)|HEAP_ALLOCATE|[4]|Bytes:5
18:05:32.1 (13537753)|METHOD_ENTRY|[4]|01p4100000BOttv|animalLocator.getAnimalNameById(Integer)
18:05:32.1 (13550026)|VARIABLE_SCOPE_BEGIN|[4]|this|animalLocator|true|false
18:05:32.1 (13559257)|VARIABLE_ASSIGNMENT|[4]|this|{}|0x9db6eba
18:05:32.1 (13562296)|VARIABLE_SCOPE_BEGIN|[4]|num|Integer|false|false
18:05:32.1 (13567269)|VARIABLE_ASSIGNMENT|[4]|num|1
18:05:32.1 (13573958)|HEAP_ALLOCATE|[6]|Bytes:5
18:05:32.1 (13576340)|STATEMENT_EXECUTE|[4]
18:05:32.1 (13577471)|STATEMENT_EXECUTE|[6]
18:05:32.1 (13597582)|VARIABLE_SCOPE_BEGIN|[6]|http|System.Http|true|false
18:05:32.1 (13791071)|VARIABLE_ASSIGNMENT|[6]|http|"System.Http[]"|0x5c045aa4
18:05:32.1 (13794781)|STATEMENT_EXECUTE|[7]
18:05:32.1 (13808569)|VARIABLE_SCOPE_BEGIN|[7]|req|System.HttpRequest|true|false
18:05:32.1 (13863666)|VARIABLE_ASSIGNMENT|[7]|req|"System.HttpRequest[Endpoint=null, Method=null]"|0x20262df9
18:05:32.1 (13866856)|STATEMENT_EXECUTE|[8]
18:05:32.1 (13870442)|HEAP_ALLOCATE|[8]|Bytes:51
18:05:32.1 (13929485)|HEAP_ALLOCATE|[8]|Bytes:1
18:05:32.1 (13944997)|HEAP_ALLOCATE|[8]|Bytes:52
18:05:32.1 (13977940)|STATEMENT_EXECUTE|[9]
18:05:32.1 (13980467)|HEAP_ALLOCATE|[9]|Bytes:3
18:05:32.1 (13999867)|STATEMENT_EXECUTE|[11]
18:05:32.1 (14040376)|CALLOUT_REQUEST|[11]|System.HttpRequest[Endpoint=https://th-apex-http-callout.herokuapp.com/animals/1, Method=GET]
18:05:32.1 (267431855)|HEAP_ALLOCATE|[EXTERNAL]|Bytes:288
18:05:32.1 (267519851)|CALLOUT_RESPONSE|[11]|System.HttpResponse[Status=OK, StatusCode=200]
18:05:32.1 (267540920)|HEAP_ALLOCATE|[11]|Bytes:85
18:05:32.1 (267575300)|VARIABLE_SCOPE_BEGIN|[11]|response|System.HttpResponse|true|false
18:05:32.1 (267705629)|VARIABLE_ASSIGNMENT|[11]|response|"System.HttpResponse[Status=OK, StatusCode=200]"|0xaaf134a
18:05:32.1 (267778317)|STATEMENT_EXECUTE|[13]
18:05:32.1 (267780504)|STATEMENT_EXECUTE|[14]
18:05:32.1 (267811130)|HEAP_ALLOCATE|[14]|Bytes:79
18:05:32.1 (267907917)|HEAP_ALLOCATE|[14]|Bytes:24
18:05:32.1 (267923008)|SYSTEM_METHOD_ENTRY|[1]|JSON.JSON()
18:05:32.1 (267925602)|STATEMENT_EXECUTE|[1]
18:05:32.1 (267937945)|SYSTEM_METHOD_EXIT|[1]|JSON
18:05:32.1 (267956181)|METHOD_ENTRY|[14]||System.JSON.deserializeUntyped(String)
18:05:32.1 (268404684)|METHOD_EXIT|[14]||System.JSON.deserializeUntyped(String)
18:05:32.1 (268415633)|VARIABLE_SCOPE_BEGIN|[14]|results|Map<String,ANY>|true|false
18:05:32.1 (268455146)|VARIABLE_ASSIGNMENT|[14]|results|{"s":1,"v":{"animal":{"s":2,"v":{"id":1,"name":"chicken","eats":"chicken food","says":"cluck cluck"}}}}|0x753d1a04
18:05:32.1 (268459270)|STATEMENT_EXECUTE|[15]
18:05:32.1 (268536987)|USER_DEBUG|[15]|DEBUG|{animal={eats=chicken food, id=1, name=chicken, says=cluck cluck}}
18:05:32.1 (268546804)|STATEMENT_EXECUTE|[16]
18:05:32.1 (268552529)|HEAP_ALLOCATE|[16]|Bytes:6
18:05:32.1 (268605568)|VARIABLE_SCOPE_BEGIN|[16]|animals|Map<String,ANY>|true|false
18:05:32.1 (268622761)|VARIABLE_ASSIGNMENT|[16]|animals|{"s":1,"v":{"id":1,"name":"chicken","eats":"chicken food","says":"cluck cluck"}}|0x31b8085b
18:05:32.1 (268626054)|STATEMENT_EXECUTE|[17]
18:05:32.1 (268644078)|USER_DEBUG|[17]|DEBUG|{eats=chicken food, id=1, name=chicken, says=cluck cluck}
18:05:32.1 (268649648)|STATEMENT_EXECUTE|[20]
18:05:32.1 (268652729)|HEAP_ALLOCATE|[20]|Bytes:6
18:05:32.1 (268668515)|METHOD_EXIT|[4]|01p4100000BOttv|animalLocator.getAnimalNameById(Integer)
18:05:32.1 (268673891)|SYSTEM_MODE_EXIT|false
18:05:32.271 (271273510)|CUMULATIVE_LIMIT_USAGE
18:05:32.271 (271273510)|LIMIT_USAGE_FOR_NS|(default)|
  Number of SOQL queries: 0 out of 100
  Number of query rows: 0 out of 50000
  Number of SOSL queries: 0 out of 20
  Number of DML statements: 0 out of 150
  Number of DML rows: 0 out of 10000
  Maximum CPU time: 0 out of 10000
  Maximum heap size: 0 out of 6000000
  Number of callouts: 1 out of 100
  Number of Email Invocations: 0 out of 10
  Number of future calls: 0 out of 50
  Number of queueable jobs added to the queue: 0 out of 50
  Number of Mobile Apex push calls: 0 out of 10

18:05:32.271 (271273510)|CUMULATIVE_LIMIT_USAGE_END

18:05:32.1 (271320529)|CODE_UNIT_FINISHED|execute_anonymous_apex
18:05:32.1 (272836656)|EXECUTION_FINISHED
