38.0 APEX_CODE,FINEST;APEX_PROFILING,INFO;CALLOUT,INFO;DB,INFO;SYSTEM,DEBUG;VALIDATION,INFO;VISUALFORCE,INFO;WORKFLOW,INFO
Execute Anonymous: 
Execute Anonymous: animalLocator al = new animalLocator();
Execute Anonymous: 
Execute Anonymous: al.getAnimalNameById(1);
18:20:02.1 (1933146)|USER_INFO|[EXTERNAL]|0054100000121Vs|scottmc526@email.com|Pacific Standard Time|GMT-08:00
18:20:02.1 (1952835)|EXECUTION_STARTED
18:20:02.1 (1957368)|CODE_UNIT_STARTED|[EXTERNAL]|execute_anonymous_apex
18:20:02.1 (15268286)|VARIABLE_SCOPE_BEGIN|[2]|al|animalLocator|true|false
18:20:02.1 (15422743)|HEAP_ALLOCATE|[72]|Bytes:3
18:20:02.1 (15462874)|HEAP_ALLOCATE|[77]|Bytes:152
18:20:02.1 (15487213)|HEAP_ALLOCATE|[342]|Bytes:408
18:20:02.1 (15521805)|HEAP_ALLOCATE|[355]|Bytes:408
18:20:02.1 (15551192)|HEAP_ALLOCATE|[467]|Bytes:48
18:20:02.1 (15599415)|HEAP_ALLOCATE|[139]|Bytes:6
18:20:02.1 (15632749)|HEAP_ALLOCATE|[EXTERNAL]|Bytes:3
18:20:02.1 (15669565)|STATEMENT_EXECUTE|[1]
18:20:02.1 (15673316)|STATEMENT_EXECUTE|[2]
18:20:02.1 (15677124)|HEAP_ALLOCATE|[2]|Bytes:3
18:20:02.1 (15681127)|HEAP_ALLOCATE|[2]|Bytes:2
18:20:02.1 (15709902)|METHOD_ENTRY|[1]|01p4100000BOttv|animalLocator.animalLocator()
18:20:02.1 (15714008)|STATEMENT_EXECUTE|[1]
18:20:02.1 (15718709)|STATEMENT_EXECUTE|[1]
18:20:02.1 (15747642)|HEAP_ALLOCATE|[50]|Bytes:5
18:20:02.1 (15768858)|HEAP_ALLOCATE|[56]|Bytes:5
18:20:02.1 (15777960)|HEAP_ALLOCATE|[64]|Bytes:7
18:20:02.1 (15795799)|SYSTEM_MODE_ENTER|false
18:20:02.1 (15805749)|HEAP_ALLOCATE|[2]|Bytes:5
18:20:02.1 (15811508)|SYSTEM_MODE_EXIT|false
18:20:02.1 (15820096)|METHOD_EXIT|[1]|animalLocator
18:20:02.1 (15834989)|HEAP_ALLOCATE|[2]|Bytes:4
18:20:02.1 (15861921)|SYSTEM_MODE_ENTER|false
18:20:02.1 (15870868)|HEAP_ALLOCATE|[2]|Bytes:5
18:20:02.1 (15884264)|CONSTRUCTOR_ENTRY|[2]|01p4100000BOttv|<init>()
18:20:02.1 (15912012)|VARIABLE_SCOPE_BEGIN|[2]|this|animalLocator|true|false
18:20:02.1 (15956915)|VARIABLE_ASSIGNMENT|[2]|this|{}|0x10b39b88
18:20:02.1 (15969396)|HEAP_ALLOCATE|[EXTERNAL]|Bytes:5
18:20:02.1 (15975160)|STATEMENT_EXECUTE|[1]
18:20:02.1 (15981519)|HEAP_ALLOCATE|[EXTERNAL]|Bytes:5
18:20:02.1 (15996374)|HEAP_ALLOCATE|[EXTERNAL]|Bytes:6
18:20:02.1 (16030003)|STATEMENT_EXECUTE|[2]
18:20:02.1 (16044548)|CONSTRUCTOR_EXIT|[2]|01p4100000BOttv|<init>()
18:20:02.1 (16051130)|SYSTEM_MODE_EXIT|false
18:20:02.1 (16078929)|VARIABLE_ASSIGNMENT|[2]|al|{}|0x10b39b88
18:20:02.1 (16082885)|STATEMENT_EXECUTE|[4]
18:20:02.1 (16111862)|SYSTEM_MODE_ENTER|false
18:20:02.1 (16133295)|HEAP_ALLOCATE|[4]|Bytes:5
18:20:02.1 (16180955)|METHOD_ENTRY|[4]|01p4100000BOttv|animalLocator.getAnimalNameById(Integer)
18:20:02.1 (16205549)|VARIABLE_SCOPE_BEGIN|[4]|this|animalLocator|true|false
18:20:02.1 (16222830)|VARIABLE_ASSIGNMENT|[4]|this|{}|0x10b39b88
18:20:02.1 (16229138)|VARIABLE_SCOPE_BEGIN|[4]|num|Integer|false|false
18:20:02.1 (16236825)|VARIABLE_ASSIGNMENT|[4]|num|1
18:20:02.1 (16250573)|HEAP_ALLOCATE|[5]|Bytes:5
18:20:02.1 (16256623)|STATEMENT_EXECUTE|[4]
18:20:02.1 (16259395)|STATEMENT_EXECUTE|[5]
18:20:02.1 (16264902)|VARIABLE_SCOPE_BEGIN|[5]|name|String|false|false
18:20:02.1 (16272052)|VARIABLE_ASSIGNMENT|[5]|name|null
18:20:02.1 (16273759)|STATEMENT_EXECUTE|[6]
18:20:02.1 (16296082)|VARIABLE_SCOPE_BEGIN|[6]|http|System.Http|true|false
18:20:02.1 (16521102)|VARIABLE_ASSIGNMENT|[6]|http|"System.Http[]"|0x37c4666d
18:20:02.1 (16525721)|STATEMENT_EXECUTE|[7]
18:20:02.1 (16542184)|VARIABLE_SCOPE_BEGIN|[7]|req|System.HttpRequest|true|false
18:20:02.1 (16601408)|VARIABLE_ASSIGNMENT|[7]|req|"System.HttpRequest[Endpoint=null, Method=null]"|0x333ab120
18:20:02.1 (16605818)|STATEMENT_EXECUTE|[8]
18:20:02.1 (16610470)|HEAP_ALLOCATE|[8]|Bytes:51
18:20:02.1 (16696019)|HEAP_ALLOCATE|[8]|Bytes:1
18:20:02.1 (16719173)|HEAP_ALLOCATE|[8]|Bytes:52
18:20:02.1 (16752081)|STATEMENT_EXECUTE|[9]
18:20:02.1 (16756180)|HEAP_ALLOCATE|[9]|Bytes:3
18:20:02.1 (16784163)|STATEMENT_EXECUTE|[11]
18:20:02.1 (16833522)|CALLOUT_REQUEST|[11]|System.HttpRequest[Endpoint=https://th-apex-http-callout.herokuapp.com/animals/1, Method=GET]
18:20:02.1 (259481732)|HEAP_ALLOCATE|[EXTERNAL]|Bytes:288
18:20:02.1 (259577489)|CALLOUT_RESPONSE|[11]|System.HttpResponse[Status=OK, StatusCode=200]
18:20:02.1 (259599245)|HEAP_ALLOCATE|[11]|Bytes:85
18:20:02.1 (259641749)|VARIABLE_SCOPE_BEGIN|[11]|response|System.HttpResponse|true|false
18:20:02.1 (259839393)|VARIABLE_ASSIGNMENT|[11]|response|"System.HttpResponse[Status=OK, StatusCode=200]"|0x76b12381
18:20:02.1 (259929987)|STATEMENT_EXECUTE|[13]
18:20:02.1 (259934177)|STATEMENT_EXECUTE|[14]
18:20:02.1 (259986440)|HEAP_ALLOCATE|[14]|Bytes:79
18:20:02.1 (260098341)|HEAP_ALLOCATE|[14]|Bytes:24
18:20:02.1 (260124379)|SYSTEM_METHOD_ENTRY|[1]|JSON.JSON()
18:20:02.1 (260183536)|STATEMENT_EXECUTE|[1]
18:20:02.1 (260215382)|SYSTEM_METHOD_EXIT|[1]|JSON
18:20:02.1 (260245271)|METHOD_ENTRY|[14]||System.JSON.deserializeUntyped(String)
18:20:02.1 (260914555)|METHOD_EXIT|[14]||System.JSON.deserializeUntyped(String)
18:20:02.1 (261013537)|HEAP_ALLOCATE|[14]|Bytes:72
18:20:02.1 (261038874)|METHOD_EXIT|[4]|01p4100000BOttv|animalLocator.getAnimalNameById(Integer)
18:20:02.1 (261044980)|SYSTEM_MODE_EXIT|false
18:20:02.1 (261180106)|FATAL_ERROR|System.TypeException: Invalid conversion from runtime type Map<String,ANY> to List<String>

Class.animalLocator.getAnimalNameById: line 14, column 1
AnonymousBlock: line 4, column 1
AnonymousBlock: line 4, column 1
18:20:02.261 (261227139)|CUMULATIVE_LIMIT_USAGE
18:20:02.261 (261227139)|LIMIT_USAGE_FOR_NS|(default)|
  Number of SOQL queries: 0 out of 100
  Number of query rows: 0 out of 50000
  Number of SOSL queries: 0 out of 20
  Number of DML statements: 0 out of 150
  Number of DML rows: 0 out of 10000
  Maximum CPU time: 0 out of 10000
  Maximum heap size: 0 out of 6000000
  Number of callouts: 1 out of 100
  Number of Email Invocations: 0 out of 10
  Number of future calls: 0 out of 50
  Number of queueable jobs added to the queue: 0 out of 50
  Number of Mobile Apex push calls: 0 out of 10

18:20:02.261 (261227139)|CUMULATIVE_LIMIT_USAGE_END

18:20:02.1 (261274428)|CODE_UNIT_FINISHED|execute_anonymous_apex
18:20:02.1 (264093181)|EXECUTION_FINISHED
