38.0 APEX_CODE,FINEST;APEX_PROFILING,INFO;CALLOUT,INFO;DB,INFO;SYSTEM,DEBUG;VALIDATION,INFO;VISUALFORCE,INFO;WORKFLOW,INFO
Execute Anonymous: 
Execute Anonymous: animalLocator al = new animalLocator();
Execute Anonymous: 
Execute Anonymous: al.getAnimalNameById(1);
17:47:36.1 (1260690)|USER_INFO|[EXTERNAL]|0054100000121Vs|scottmc526@email.com|Pacific Standard Time|GMT-08:00
17:47:36.1 (1273388)|EXECUTION_STARTED
17:47:36.1 (1276816)|CODE_UNIT_STARTED|[EXTERNAL]|execute_anonymous_apex
17:47:36.1 (28492189)|VARIABLE_SCOPE_BEGIN|[2]|al|animalLocator|true|false
17:47:36.1 (28642027)|HEAP_ALLOCATE|[72]|Bytes:3
17:47:36.1 (28691693)|HEAP_ALLOCATE|[77]|Bytes:152
17:47:36.1 (28707176)|HEAP_ALLOCATE|[342]|Bytes:408
17:47:36.1 (28722148)|HEAP_ALLOCATE|[355]|Bytes:408
17:47:36.1 (28736954)|HEAP_ALLOCATE|[467]|Bytes:48
17:47:36.1 (28769480)|HEAP_ALLOCATE|[139]|Bytes:6
17:47:36.1 (28788019)|HEAP_ALLOCATE|[EXTERNAL]|Bytes:3
17:47:36.1 (28822890)|STATEMENT_EXECUTE|[1]
17:47:36.1 (28826112)|STATEMENT_EXECUTE|[2]
17:47:36.1 (28831725)|HEAP_ALLOCATE|[2]|Bytes:3
17:47:36.1 (28836151)|HEAP_ALLOCATE|[2]|Bytes:2
17:47:36.1 (28864002)|METHOD_ENTRY|[1]|01p4100000BOttv|animalLocator.animalLocator()
17:47:36.1 (28867402)|STATEMENT_EXECUTE|[1]
17:47:36.1 (28871292)|STATEMENT_EXECUTE|[1]
17:47:36.1 (28926801)|HEAP_ALLOCATE|[50]|Bytes:5
17:47:36.1 (28956737)|HEAP_ALLOCATE|[56]|Bytes:5
17:47:36.1 (28965694)|HEAP_ALLOCATE|[64]|Bytes:7
17:47:36.1 (28987275)|SYSTEM_MODE_ENTER|false
17:47:36.1 (29003321)|HEAP_ALLOCATE|[2]|Bytes:5
17:47:36.1 (29011860)|SYSTEM_MODE_EXIT|false
17:47:36.1 (29019567)|METHOD_EXIT|[1]|animalLocator
17:47:36.1 (29035012)|HEAP_ALLOCATE|[2]|Bytes:4
17:47:36.1 (29061113)|SYSTEM_MODE_ENTER|false
17:47:36.1 (29069999)|HEAP_ALLOCATE|[2]|Bytes:5
17:47:36.1 (29083511)|CONSTRUCTOR_ENTRY|[2]|01p4100000BOttv|<init>()
17:47:36.1 (29110867)|VARIABLE_SCOPE_BEGIN|[2]|this|animalLocator|true|false
17:47:36.1 (29158437)|VARIABLE_ASSIGNMENT|[2]|this|{}|0x3191f991
17:47:36.1 (29167736)|HEAP_ALLOCATE|[EXTERNAL]|Bytes:5
17:47:36.1 (29171343)|STATEMENT_EXECUTE|[1]
17:47:36.1 (29173904)|HEAP_ALLOCATE|[EXTERNAL]|Bytes:5
17:47:36.1 (29182997)|HEAP_ALLOCATE|[EXTERNAL]|Bytes:6
17:47:36.1 (29204930)|STATEMENT_EXECUTE|[2]
17:47:36.1 (29213354)|CONSTRUCTOR_EXIT|[2]|01p4100000BOttv|<init>()
17:47:36.1 (29217016)|SYSTEM_MODE_EXIT|false
17:47:36.1 (29235930)|VARIABLE_ASSIGNMENT|[2]|al|{}|0x3191f991
17:47:36.1 (29238558)|STATEMENT_EXECUTE|[4]
17:47:36.1 (29266616)|SYSTEM_MODE_ENTER|false
17:47:36.1 (29274443)|HEAP_ALLOCATE|[4]|Bytes:5
17:47:36.1 (29309678)|METHOD_ENTRY|[4]|01p4100000BOttv|animalLocator.getAnimalNameById(Integer)
17:47:36.1 (29325865)|VARIABLE_SCOPE_BEGIN|[4]|this|animalLocator|true|false
17:47:36.1 (29338588)|VARIABLE_ASSIGNMENT|[4]|this|{}|0x3191f991
17:47:36.1 (29342978)|VARIABLE_SCOPE_BEGIN|[4]|num|Integer|false|false
17:47:36.1 (29348288)|VARIABLE_ASSIGNMENT|[4]|num|1
17:47:36.1 (29358832)|HEAP_ALLOCATE|[5]|Bytes:5
17:47:36.1 (29362103)|STATEMENT_EXECUTE|[4]
17:47:36.1 (29363325)|STATEMENT_EXECUTE|[5]
17:47:36.1 (29390062)|VARIABLE_SCOPE_BEGIN|[5]|http|System.Http|true|false
17:47:36.1 (29515948)|VARIABLE_ASSIGNMENT|[5]|http|"System.Http[]"|0x7f36bc42
17:47:36.1 (29520801)|STATEMENT_EXECUTE|[6]
17:47:36.1 (29537608)|VARIABLE_SCOPE_BEGIN|[6]|req|System.HttpRequest|true|false
17:47:36.1 (29595568)|VARIABLE_ASSIGNMENT|[6]|req|"System.HttpRequest[Endpoint=null, Method=null]"|0x1d6a08c5
17:47:36.1 (29599522)|STATEMENT_EXECUTE|[7]
17:47:36.1 (29603876)|HEAP_ALLOCATE|[7]|Bytes:51
17:47:36.1 (29681490)|HEAP_ALLOCATE|[7]|Bytes:1
17:47:36.1 (29705463)|HEAP_ALLOCATE|[7]|Bytes:52
17:47:36.1 (29748147)|STATEMENT_EXECUTE|[8]
17:47:36.1 (29751766)|HEAP_ALLOCATE|[8]|Bytes:3
17:47:36.1 (29777163)|STATEMENT_EXECUTE|[10]
17:47:36.1 (29828391)|CALLOUT_REQUEST|[10]|System.HttpRequest[Endpoint=https://th-apex-http-callout.herokuapp.com/animals/1, Method=GET]
17:47:36.1 (274682441)|HEAP_ALLOCATE|[EXTERNAL]|Bytes:288
17:47:36.1 (274779094)|CALLOUT_RESPONSE|[10]|System.HttpResponse[Status=OK, StatusCode=200]
17:47:36.1 (274800918)|HEAP_ALLOCATE|[10]|Bytes:85
17:47:36.1 (274836169)|VARIABLE_SCOPE_BEGIN|[10]|response|System.HttpResponse|true|false
17:47:36.1 (274972085)|VARIABLE_ASSIGNMENT|[10]|response|"System.HttpResponse[Status=OK, StatusCode=200]"|0x2ae35e79
17:47:36.1 (275048774)|STATEMENT_EXECUTE|[12]
17:47:36.1 (275051944)|STATEMENT_EXECUTE|[13]
17:47:36.1 (275060927)|HEAP_ALLOCATE|[13]|Bytes:6
17:47:36.1 (275122013)|USER_DEBUG|[13]|DEBUG|hooray
17:47:36.1 (275131833)|STATEMENT_EXECUTE|[16]
17:47:36.1 (275135912)|HEAP_ALLOCATE|[16]|Bytes:6
17:47:36.1 (275158951)|METHOD_EXIT|[4]|01p4100000BOttv|animalLocator.getAnimalNameById(Integer)
17:47:36.1 (275165922)|SYSTEM_MODE_EXIT|false
17:47:36.277 (277032132)|CUMULATIVE_LIMIT_USAGE
17:47:36.277 (277032132)|LIMIT_USAGE_FOR_NS|(default)|
  Number of SOQL queries: 0 out of 100
  Number of query rows: 0 out of 50000
  Number of SOSL queries: 0 out of 20
  Number of DML statements: 0 out of 150
  Number of DML rows: 0 out of 10000
  Maximum CPU time: 0 out of 10000
  Maximum heap size: 0 out of 6000000
  Number of callouts: 1 out of 100
  Number of Email Invocations: 0 out of 10
  Number of future calls: 0 out of 50
  Number of queueable jobs added to the queue: 0 out of 50
  Number of Mobile Apex push calls: 0 out of 10

17:47:36.277 (277032132)|CUMULATIVE_LIMIT_USAGE_END

17:47:36.1 (277081371)|CODE_UNIT_FINISHED|execute_anonymous_apex
17:47:36.1 (278096647)|EXECUTION_FINISHED
