38.0 APEX_CODE,FINEST;APEX_PROFILING,INFO;CALLOUT,INFO;DB,INFO;SYSTEM,DEBUG;VALIDATION,INFO;VISUALFORCE,INFO;WORKFLOW,INFO
Execute Anonymous: 
Execute Anonymous: animalLocator al = new animalLocator();
Execute Anonymous: 
Execute Anonymous: al.getAnimalNameById(1);
18:04:49.1 (1987302)|USER_INFO|[EXTERNAL]|0054100000121Vs|scottmc526@email.com|Pacific Standard Time|GMT-08:00
18:04:49.1 (2002391)|EXECUTION_STARTED
18:04:49.1 (2008254)|CODE_UNIT_STARTED|[EXTERNAL]|execute_anonymous_apex
18:04:49.1 (3372900)|VARIABLE_SCOPE_BEGIN|[2]|al|animalLocator|true|false
18:04:49.1 (3522985)|HEAP_ALLOCATE|[72]|Bytes:3
18:04:49.1 (3578064)|HEAP_ALLOCATE|[77]|Bytes:152
18:04:49.1 (3598349)|HEAP_ALLOCATE|[342]|Bytes:408
18:04:49.1 (3618902)|HEAP_ALLOCATE|[355]|Bytes:408
18:04:49.1 (3637045)|HEAP_ALLOCATE|[467]|Bytes:48
18:04:49.1 (3674971)|HEAP_ALLOCATE|[139]|Bytes:6
18:04:49.1 (3695511)|HEAP_ALLOCATE|[EXTERNAL]|Bytes:3
18:04:49.1 (3739232)|STATEMENT_EXECUTE|[1]
18:04:49.1 (3743007)|STATEMENT_EXECUTE|[2]
18:04:49.1 (3748032)|HEAP_ALLOCATE|[2]|Bytes:3
18:04:49.1 (3752163)|HEAP_ALLOCATE|[2]|Bytes:5
18:04:49.1 (3781545)|METHOD_ENTRY|[1]|01p4100000BOttv|animalLocator.animalLocator()
18:04:49.1 (3793887)|STATEMENT_EXECUTE|[1]
18:04:49.1 (3798573)|STATEMENT_EXECUTE|[1]
18:04:49.1 (3833949)|HEAP_ALLOCATE|[50]|Bytes:5
18:04:49.1 (3860602)|HEAP_ALLOCATE|[56]|Bytes:5
18:04:49.1 (3869106)|HEAP_ALLOCATE|[64]|Bytes:7
18:04:49.1 (3899562)|SYSTEM_MODE_ENTER|false
18:04:49.1 (3921674)|HEAP_ALLOCATE|[2]|Bytes:5
18:04:49.1 (3930731)|SYSTEM_MODE_EXIT|false
18:04:49.1 (3940578)|METHOD_EXIT|[1]|animalLocator
18:04:49.1 (3956613)|HEAP_ALLOCATE|[2]|Bytes:4
18:04:49.1 (3983020)|SYSTEM_MODE_ENTER|false
18:04:49.1 (3992332)|HEAP_ALLOCATE|[2]|Bytes:5
18:04:49.1 (4005470)|CONSTRUCTOR_ENTRY|[2]|01p4100000BOttv|<init>()
18:04:49.1 (4035945)|VARIABLE_SCOPE_BEGIN|[2]|this|animalLocator|true|false
18:04:49.1 (4086864)|VARIABLE_ASSIGNMENT|[2]|this|{}|0x640dd806
18:04:49.1 (4097232)|HEAP_ALLOCATE|[EXTERNAL]|Bytes:5
18:04:49.1 (4101118)|STATEMENT_EXECUTE|[1]
18:04:49.1 (4103521)|HEAP_ALLOCATE|[EXTERNAL]|Bytes:5
18:04:49.1 (4113143)|HEAP_ALLOCATE|[EXTERNAL]|Bytes:6
18:04:49.1 (4135513)|STATEMENT_EXECUTE|[2]
18:04:49.1 (4143192)|CONSTRUCTOR_EXIT|[2]|01p4100000BOttv|<init>()
18:04:49.1 (4149528)|SYSTEM_MODE_EXIT|false
18:04:49.1 (4167896)|VARIABLE_ASSIGNMENT|[2]|al|{}|0x640dd806
18:04:49.1 (4171041)|STATEMENT_EXECUTE|[4]
18:04:49.1 (4199973)|SYSTEM_MODE_ENTER|false
18:04:49.1 (4207451)|HEAP_ALLOCATE|[4]|Bytes:5
18:04:49.1 (4245584)|METHOD_ENTRY|[4]|01p4100000BOttv|animalLocator.getAnimalNameById(Integer)
18:04:49.1 (4261485)|VARIABLE_SCOPE_BEGIN|[4]|this|animalLocator|true|false
18:04:49.1 (4274104)|VARIABLE_ASSIGNMENT|[4]|this|{}|0x640dd806
18:04:49.1 (4280948)|VARIABLE_SCOPE_BEGIN|[4]|num|Integer|false|false
18:04:49.1 (4287472)|VARIABLE_ASSIGNMENT|[4]|num|1
18:04:49.1 (4297201)|HEAP_ALLOCATE|[6]|Bytes:5
18:04:49.1 (4300932)|STATEMENT_EXECUTE|[4]
18:04:49.1 (4302105)|STATEMENT_EXECUTE|[6]
18:04:49.1 (4334613)|VARIABLE_SCOPE_BEGIN|[6]|http|System.Http|true|false
18:04:49.1 (4482769)|VARIABLE_ASSIGNMENT|[6]|http|"System.Http[]"|0x63611334
18:04:49.1 (4487330)|STATEMENT_EXECUTE|[7]
18:04:49.1 (4506375)|VARIABLE_SCOPE_BEGIN|[7]|req|System.HttpRequest|true|false
18:04:49.1 (4566886)|VARIABLE_ASSIGNMENT|[7]|req|"System.HttpRequest[Endpoint=null, Method=null]"|0x42698640
18:04:49.1 (4571153)|STATEMENT_EXECUTE|[8]
18:04:49.1 (4574898)|HEAP_ALLOCATE|[8]|Bytes:51
18:04:49.1 (4663074)|HEAP_ALLOCATE|[8]|Bytes:1
18:04:49.1 (4686268)|HEAP_ALLOCATE|[8]|Bytes:52
18:04:49.1 (4723692)|STATEMENT_EXECUTE|[9]
18:04:49.1 (4727770)|HEAP_ALLOCATE|[9]|Bytes:3
18:04:49.1 (4753707)|STATEMENT_EXECUTE|[11]
18:04:49.1 (4802845)|CALLOUT_REQUEST|[11]|System.HttpRequest[Endpoint=https://th-apex-http-callout.herokuapp.com/animals/1, Method=GET]
18:04:49.1 (246089986)|HEAP_ALLOCATE|[EXTERNAL]|Bytes:288
18:04:49.1 (246172745)|CALLOUT_RESPONSE|[11]|System.HttpResponse[Status=OK, StatusCode=200]
18:04:49.1 (246194819)|HEAP_ALLOCATE|[11]|Bytes:85
18:04:49.1 (246235461)|VARIABLE_SCOPE_BEGIN|[11]|response|System.HttpResponse|true|false
18:04:49.1 (246364357)|VARIABLE_ASSIGNMENT|[11]|response|"System.HttpResponse[Status=OK, StatusCode=200]"|0x65e5df3c
18:04:49.1 (246449068)|STATEMENT_EXECUTE|[13]
18:04:49.1 (246451741)|STATEMENT_EXECUTE|[14]
18:04:49.1 (246489529)|HEAP_ALLOCATE|[14]|Bytes:79
18:04:49.1 (246599218)|HEAP_ALLOCATE|[14]|Bytes:24
18:04:49.1 (246618901)|SYSTEM_METHOD_ENTRY|[1]|JSON.JSON()
18:04:49.1 (246621248)|STATEMENT_EXECUTE|[1]
18:04:49.1 (246633215)|SYSTEM_METHOD_EXIT|[1]|JSON
18:04:49.1 (246657144)|METHOD_ENTRY|[14]||System.JSON.deserializeUntyped(String)
18:04:49.1 (247171859)|METHOD_EXIT|[14]||System.JSON.deserializeUntyped(String)
18:04:49.1 (247183308)|VARIABLE_SCOPE_BEGIN|[14]|results|Map<String,ANY>|true|false
18:04:49.1 (247220705)|VARIABLE_ASSIGNMENT|[14]|results|{"s":1,"v":{"animal":{"s":2,"v":{"id":1,"name":"chicken","eats":"chicken food","says":"cluck cluck"}}}}|0x57ae9963
18:04:49.1 (247224785)|STATEMENT_EXECUTE|[15]
18:04:49.1 (247276356)|USER_DEBUG|[15]|DEBUG|{animal={eats=chicken food, id=1, name=chicken, says=cluck cluck}}
18:04:49.1 (247284934)|STATEMENT_EXECUTE|[16]
18:04:49.1 (247291176)|HEAP_ALLOCATE|[16]|Bytes:6
18:04:49.1 (247614841)|HEAP_ALLOCATE|[16]|Bytes:69
18:04:49.1 (247642450)|METHOD_EXIT|[4]|01p4100000BOttv|animalLocator.getAnimalNameById(Integer)
18:04:49.1 (247648948)|SYSTEM_MODE_EXIT|false
18:04:49.1 (247753243)|FATAL_ERROR|System.TypeException: Invalid conversion from runtime type Map<String,ANY> to List<ANY>

Class.animalLocator.getAnimalNameById: line 16, column 1
AnonymousBlock: line 4, column 1
AnonymousBlock: line 4, column 1
18:04:49.247 (247799012)|CUMULATIVE_LIMIT_USAGE
18:04:49.247 (247799012)|LIMIT_USAGE_FOR_NS|(default)|
  Number of SOQL queries: 0 out of 100
  Number of query rows: 0 out of 50000
  Number of SOSL queries: 0 out of 20
  Number of DML statements: 0 out of 150
  Number of DML rows: 0 out of 10000
  Maximum CPU time: 0 out of 10000
  Maximum heap size: 0 out of 6000000
  Number of callouts: 1 out of 100
  Number of Email Invocations: 0 out of 10
  Number of future calls: 0 out of 50
  Number of queueable jobs added to the queue: 0 out of 50
  Number of Mobile Apex push calls: 0 out of 10

18:04:49.247 (247799012)|CUMULATIVE_LIMIT_USAGE_END

18:04:49.1 (247843185)|CODE_UNIT_FINISHED|execute_anonymous_apex
18:04:49.1 (250626416)|EXECUTION_FINISHED
