38.0 APEX_CODE,FINEST;APEX_PROFILING,INFO;CALLOUT,INFO;DB,INFO;SYSTEM,DEBUG;VALIDATION,INFO;VISUALFORCE,INFO;WORKFLOW,INFO
Execute Anonymous: 
Execute Anonymous: animalLocator al = new animalLocator();
Execute Anonymous: 
Execute Anonymous: al.getAnimalNameById(1);
18:14:02.1 (1378877)|USER_INFO|[EXTERNAL]|0054100000121Vs|scottmc526@email.com|Pacific Standard Time|GMT-08:00
18:14:02.1 (1392656)|EXECUTION_STARTED
18:14:02.1 (1396717)|CODE_UNIT_STARTED|[EXTERNAL]|execute_anonymous_apex
18:14:02.1 (13198996)|VARIABLE_SCOPE_BEGIN|[2]|al|animalLocator|true|false
18:14:02.1 (13363184)|HEAP_ALLOCATE|[72]|Bytes:3
18:14:02.1 (13415038)|HEAP_ALLOCATE|[77]|Bytes:152
18:14:02.1 (13429627)|HEAP_ALLOCATE|[342]|Bytes:408
18:14:02.1 (13444047)|HEAP_ALLOCATE|[355]|Bytes:408
18:14:02.1 (13460175)|HEAP_ALLOCATE|[467]|Bytes:48
18:14:02.1 (13490840)|HEAP_ALLOCATE|[139]|Bytes:6
18:14:02.1 (13505855)|HEAP_ALLOCATE|[EXTERNAL]|Bytes:3
18:14:02.1 (13546710)|STATEMENT_EXECUTE|[1]
18:14:02.1 (13550202)|STATEMENT_EXECUTE|[2]
18:14:02.1 (13555653)|HEAP_ALLOCATE|[2]|Bytes:3
18:14:02.1 (13560052)|HEAP_ALLOCATE|[2]|Bytes:2
18:14:02.1 (13608330)|METHOD_ENTRY|[1]|01p4100000BOttv|animalLocator.animalLocator()
18:14:02.1 (13613053)|STATEMENT_EXECUTE|[1]
18:14:02.1 (13618254)|STATEMENT_EXECUTE|[1]
18:14:02.1 (13665332)|HEAP_ALLOCATE|[50]|Bytes:5
18:14:02.1 (13694341)|HEAP_ALLOCATE|[56]|Bytes:5
18:14:02.1 (13703681)|HEAP_ALLOCATE|[64]|Bytes:7
18:14:02.1 (13725337)|SYSTEM_MODE_ENTER|false
18:14:02.1 (13742561)|HEAP_ALLOCATE|[2]|Bytes:5
18:14:02.1 (13751491)|SYSTEM_MODE_EXIT|false
18:14:02.1 (13761261)|METHOD_EXIT|[1]|animalLocator
18:14:02.1 (13776028)|HEAP_ALLOCATE|[2]|Bytes:4
18:14:02.1 (13801859)|SYSTEM_MODE_ENTER|false
18:14:02.1 (13810790)|HEAP_ALLOCATE|[2]|Bytes:5
18:14:02.1 (13823601)|CONSTRUCTOR_ENTRY|[2]|01p4100000BOttv|<init>()
18:14:02.1 (13858054)|VARIABLE_SCOPE_BEGIN|[2]|this|animalLocator|true|false
18:14:02.1 (13908713)|VARIABLE_ASSIGNMENT|[2]|this|{}|0x3f5db28e
18:14:02.1 (13918032)|HEAP_ALLOCATE|[EXTERNAL]|Bytes:5
18:14:02.1 (13921818)|STATEMENT_EXECUTE|[1]
18:14:02.1 (13924853)|HEAP_ALLOCATE|[EXTERNAL]|Bytes:5
18:14:02.1 (13934308)|HEAP_ALLOCATE|[EXTERNAL]|Bytes:6
18:14:02.1 (13957528)|STATEMENT_EXECUTE|[2]
18:14:02.1 (13966005)|CONSTRUCTOR_EXIT|[2]|01p4100000BOttv|<init>()
18:14:02.1 (13970523)|SYSTEM_MODE_EXIT|false
18:14:02.1 (13990123)|VARIABLE_ASSIGNMENT|[2]|al|{}|0x3f5db28e
18:14:02.1 (13993311)|STATEMENT_EXECUTE|[4]
18:14:02.1 (14022942)|SYSTEM_MODE_ENTER|false
18:14:02.1 (14030909)|HEAP_ALLOCATE|[4]|Bytes:5
18:14:02.1 (14070305)|METHOD_ENTRY|[4]|01p4100000BOttv|animalLocator.getAnimalNameById(Integer)
18:14:02.1 (14087314)|VARIABLE_SCOPE_BEGIN|[4]|this|animalLocator|true|false
18:14:02.1 (14100337)|VARIABLE_ASSIGNMENT|[4]|this|{}|0x3f5db28e
18:14:02.1 (14105396)|VARIABLE_SCOPE_BEGIN|[4]|num|Integer|false|false
18:14:02.1 (14112065)|VARIABLE_ASSIGNMENT|[4]|num|1
18:14:02.1 (14121568)|HEAP_ALLOCATE|[5]|Bytes:5
18:14:02.1 (14125247)|STATEMENT_EXECUTE|[4]
18:14:02.1 (14127026)|STATEMENT_EXECUTE|[5]
18:14:02.1 (14131016)|VARIABLE_SCOPE_BEGIN|[5]|name|String|false|false
18:14:02.1 (14136174)|VARIABLE_ASSIGNMENT|[5]|name|null
18:14:02.1 (14138499)|STATEMENT_EXECUTE|[6]
18:14:02.1 (14168449)|VARIABLE_SCOPE_BEGIN|[6]|http|System.Http|true|false
18:14:02.1 (14421627)|VARIABLE_ASSIGNMENT|[6]|http|"System.Http[]"|0x43280101
18:14:02.1 (14426684)|STATEMENT_EXECUTE|[7]
18:14:02.1 (14442917)|VARIABLE_SCOPE_BEGIN|[7]|req|System.HttpRequest|true|false
18:14:02.1 (14521785)|VARIABLE_ASSIGNMENT|[7]|req|"System.HttpRequest[Endpoint=null, Method=null]"|0x4d137df3
18:14:02.1 (14526871)|STATEMENT_EXECUTE|[8]
18:14:02.1 (14531495)|HEAP_ALLOCATE|[8]|Bytes:51
18:14:02.1 (14653094)|HEAP_ALLOCATE|[8]|Bytes:1
18:14:02.1 (14680802)|HEAP_ALLOCATE|[8]|Bytes:52
18:14:02.1 (14725861)|STATEMENT_EXECUTE|[9]
18:14:02.1 (14730380)|HEAP_ALLOCATE|[9]|Bytes:3
18:14:02.1 (14759651)|STATEMENT_EXECUTE|[11]
18:14:02.1 (14812028)|CALLOUT_REQUEST|[11]|System.HttpRequest[Endpoint=https://th-apex-http-callout.herokuapp.com/animals/1, Method=GET]
18:14:02.1 (274328194)|HEAP_ALLOCATE|[EXTERNAL]|Bytes:288
18:14:02.1 (274404856)|CALLOUT_RESPONSE|[11]|System.HttpResponse[Status=OK, StatusCode=200]
18:14:02.1 (274419418)|HEAP_ALLOCATE|[11]|Bytes:85
18:14:02.1 (274442506)|VARIABLE_SCOPE_BEGIN|[11]|response|System.HttpResponse|true|false
18:14:02.1 (274584766)|VARIABLE_ASSIGNMENT|[11]|response|"System.HttpResponse[Status=OK, StatusCode=200]"|0x17adc74f
18:14:02.1 (274641632)|STATEMENT_EXECUTE|[13]
18:14:02.1 (274643815)|STATEMENT_EXECUTE|[14]
18:14:02.1 (274671059)|HEAP_ALLOCATE|[14]|Bytes:79
18:14:02.1 (274714591)|HEAP_ALLOCATE|[14]|Bytes:24
18:14:02.1 (274726481)|SYSTEM_METHOD_ENTRY|[1]|JSON.JSON()
18:14:02.1 (274728945)|STATEMENT_EXECUTE|[1]
18:14:02.1 (274737325)|SYSTEM_METHOD_EXIT|[1]|JSON
18:14:02.1 (274751615)|METHOD_ENTRY|[14]||System.JSON.deserializeUntyped(String)
18:14:02.1 (275119577)|METHOD_EXIT|[14]||System.JSON.deserializeUntyped(String)
18:14:02.1 (275128803)|VARIABLE_SCOPE_BEGIN|[14]|results|Map<String,ANY>|true|false
18:14:02.1 (275159812)|VARIABLE_ASSIGNMENT|[14]|results|{"s":1,"v":{"animal":{"s":2,"v":{"id":1,"name":"chicken","eats":"chicken food","says":"cluck cluck"}}}}|0x481e29c6
18:14:02.1 (275164209)|STATEMENT_EXECUTE|[15]
18:14:02.1 (275167592)|HEAP_ALLOCATE|[15]|Bytes:6
18:14:02.1 (275210729)|VARIABLE_SCOPE_BEGIN|[15]|animal|Map<String,ANY>|true|false
18:14:02.1 (275222350)|VARIABLE_ASSIGNMENT|[15]|animal|{"s":1,"v":{"id":1,"name":"chicken","eats":"chicken food","says":"cluck cluck"}}|0x56c50868
18:14:02.1 (275224833)|STATEMENT_EXECUTE|[16]
18:14:02.1 (275262281)|USER_DEBUG|[16]|DEBUG|{eats=chicken food, id=1, name=chicken, says=cluck cluck}
18:14:02.1 (275268723)|STATEMENT_EXECUTE|[19]
18:14:02.1 (275271608)|HEAP_ALLOCATE|[19]|Bytes:6
18:14:02.1 (275282159)|METHOD_EXIT|[4]|01p4100000BOttv|animalLocator.getAnimalNameById(Integer)
18:14:02.1 (275286630)|SYSTEM_MODE_EXIT|false
18:14:02.277 (277166617)|CUMULATIVE_LIMIT_USAGE
18:14:02.277 (277166617)|LIMIT_USAGE_FOR_NS|(default)|
  Number of SOQL queries: 0 out of 100
  Number of query rows: 0 out of 50000
  Number of SOSL queries: 0 out of 20
  Number of DML statements: 0 out of 150
  Number of DML rows: 0 out of 10000
  Maximum CPU time: 0 out of 10000
  Maximum heap size: 0 out of 6000000
  Number of callouts: 1 out of 100
  Number of Email Invocations: 0 out of 10
  Number of future calls: 0 out of 50
  Number of queueable jobs added to the queue: 0 out of 50
  Number of Mobile Apex push calls: 0 out of 10

18:14:02.277 (277166617)|CUMULATIVE_LIMIT_USAGE_END

18:14:02.1 (277207410)|CODE_UNIT_FINISHED|execute_anonymous_apex
18:14:02.1 (278337837)|EXECUTION_FINISHED
